2022-01-29 19:42:03,852 INFO org.springframework.boot.StartupInfoLogger [restartedMain] Starting Application using Java 11.0.12 on JUAN-HURTADO with PID 17316 (D:\Meta-Recomendador\java-arquitectura-hexagonal\microservicio\build\classes\java\main started by juan.hurtado in D:\Meta-Recomendador\java-arquitectura-hexagonal\microservicio)
2022-01-29 19:42:03,857 INFO org.springframework.boot.SpringApplication [restartedMain] No active profile set, falling back to default profiles: default
2022-01-29 19:42:03,929 INFO org.springframework.boot.logging.DeferredLog [restartedMain] Devtools property defaults active! Set 'spring.devtools.add-properties' to 'false' to disable
2022-01-29 19:42:03,930 INFO org.springframework.boot.logging.DeferredLog [restartedMain] For additional web related logging consider setting the 'logging.level.web' property to 'DEBUG'
2022-01-29 19:42:05,706 INFO com.ulisesbocchio.jasyptspringboot.configuration.EnableEncryptablePropertiesBeanFactoryPostProcessor [restartedMain] Post-processing PropertySource instances
2022-01-29 19:42:05,771 INFO com.ulisesbocchio.jasyptspringboot.EncryptablePropertySourceConverter [restartedMain] Converting PropertySource configurationProperties [org.springframework.boot.context.properties.source.ConfigurationPropertySourcesPropertySource] to AOP Proxy
2022-01-29 19:42:05,773 INFO com.ulisesbocchio.jasyptspringboot.EncryptablePropertySourceConverter [restartedMain] Converting PropertySource servletConfigInitParams [org.springframework.core.env.PropertySource$StubPropertySource] to EncryptablePropertySourceWrapper
2022-01-29 19:42:05,774 INFO com.ulisesbocchio.jasyptspringboot.EncryptablePropertySourceConverter [restartedMain] Converting PropertySource servletContextInitParams [org.springframework.core.env.PropertySource$StubPropertySource] to EncryptablePropertySourceWrapper
2022-01-29 19:42:05,774 INFO com.ulisesbocchio.jasyptspringboot.EncryptablePropertySourceConverter [restartedMain] Converting PropertySource systemProperties [org.springframework.core.env.PropertiesPropertySource] to EncryptableMapPropertySourceWrapper
2022-01-29 19:42:05,775 INFO com.ulisesbocchio.jasyptspringboot.EncryptablePropertySourceConverter [restartedMain] Converting PropertySource systemEnvironment [org.springframework.boot.env.SystemEnvironmentPropertySourceEnvironmentPostProcessor$OriginAwareSystemEnvironmentPropertySource] to EncryptableMapPropertySourceWrapper
2022-01-29 19:42:05,775 INFO com.ulisesbocchio.jasyptspringboot.EncryptablePropertySourceConverter [restartedMain] Converting PropertySource random [org.springframework.boot.env.RandomValuePropertySource] to EncryptablePropertySourceWrapper
2022-01-29 19:42:05,775 INFO com.ulisesbocchio.jasyptspringboot.EncryptablePropertySourceConverter [restartedMain] Converting PropertySource Config resource 'class path resource [application.yaml]' via location 'optional:classpath:/' [org.springframework.boot.env.OriginTrackedMapPropertySource] to EncryptableMapPropertySourceWrapper
2022-01-29 19:42:05,777 INFO com.ulisesbocchio.jasyptspringboot.EncryptablePropertySourceConverter [restartedMain] Converting PropertySource devtools [org.springframework.core.env.MapPropertySource] to EncryptableMapPropertySourceWrapper
2022-01-29 19:42:05,800 INFO com.ulisesbocchio.jasyptspringboot.filter.DefaultLazyPropertyFilter [restartedMain] Property Filter custom Bean not found with name 'encryptablePropertyFilter'. Initializing Default Property Filter
2022-01-29 19:42:05,944 INFO com.ulisesbocchio.jasyptspringboot.resolver.DefaultLazyPropertyResolver [restartedMain] Property Resolver custom Bean not found with name 'encryptablePropertyResolver'. Initializing Default Property Resolver
2022-01-29 19:42:05,945 INFO com.ulisesbocchio.jasyptspringboot.detector.DefaultLazyPropertyDetector [restartedMain] Property Detector custom Bean not found with name 'encryptablePropertyDetector'. Initializing Default Property Detector
2022-01-29 19:42:06,648 INFO org.springframework.boot.web.embedded.tomcat.TomcatWebServer [restartedMain] Tomcat initialized with port(s): 8083 (http)
2022-01-29 19:42:06,661 INFO org.apache.juli.logging.DirectJDKLog [restartedMain] Initializing ProtocolHandler ["http-nio-8083"]
2022-01-29 19:42:06,663 INFO org.apache.juli.logging.DirectJDKLog [restartedMain] Starting service [Tomcat]
2022-01-29 19:42:06,665 INFO org.apache.juli.logging.DirectJDKLog [restartedMain] Starting Servlet engine: [Apache Tomcat/9.0.50]
2022-01-29 19:42:06,817 INFO org.apache.juli.logging.DirectJDKLog [restartedMain] Initializing Spring embedded WebApplicationContext
2022-01-29 19:42:06,818 INFO org.springframework.boot.web.servlet.context.ServletWebServerApplicationContext [restartedMain] Root WebApplicationContext: initialization completed in 2887 ms
2022-01-29 19:42:07,083 INFO com.zaxxer.hikari.HikariDataSource [restartedMain] pool - Starting...
2022-01-29 19:42:07,580 INFO com.zaxxer.hikari.HikariDataSource [restartedMain] pool - Start completed.
2022-01-29 19:42:07,610 INFO org.flywaydb.core.internal.logging.slf4j.Slf4jLog [restartedMain] Flyway Community Edition 5.2.1 by Boxfuse
2022-01-29 19:42:07,620 INFO org.flywaydb.core.internal.logging.slf4j.Slf4jLog [restartedMain] Database: jdbc:sqlserver://localhost:1433;maxResultBuffer=-1;sendTemporalDataTypesAsStringForBulkCopy=true;delayLoadingLobs=true;useFmtOnly=false;useBulkCopyForBatchInsert=false;cancelQueryTimeout=-1;sslProtocol=TLS;jaasConfigurationName=SQLJDBCDriver;statementPoolingCacheSize=0;serverPreparedStatementDiscardThreshold=10;enablePrepareOnFirstPreparedStatementCall=false;fips=false;socketTimeout=0;authentication=NotSpecified;authenticationScheme=nativeAuthentication;xopenStates=false;sendTimeAsDatetime=true;trustStoreType=JKS;trustServerCertificate=false;TransparentNetworkIPResolution=true;serverNameAsACE=false;sendStringParametersAsUnicode=true;selectMethod=direct;responseBuffering=adaptive;queryTimeout=-1;packetSize=8000;multiSubnetFailover=false;loginTimeout=30;lockTimeout=-1;lastUpdateCount=true;encrypt=false;disableStatementPooling=true;databaseName=recomendadordb;columnEncryptionSetting=Disabled;applicationName=Microsoft JDBC Driver for SQL Server;applicationIntent=readwrite; (Microsoft SQL Server 15.0)
2022-01-29 19:42:07,654 WARN org.flywaydb.core.internal.logging.slf4j.Slf4jLog [restartedMain] Flyway upgrade recommended: SQL Server 15.0 is newer than this version of Flyway and support has not been tested.
2022-01-29 19:42:07,729 INFO org.flywaydb.core.internal.logging.slf4j.Slf4jLog [restartedMain] Successfully validated 1 migration (execution time 00:00.033s)
2022-01-29 19:42:07,746 INFO org.flywaydb.core.internal.logging.slf4j.Slf4jLog [restartedMain] Current version of schema [dbo]: 1.0
2022-01-29 19:42:07,750 INFO org.flywaydb.core.internal.logging.slf4j.Slf4jLog [restartedMain] Schema [dbo] is up to date. No migration necessary.
2022-01-29 19:42:08,270 INFO org.springframework.boot.actuate.endpoint.web.EndpointLinksResolver [restartedMain] Exposing 1 endpoint(s) beneath base path '/actuator'
2022-01-29 19:42:08,354 INFO springfox.documentation.spring.web.PropertySourcedRequestMappingHandlerMapping [restartedMain] Mapped URL path [/v2/api-docs] onto method [springfox.documentation.swagger2.web.Swagger2Controller#getDocumentation(String, HttpServletRequest)]
2022-01-29 19:42:08,442 INFO org.springframework.boot.devtools.autoconfigure.OptionalLiveReloadServer [restartedMain] LiveReload server is running on port 35729
2022-01-29 19:42:08,625 INFO org.apache.juli.logging.DirectJDKLog [restartedMain] Starting ProtocolHandler ["http-nio-8083"]
2022-01-29 19:42:08,640 INFO org.springframework.boot.web.embedded.tomcat.TomcatWebServer [restartedMain] Tomcat started on port(s): 8083 (http) with context path '/meta-recomendador'
2022-01-29 19:42:08,641 INFO springfox.documentation.spring.web.plugins.DocumentationPluginsBootstrapper [restartedMain] Context refreshed
2022-01-29 19:42:08,661 INFO springfox.documentation.spring.web.plugins.DocumentationPluginsBootstrapper [restartedMain] Found 1 custom documentation plugin(s)
2022-01-29 19:42:08,697 INFO springfox.documentation.spring.web.scanners.ApiListingReferenceScanner [restartedMain] Scanning for api listing references
2022-01-29 19:42:08,838 INFO springfox.documentation.spring.web.readers.operation.CachingOperationNameGenerator [restartedMain] Generating unique operation named: crearUsingPOST_1
2022-01-29 19:42:08,845 INFO springfox.documentation.spring.web.readers.operation.CachingOperationNameGenerator [restartedMain] Generating unique operation named: actualizarUsingPUT_1
2022-01-29 19:42:08,853 INFO springfox.documentation.spring.web.readers.operation.CachingOperationNameGenerator [restartedMain] Generating unique operation named: crearUsingPOST_2
2022-01-29 19:42:08,861 INFO springfox.documentation.spring.web.readers.operation.CachingOperationNameGenerator [restartedMain] Generating unique operation named: listarUsingGET_1
2022-01-29 19:42:08,869 INFO springfox.documentation.spring.web.readers.operation.CachingOperationNameGenerator [restartedMain] Generating unique operation named: listarUsingGET_2
2022-01-29 19:42:08,895 INFO org.springframework.boot.StartupInfoLogger [restartedMain] Started Application in 5.716 seconds (JVM running for 6.482)
2022-01-29 19:46:02,498 INFO org.apache.juli.logging.DirectJDKLog [http-nio-8083-exec-2] Initializing Spring DispatcherServlet 'dispatcherServlet'
2022-01-29 19:46:02,499 INFO org.springframework.web.servlet.FrameworkServlet [http-nio-8083-exec-2] Initializing Servlet 'dispatcherServlet'
2022-01-29 19:46:02,503 INFO org.springframework.web.servlet.FrameworkServlet [http-nio-8083-exec-2] Completed initialization in 3 ms
2022-01-29 20:29:13,645 WARN com.zaxxer.hikari.pool.HikariPool$HouseKeeper [pool housekeeper] pool - Thread starvation or clock leap detected (housekeeper delta=8m5s226ms112µs900ns).
2022-01-29 21:27:33,139 WARN com.zaxxer.hikari.pool.HikariPool$HouseKeeper [pool housekeeper] pool - Thread starvation or clock leap detected (housekeeper delta=12m17s488ms402µs300ns).
2022-01-29 22:15:03,013 WARN com.zaxxer.hikari.pool.HikariPool$HouseKeeper [pool housekeeper] pool - Thread starvation or clock leap detected (housekeeper delta=1m59s90ms104µs600ns).
