2021-12-20 22:55:04,584 INFO org.springframework.boot.StartupInfoLogger [restartedMain] Starting Application using Java 11.0.12 on JUAN-HURTADO with PID 6884 (D:\Meta-Recomendador\java-arquitectura-hexagonal\microservicio\build\classes\java\main started by juan.hurtado in D:\Meta-Recomendador\java-arquitectura-hexagonal\microservicio)
2021-12-20 22:55:04,602 INFO org.springframework.boot.SpringApplication [restartedMain] No active profile set, falling back to default profiles: default
2021-12-20 22:55:04,826 INFO org.springframework.boot.logging.DeferredLog [restartedMain] Devtools property defaults active! Set 'spring.devtools.add-properties' to 'false' to disable
2021-12-20 22:55:04,829 INFO org.springframework.boot.logging.DeferredLog [restartedMain] For additional web related logging consider setting the 'logging.level.web' property to 'DEBUG'
2021-12-20 22:55:08,508 INFO com.ulisesbocchio.jasyptspringboot.configuration.EnableEncryptablePropertiesBeanFactoryPostProcessor [restartedMain] Post-processing PropertySource instances
2021-12-20 22:55:08,634 INFO com.ulisesbocchio.jasyptspringboot.EncryptablePropertySourceConverter [restartedMain] Converting PropertySource configurationProperties [org.springframework.boot.context.properties.source.ConfigurationPropertySourcesPropertySource] to AOP Proxy
2021-12-20 22:55:08,637 INFO com.ulisesbocchio.jasyptspringboot.EncryptablePropertySourceConverter [restartedMain] Converting PropertySource servletConfigInitParams [org.springframework.core.env.PropertySource$StubPropertySource] to EncryptablePropertySourceWrapper
2021-12-20 22:55:08,637 INFO com.ulisesbocchio.jasyptspringboot.EncryptablePropertySourceConverter [restartedMain] Converting PropertySource servletContextInitParams [org.springframework.core.env.PropertySource$StubPropertySource] to EncryptablePropertySourceWrapper
2021-12-20 22:55:08,638 INFO com.ulisesbocchio.jasyptspringboot.EncryptablePropertySourceConverter [restartedMain] Converting PropertySource systemProperties [org.springframework.core.env.PropertiesPropertySource] to EncryptableMapPropertySourceWrapper
2021-12-20 22:55:08,638 INFO com.ulisesbocchio.jasyptspringboot.EncryptablePropertySourceConverter [restartedMain] Converting PropertySource systemEnvironment [org.springframework.boot.env.SystemEnvironmentPropertySourceEnvironmentPostProcessor$OriginAwareSystemEnvironmentPropertySource] to EncryptableMapPropertySourceWrapper
2021-12-20 22:55:08,639 INFO com.ulisesbocchio.jasyptspringboot.EncryptablePropertySourceConverter [restartedMain] Converting PropertySource random [org.springframework.boot.env.RandomValuePropertySource] to EncryptablePropertySourceWrapper
2021-12-20 22:55:08,639 INFO com.ulisesbocchio.jasyptspringboot.EncryptablePropertySourceConverter [restartedMain] Converting PropertySource Config resource 'class path resource [application.yaml]' via location 'optional:classpath:/' [org.springframework.boot.env.OriginTrackedMapPropertySource] to EncryptableMapPropertySourceWrapper
2021-12-20 22:55:08,639 INFO com.ulisesbocchio.jasyptspringboot.EncryptablePropertySourceConverter [restartedMain] Converting PropertySource devtools [org.springframework.core.env.MapPropertySource] to EncryptableMapPropertySourceWrapper
2021-12-20 22:55:08,702 INFO com.ulisesbocchio.jasyptspringboot.filter.DefaultLazyPropertyFilter [restartedMain] Property Filter custom Bean not found with name 'encryptablePropertyFilter'. Initializing Default Property Filter
2021-12-20 22:55:09,038 INFO com.ulisesbocchio.jasyptspringboot.resolver.DefaultLazyPropertyResolver [restartedMain] Property Resolver custom Bean not found with name 'encryptablePropertyResolver'. Initializing Default Property Resolver
2021-12-20 22:55:09,043 INFO com.ulisesbocchio.jasyptspringboot.detector.DefaultLazyPropertyDetector [restartedMain] Property Detector custom Bean not found with name 'encryptablePropertyDetector'. Initializing Default Property Detector
2021-12-20 22:55:10,445 INFO org.springframework.boot.web.embedded.tomcat.TomcatWebServer [restartedMain] Tomcat initialized with port(s): 8083 (http)
2021-12-20 22:55:10,472 INFO org.apache.juli.logging.DirectJDKLog [restartedMain] Initializing ProtocolHandler ["http-nio-8083"]
2021-12-20 22:55:10,474 INFO org.apache.juli.logging.DirectJDKLog [restartedMain] Starting service [Tomcat]
2021-12-20 22:55:10,476 INFO org.apache.juli.logging.DirectJDKLog [restartedMain] Starting Servlet engine: [Apache Tomcat/9.0.50]
2021-12-20 22:55:10,742 INFO org.apache.juli.logging.DirectJDKLog [restartedMain] Initializing Spring embedded WebApplicationContext
2021-12-20 22:55:10,743 INFO org.springframework.boot.web.servlet.context.ServletWebServerApplicationContext [restartedMain] Root WebApplicationContext: initialization completed in 5895 ms
2021-12-20 22:55:11,400 INFO com.zaxxer.hikari.HikariDataSource [restartedMain] pool - Starting...
2021-12-20 22:55:12,409 INFO com.zaxxer.hikari.HikariDataSource [restartedMain] pool - Start completed.
2021-12-20 22:55:12,628 INFO org.flywaydb.core.internal.logging.slf4j.Slf4jLog [restartedMain] Flyway Community Edition 5.2.1 by Boxfuse
2021-12-20 22:55:12,677 INFO org.flywaydb.core.internal.logging.slf4j.Slf4jLog [restartedMain] Database: jdbc:sqlserver://localhost:1433;maxResultBuffer=-1;sendTemporalDataTypesAsStringForBulkCopy=true;delayLoadingLobs=true;useFmtOnly=false;useBulkCopyForBatchInsert=false;cancelQueryTimeout=-1;sslProtocol=TLS;jaasConfigurationName=SQLJDBCDriver;statementPoolingCacheSize=0;serverPreparedStatementDiscardThreshold=10;enablePrepareOnFirstPreparedStatementCall=false;fips=false;socketTimeout=0;authentication=NotSpecified;authenticationScheme=nativeAuthentication;xopenStates=false;sendTimeAsDatetime=true;trustStoreType=JKS;trustServerCertificate=false;TransparentNetworkIPResolution=true;serverNameAsACE=false;sendStringParametersAsUnicode=true;selectMethod=direct;responseBuffering=adaptive;queryTimeout=-1;packetSize=8000;multiSubnetFailover=false;loginTimeout=30;lockTimeout=-1;lastUpdateCount=true;encrypt=false;disableStatementPooling=true;databaseName=recomendadordb;columnEncryptionSetting=Disabled;applicationName=Microsoft JDBC Driver for SQL Server;applicationIntent=readwrite; (Microsoft SQL Server 15.0)
2021-12-20 22:55:12,810 WARN org.flywaydb.core.internal.logging.slf4j.Slf4jLog [restartedMain] Flyway upgrade recommended: SQL Server 15.0 is newer than this version of Flyway and support has not been tested.
2021-12-20 22:55:13,476 INFO org.flywaydb.core.internal.logging.slf4j.Slf4jLog [restartedMain] Successfully validated 1 migration (execution time 00:00.280s)
2021-12-20 22:55:13,773 INFO org.flywaydb.core.internal.logging.slf4j.Slf4jLog [restartedMain] Creating Schema History table: [recomendadordb].[dbo].[flyway_schema_history]
2021-12-20 22:55:13,932 INFO org.flywaydb.core.internal.logging.slf4j.Slf4jLog [restartedMain] Current version of schema [dbo]: << Empty Schema >>
2021-12-20 22:55:13,935 INFO org.flywaydb.core.internal.logging.slf4j.Slf4jLog [restartedMain] Migrating schema [dbo] to version 1.0 - schema
2021-12-20 22:55:14,026 ERROR org.flywaydb.core.internal.logging.slf4j.Slf4jLog [restartedMain] Migration of schema [dbo] to version 1.0 - schema failed! Changes successfully rolled back.
2021-12-20 22:55:14,100 WARN org.springframework.context.support.AbstractApplicationContext [restartedMain] Exception encountered during context initialization - cancelling refresh attempt: org.springframework.beans.factory.UnsatisfiedDependencyException: Error creating bean with name 'daoBusquedaMysql' defined in URL [jar:file:/D:/Meta-Recomendador/java-arquitectura-hexagonal/microservicio/infraestructura/build/libs/infraestructura-0.0.1-SNAPSHOT.jar!/com/ceiba/busqueda/adaptador/dao/DaoBusquedaMysql.class]: Unsatisfied dependency expressed through constructor parameter 0; nested exception is org.springframework.beans.factory.UnsatisfiedDependencyException: Error creating bean with name 'customNamedParameterJdbcTemplate' defined in URL [jar:file:/D:/Meta-Recomendador/java-arquitectura-hexagonal/comun/comun-infraestructura/build/libs/comun-infraestructura-0.0.1-SNAPSHOT.jar!/com/ceiba/infraestructura/jdbc/CustomNamedParameterJdbcTemplate.class]: Unsatisfied dependency expressed through constructor parameter 0; nested exception is org.springframework.beans.factory.BeanCreationException: Error creating bean with name 'flywayInitializer' defined in class path resource [org/springframework/boot/autoconfigure/flyway/FlywayAutoConfiguration$FlywayConfiguration.class]: Invocation of init method failed; nested exception is java.lang.reflect.InvocationTargetException
2021-12-20 22:55:14,101 INFO com.zaxxer.hikari.HikariDataSource [restartedMain] pool - Shutdown initiated...
2021-12-20 22:55:14,128 INFO com.zaxxer.hikari.HikariDataSource [restartedMain] pool - Shutdown completed.
2021-12-20 22:55:14,138 INFO org.apache.juli.logging.DirectJDKLog [restartedMain] Stopping service [Tomcat]
2021-12-20 22:55:14,183 INFO org.springframework.boot.autoconfigure.logging.ConditionEvaluationReportLoggingListener [restartedMain] 

Error starting ApplicationContext. To display the conditions report re-run your application with 'debug' enabled.
2021-12-20 22:55:14,239 ERROR org.springframework.boot.SpringApplication [restartedMain] Application run failed
org.springframework.beans.factory.UnsatisfiedDependencyException: Error creating bean with name 'daoBusquedaMysql' defined in URL [jar:file:/D:/Meta-Recomendador/java-arquitectura-hexagonal/microservicio/infraestructura/build/libs/infraestructura-0.0.1-SNAPSHOT.jar!/com/ceiba/busqueda/adaptador/dao/DaoBusquedaMysql.class]: Unsatisfied dependency expressed through constructor parameter 0; nested exception is org.springframework.beans.factory.UnsatisfiedDependencyException: Error creating bean with name 'customNamedParameterJdbcTemplate' defined in URL [jar:file:/D:/Meta-Recomendador/java-arquitectura-hexagonal/comun/comun-infraestructura/build/libs/comun-infraestructura-0.0.1-SNAPSHOT.jar!/com/ceiba/infraestructura/jdbc/CustomNamedParameterJdbcTemplate.class]: Unsatisfied dependency expressed through constructor parameter 0; nested exception is org.springframework.beans.factory.BeanCreationException: Error creating bean with name 'flywayInitializer' defined in class path resource [org/springframework/boot/autoconfigure/flyway/FlywayAutoConfiguration$FlywayConfiguration.class]: Invocation of init method failed; nested exception is java.lang.reflect.InvocationTargetException
	at org.springframework.beans.factory.support.ConstructorResolver.createArgumentArray(ConstructorResolver.java:800)
	at org.springframework.beans.factory.support.ConstructorResolver.autowireConstructor(ConstructorResolver.java:229)
	at org.springframework.beans.factory.support.AbstractAutowireCapableBeanFactory.autowireConstructor(AbstractAutowireCapableBeanFactory.java:1354)
	at org.springframework.beans.factory.support.AbstractAutowireCapableBeanFactory.createBeanInstance(AbstractAutowireCapableBeanFactory.java:1204)
	at org.springframework.beans.factory.support.AbstractAutowireCapableBeanFactory.doCreateBean(AbstractAutowireCapableBeanFactory.java:564)
	at org.springframework.beans.factory.support.AbstractAutowireCapableBeanFactory.createBean(AbstractAutowireCapableBeanFactory.java:524)
	at org.springframework.beans.factory.support.AbstractBeanFactory.lambda$doGetBean$0(AbstractBeanFactory.java:335)
	at org.springframework.beans.factory.support.DefaultSingletonBeanRegistry.getSingleton(DefaultSingletonBeanRegistry.java:234)
	at org.springframework.beans.factory.support.AbstractBeanFactory.doGetBean(AbstractBeanFactory.java:333)
	at org.springframework.beans.factory.support.AbstractBeanFactory.getBean(AbstractBeanFactory.java:208)
	at org.springframework.beans.factory.support.DefaultListableBeanFactory.preInstantiateSingletons(DefaultListableBeanFactory.java:944)
	at org.springframework.context.support.AbstractApplicationContext.finishBeanFactoryInitialization(AbstractApplicationContext.java:918)
	at org.springframework.context.support.AbstractApplicationContext.refresh(AbstractApplicationContext.java:583)
	at org.springframework.boot.web.servlet.context.ServletWebServerApplicationContext.refresh(ServletWebServerApplicationContext.java:145)
	at org.springframework.boot.SpringApplication.refresh(SpringApplication.java:754)
	at org.springframework.boot.SpringApplication.refreshContext(SpringApplication.java:434)
	at org.springframework.boot.SpringApplication.run(SpringApplication.java:338)
	at org.springframework.boot.SpringApplication.run(SpringApplication.java:1343)
	at org.springframework.boot.SpringApplication.run(SpringApplication.java:1332)
	at com.ceiba.Application.main(Application.java:11)
	at java.base/jdk.internal.reflect.NativeMethodAccessorImpl.invoke0(Native Method)
	at java.base/jdk.internal.reflect.NativeMethodAccessorImpl.invoke(NativeMethodAccessorImpl.java:62)
	at java.base/jdk.internal.reflect.DelegatingMethodAccessorImpl.invoke(DelegatingMethodAccessorImpl.java:43)
	at java.base/java.lang.reflect.Method.invoke(Method.java:566)
	at org.springframework.boot.devtools.restart.RestartLauncher.run(RestartLauncher.java:49)
Caused by: org.springframework.beans.factory.UnsatisfiedDependencyException: Error creating bean with name 'customNamedParameterJdbcTemplate' defined in URL [jar:file:/D:/Meta-Recomendador/java-arquitectura-hexagonal/comun/comun-infraestructura/build/libs/comun-infraestructura-0.0.1-SNAPSHOT.jar!/com/ceiba/infraestructura/jdbc/CustomNamedParameterJdbcTemplate.class]: Unsatisfied dependency expressed through constructor parameter 0; nested exception is org.springframework.beans.factory.BeanCreationException: Error creating bean with name 'flywayInitializer' defined in class path resource [org/springframework/boot/autoconfigure/flyway/FlywayAutoConfiguration$FlywayConfiguration.class]: Invocation of init method failed; nested exception is java.lang.reflect.InvocationTargetException
	at org.springframework.beans.factory.support.ConstructorResolver.createArgumentArray(ConstructorResolver.java:800)
	at org.springframework.beans.factory.support.ConstructorResolver.autowireConstructor(ConstructorResolver.java:229)
	at org.springframework.beans.factory.support.AbstractAutowireCapableBeanFactory.autowireConstructor(AbstractAutowireCapableBeanFactory.java:1354)
	at org.springframework.beans.factory.support.AbstractAutowireCapableBeanFactory.createBeanInstance(AbstractAutowireCapableBeanFactory.java:1204)
	at org.springframework.beans.factory.support.AbstractAutowireCapableBeanFactory.doCreateBean(AbstractAutowireCapableBeanFactory.java:564)
	at org.springframework.beans.factory.support.AbstractAutowireCapableBeanFactory.createBean(AbstractAutowireCapableBeanFactory.java:524)
	at org.springframework.beans.factory.support.AbstractBeanFactory.lambda$doGetBean$0(AbstractBeanFactory.java:335)
	at org.springframework.beans.factory.support.DefaultSingletonBeanRegistry.getSingleton(DefaultSingletonBeanRegistry.java:234)
	at org.springframework.beans.factory.support.AbstractBeanFactory.doGetBean(AbstractBeanFactory.java:333)
	at org.springframework.beans.factory.support.AbstractBeanFactory.getBean(AbstractBeanFactory.java:208)
	at org.springframework.beans.factory.config.DependencyDescriptor.resolveCandidate(DependencyDescriptor.java:276)
	at org.springframework.beans.factory.support.DefaultListableBeanFactory.doResolveDependency(DefaultListableBeanFactory.java:1380)
	at org.springframework.beans.factory.support.DefaultListableBeanFactory.resolveDependency(DefaultListableBeanFactory.java:1300)
	at org.springframework.beans.factory.support.ConstructorResolver.resolveAutowiredArgument(ConstructorResolver.java:887)
	at org.springframework.beans.factory.support.ConstructorResolver.createArgumentArray(ConstructorResolver.java:791)
	... 24 common frames omitted
Caused by: org.springframework.beans.factory.BeanCreationException: Error creating bean with name 'flywayInitializer' defined in class path resource [org/springframework/boot/autoconfigure/flyway/FlywayAutoConfiguration$FlywayConfiguration.class]: Invocation of init method failed; nested exception is java.lang.reflect.InvocationTargetException
	at org.springframework.beans.factory.support.AbstractAutowireCapableBeanFactory.initializeBean(AbstractAutowireCapableBeanFactory.java:1786)
	at org.springframework.beans.factory.support.AbstractAutowireCapableBeanFactory.doCreateBean(AbstractAutowireCapableBeanFactory.java:602)
	at org.springframework.beans.factory.support.AbstractAutowireCapableBeanFactory.createBean(AbstractAutowireCapableBeanFactory.java:524)
	at org.springframework.beans.factory.support.AbstractBeanFactory.lambda$doGetBean$0(AbstractBeanFactory.java:335)
	at org.springframework.beans.factory.support.DefaultSingletonBeanRegistry.getSingleton(DefaultSingletonBeanRegistry.java:234)
	at org.springframework.beans.factory.support.AbstractBeanFactory.doGetBean(AbstractBeanFactory.java:333)
	at org.springframework.beans.factory.support.AbstractBeanFactory.getBean(AbstractBeanFactory.java:208)
	at org.springframework.beans.factory.support.AbstractBeanFactory.doGetBean(AbstractBeanFactory.java:322)
	at org.springframework.beans.factory.support.AbstractBeanFactory.getBean(AbstractBeanFactory.java:208)
	at org.springframework.beans.factory.config.DependencyDescriptor.resolveCandidate(DependencyDescriptor.java:276)
	at org.springframework.beans.factory.support.DefaultListableBeanFactory.doResolveDependency(DefaultListableBeanFactory.java:1380)
	at org.springframework.beans.factory.support.DefaultListableBeanFactory.resolveDependency(DefaultListableBeanFactory.java:1300)
	at org.springframework.beans.factory.support.ConstructorResolver.resolveAutowiredArgument(ConstructorResolver.java:887)
	at org.springframework.beans.factory.support.ConstructorResolver.createArgumentArray(ConstructorResolver.java:791)
	... 38 common frames omitted
Caused by: java.lang.reflect.InvocationTargetException: null
	at java.base/jdk.internal.reflect.NativeMethodAccessorImpl.invoke0(Native Method)
	at java.base/jdk.internal.reflect.NativeMethodAccessorImpl.invoke(NativeMethodAccessorImpl.java:62)
	at java.base/jdk.internal.reflect.DelegatingMethodAccessorImpl.invoke(DelegatingMethodAccessorImpl.java:43)
	at java.base/java.lang.reflect.Method.invoke(Method.java:566)
	at org.springframework.boot.autoconfigure.flyway.FlywayMigrationInitializer.afterPropertiesSet(FlywayMigrationInitializer.java:70)
	at org.springframework.beans.factory.support.AbstractAutowireCapableBeanFactory.invokeInitMethods(AbstractAutowireCapableBeanFactory.java:1845)
	at org.springframework.beans.factory.support.AbstractAutowireCapableBeanFactory.initializeBean(AbstractAutowireCapableBeanFactory.java:1782)
	... 51 common frames omitted
Caused by: org.flywaydb.core.internal.command.DbMigrate$FlywayMigrateException: 
Migration V1.0__schema.sql failed
---------------------------------
SQL State  : S0000
Error Code : 8110
Message    : Cannot add multiple PRIMARY KEY constraints to table 'usuario'.
Location   : db/migration/DDL/V1.0__schema.sql (D:\Meta-Recomendador\java-arquitectura-hexagonal\microservicio\build\resources\main\db\migration\DDL\V1.0__schema.sql)
Line       : 1
Statement  : create table usuario (
 id int NOT NULL PRIMARY KEY,
 nombre varchar(100) not null,
 clave varchar(45) not null,
 correo varchar(45) not null,
 genero varchar(45) not null,
 edad int(11) not null,
 fecha_creacion date null,
 primary key (id)
);

create table preferencia (
   id int NOT NULL PRIMARY KEY,
   id_usuario int(11) not null,
   menor_precio int(11),
   valoracion_vendedor int(11),
   envio_gratis int(11),
   producto_nuevo int(11),
   tienda_oficial int(11),
   primary key (id)
);

create table busqueda (
    id int NOT NULL PRIMARY KEY,
    id_usuario int(11),
    palabra_buscada varchar(200) not null,
    categoria varchar(200),
    primary key (id)
);

	at org.flywaydb.core.internal.command.DbMigrate.doMigrateGroup(DbMigrate.java:370)
	at org.flywaydb.core.internal.command.DbMigrate.access$200(DbMigrate.java:54)
	at org.flywaydb.core.internal.command.DbMigrate$3.call(DbMigrate.java:284)
	at org.flywaydb.core.internal.jdbc.TransactionTemplate.execute(TransactionTemplate.java:74)
	at org.flywaydb.core.internal.command.DbMigrate.applyMigrations(DbMigrate.java:281)
	at org.flywaydb.core.internal.command.DbMigrate.migrateGroup(DbMigrate.java:246)
	at org.flywaydb.core.internal.command.DbMigrate.access$100(DbMigrate.java:54)
	at org.flywaydb.core.internal.command.DbMigrate$2.call(DbMigrate.java:164)
	at org.flywaydb.core.internal.command.DbMigrate$2.call(DbMigrate.java:161)
	at org.flywaydb.core.internal.database.sqlserver.SQLServerApplicationLockTemplate.execute(SQLServerApplicationLockTemplate.java:62)
	at org.flywaydb.core.internal.database.sqlserver.SQLServerConnection.lock(SQLServerConnection.java:85)
	at org.flywaydb.core.internal.schemahistory.JdbcTableSchemaHistory.lock(JdbcTableSchemaHistory.java:155)
	at org.flywaydb.core.internal.command.DbMigrate.migrateAll(DbMigrate.java:161)
	at org.flywaydb.core.internal.command.DbMigrate.migrate(DbMigrate.java:139)
	at org.flywaydb.core.Flyway$1.execute(Flyway.java:1380)
	at org.flywaydb.core.Flyway$1.execute(Flyway.java:1341)
	at org.flywaydb.core.Flyway.execute(Flyway.java:1696)
	at org.flywaydb.core.Flyway.migrate(Flyway.java:1341)
	... 58 common frames omitted
Caused by: org.flywaydb.core.internal.sqlscript.FlywaySqlScriptException: 
Migration V1.0__schema.sql failed
---------------------------------
SQL State  : S0000
Error Code : 8110
Message    : Cannot add multiple PRIMARY KEY constraints to table 'usuario'.
Location   : db/migration/DDL/V1.0__schema.sql (D:\Meta-Recomendador\java-arquitectura-hexagonal\microservicio\build\resources\main\db\migration\DDL\V1.0__schema.sql)
Line       : 1
Statement  : create table usuario (
 id int NOT NULL PRIMARY KEY,
 nombre varchar(100) not null,
 clave varchar(45) not null,
 correo varchar(45) not null,
 genero varchar(45) not null,
 edad int(11) not null,
 fecha_creacion date null,
 primary key (id)
);

create table preferencia (
   id int NOT NULL PRIMARY KEY,
   id_usuario int(11) not null,
   menor_precio int(11),
   valoracion_vendedor int(11),
   envio_gratis int(11),
   producto_nuevo int(11),
   tienda_oficial int(11),
   primary key (id)
);

create table busqueda (
    id int NOT NULL PRIMARY KEY,
    id_usuario int(11),
    palabra_buscada varchar(200) not null,
    categoria varchar(200),
    primary key (id)
);

	at org.flywaydb.core.internal.sqlscript.DefaultSqlScriptExecutor.handleException(DefaultSqlScriptExecutor.java:249)
	at org.flywaydb.core.internal.sqlscript.DefaultSqlScriptExecutor.executeStatement(DefaultSqlScriptExecutor.java:202)
	at org.flywaydb.core.internal.sqlscript.DefaultSqlScriptExecutor.execute(DefaultSqlScriptExecutor.java:125)
	at org.flywaydb.core.internal.resolver.sql.SqlMigrationExecutor.execute(SqlMigrationExecutor.java:77)
	at org.flywaydb.core.internal.command.DbMigrate.doMigrateGroup(DbMigrate.java:367)
	... 75 common frames omitted
Caused by: com.microsoft.sqlserver.jdbc.SQLServerException: Cannot add multiple PRIMARY KEY constraints to table 'usuario'.
	at com.microsoft.sqlserver.jdbc.SQLServerException.makeFromDatabaseError(SQLServerException.java:262)
	at com.microsoft.sqlserver.jdbc.SQLServerStatement.getNextResult(SQLServerStatement.java:1632)
	at com.microsoft.sqlserver.jdbc.SQLServerStatement.doExecuteStatement(SQLServerStatement.java:872)
	at com.microsoft.sqlserver.jdbc.SQLServerStatement$StmtExecCmd.doExecute(SQLServerStatement.java:767)
	at com.microsoft.sqlserver.jdbc.TDSCommand.execute(IOBuffer.java:7418)
	at com.microsoft.sqlserver.jdbc.SQLServerConnection.executeCommand(SQLServerConnection.java:3272)
	at com.microsoft.sqlserver.jdbc.SQLServerStatement.executeCommand(SQLServerStatement.java:247)
	at com.microsoft.sqlserver.jdbc.SQLServerStatement.executeStatement(SQLServerStatement.java:222)
	at com.microsoft.sqlserver.jdbc.SQLServerStatement.execute(SQLServerStatement.java:743)
	at com.zaxxer.hikari.pool.ProxyStatement.execute(ProxyStatement.java:94)
	at com.zaxxer.hikari.pool.HikariProxyStatement.execute(HikariProxyStatement.java)
	at org.flywaydb.core.internal.jdbc.JdbcTemplate.executeStatement(JdbcTemplate.java:235)
	at org.flywaydb.core.internal.sqlscript.StandardSqlStatement.execute(StandardSqlStatement.java:42)
	at org.flywaydb.core.internal.sqlscript.DefaultSqlScriptExecutor.executeStatement(DefaultSqlScriptExecutor.java:189)
	... 78 common frames omitted
2021-12-20 22:57:27,096 INFO org.springframework.boot.StartupInfoLogger [restartedMain] Starting Application using Java 11.0.12 on JUAN-HURTADO with PID 18408 (D:\Meta-Recomendador\java-arquitectura-hexagonal\microservicio\build\classes\java\main started by juan.hurtado in D:\Meta-Recomendador\java-arquitectura-hexagonal\microservicio)
2021-12-20 22:57:27,100 INFO org.springframework.boot.SpringApplication [restartedMain] No active profile set, falling back to default profiles: default
2021-12-20 22:57:27,209 INFO org.springframework.boot.logging.DeferredLog [restartedMain] Devtools property defaults active! Set 'spring.devtools.add-properties' to 'false' to disable
2021-12-20 22:57:27,210 INFO org.springframework.boot.logging.DeferredLog [restartedMain] For additional web related logging consider setting the 'logging.level.web' property to 'DEBUG'
2021-12-20 22:57:29,715 INFO com.ulisesbocchio.jasyptspringboot.configuration.EnableEncryptablePropertiesBeanFactoryPostProcessor [restartedMain] Post-processing PropertySource instances
2021-12-20 22:57:29,842 INFO com.ulisesbocchio.jasyptspringboot.EncryptablePropertySourceConverter [restartedMain] Converting PropertySource configurationProperties [org.springframework.boot.context.properties.source.ConfigurationPropertySourcesPropertySource] to AOP Proxy
2021-12-20 22:57:29,844 INFO com.ulisesbocchio.jasyptspringboot.EncryptablePropertySourceConverter [restartedMain] Converting PropertySource servletConfigInitParams [org.springframework.core.env.PropertySource$StubPropertySource] to EncryptablePropertySourceWrapper
2021-12-20 22:57:29,844 INFO com.ulisesbocchio.jasyptspringboot.EncryptablePropertySourceConverter [restartedMain] Converting PropertySource servletContextInitParams [org.springframework.core.env.PropertySource$StubPropertySource] to EncryptablePropertySourceWrapper
2021-12-20 22:57:29,844 INFO com.ulisesbocchio.jasyptspringboot.EncryptablePropertySourceConverter [restartedMain] Converting PropertySource systemProperties [org.springframework.core.env.PropertiesPropertySource] to EncryptableMapPropertySourceWrapper
2021-12-20 22:57:29,845 INFO com.ulisesbocchio.jasyptspringboot.EncryptablePropertySourceConverter [restartedMain] Converting PropertySource systemEnvironment [org.springframework.boot.env.SystemEnvironmentPropertySourceEnvironmentPostProcessor$OriginAwareSystemEnvironmentPropertySource] to EncryptableMapPropertySourceWrapper
2021-12-20 22:57:29,846 INFO com.ulisesbocchio.jasyptspringboot.EncryptablePropertySourceConverter [restartedMain] Converting PropertySource random [org.springframework.boot.env.RandomValuePropertySource] to EncryptablePropertySourceWrapper
2021-12-20 22:57:29,846 INFO com.ulisesbocchio.jasyptspringboot.EncryptablePropertySourceConverter [restartedMain] Converting PropertySource Config resource 'class path resource [application.yaml]' via location 'optional:classpath:/' [org.springframework.boot.env.OriginTrackedMapPropertySource] to EncryptableMapPropertySourceWrapper
2021-12-20 22:57:29,846 INFO com.ulisesbocchio.jasyptspringboot.EncryptablePropertySourceConverter [restartedMain] Converting PropertySource devtools [org.springframework.core.env.MapPropertySource] to EncryptableMapPropertySourceWrapper
2021-12-20 22:57:29,895 INFO com.ulisesbocchio.jasyptspringboot.filter.DefaultLazyPropertyFilter [restartedMain] Property Filter custom Bean not found with name 'encryptablePropertyFilter'. Initializing Default Property Filter
2021-12-20 22:57:30,141 INFO com.ulisesbocchio.jasyptspringboot.resolver.DefaultLazyPropertyResolver [restartedMain] Property Resolver custom Bean not found with name 'encryptablePropertyResolver'. Initializing Default Property Resolver
2021-12-20 22:57:30,144 INFO com.ulisesbocchio.jasyptspringboot.detector.DefaultLazyPropertyDetector [restartedMain] Property Detector custom Bean not found with name 'encryptablePropertyDetector'. Initializing Default Property Detector
2021-12-20 22:57:31,079 INFO org.springframework.boot.web.embedded.tomcat.TomcatWebServer [restartedMain] Tomcat initialized with port(s): 8083 (http)
2021-12-20 22:57:31,094 INFO org.apache.juli.logging.DirectJDKLog [restartedMain] Initializing ProtocolHandler ["http-nio-8083"]
2021-12-20 22:57:31,095 INFO org.apache.juli.logging.DirectJDKLog [restartedMain] Starting service [Tomcat]
2021-12-20 22:57:31,095 INFO org.apache.juli.logging.DirectJDKLog [restartedMain] Starting Servlet engine: [Apache Tomcat/9.0.50]
2021-12-20 22:57:31,285 INFO org.apache.juli.logging.DirectJDKLog [restartedMain] Initializing Spring embedded WebApplicationContext
2021-12-20 22:57:31,287 INFO org.springframework.boot.web.servlet.context.ServletWebServerApplicationContext [restartedMain] Root WebApplicationContext: initialization completed in 4075 ms
2021-12-20 22:57:31,713 INFO com.zaxxer.hikari.HikariDataSource [restartedMain] pool - Starting...
2021-12-20 22:57:32,161 INFO com.zaxxer.hikari.HikariDataSource [restartedMain] pool - Start completed.
2021-12-20 22:57:32,193 INFO org.flywaydb.core.internal.logging.slf4j.Slf4jLog [restartedMain] Flyway Community Edition 5.2.1 by Boxfuse
2021-12-20 22:57:32,212 INFO org.flywaydb.core.internal.logging.slf4j.Slf4jLog [restartedMain] Database: jdbc:sqlserver://localhost:1433;maxResultBuffer=-1;sendTemporalDataTypesAsStringForBulkCopy=true;delayLoadingLobs=true;useFmtOnly=false;useBulkCopyForBatchInsert=false;cancelQueryTimeout=-1;sslProtocol=TLS;jaasConfigurationName=SQLJDBCDriver;statementPoolingCacheSize=0;serverPreparedStatementDiscardThreshold=10;enablePrepareOnFirstPreparedStatementCall=false;fips=false;socketTimeout=0;authentication=NotSpecified;authenticationScheme=nativeAuthentication;xopenStates=false;sendTimeAsDatetime=true;trustStoreType=JKS;trustServerCertificate=false;TransparentNetworkIPResolution=true;serverNameAsACE=false;sendStringParametersAsUnicode=true;selectMethod=direct;responseBuffering=adaptive;queryTimeout=-1;packetSize=8000;multiSubnetFailover=false;loginTimeout=30;lockTimeout=-1;lastUpdateCount=true;encrypt=false;disableStatementPooling=true;databaseName=recomendadordb;columnEncryptionSetting=Disabled;applicationName=Microsoft JDBC Driver for SQL Server;applicationIntent=readwrite; (Microsoft SQL Server 15.0)
2021-12-20 22:57:32,242 WARN org.flywaydb.core.internal.logging.slf4j.Slf4jLog [restartedMain] Flyway upgrade recommended: SQL Server 15.0 is newer than this version of Flyway and support has not been tested.
2021-12-20 22:57:32,347 INFO org.flywaydb.core.internal.logging.slf4j.Slf4jLog [restartedMain] Successfully validated 1 migration (execution time 00:00.037s)
2021-12-20 22:57:32,403 INFO org.flywaydb.core.internal.logging.slf4j.Slf4jLog [restartedMain] Creating Schema History table: [recomendadordb].[dbo].[flyway_schema_history]
2021-12-20 22:57:32,463 INFO org.flywaydb.core.internal.logging.slf4j.Slf4jLog [restartedMain] Current version of schema [dbo]: << Empty Schema >>
2021-12-20 22:57:32,467 INFO org.flywaydb.core.internal.logging.slf4j.Slf4jLog [restartedMain] Migrating schema [dbo] to version 1.0 - schema
2021-12-20 22:57:32,501 ERROR org.flywaydb.core.internal.logging.slf4j.Slf4jLog [restartedMain] Migration of schema [dbo] to version 1.0 - schema failed! Changes successfully rolled back.
2021-12-20 22:57:32,521 WARN org.springframework.context.support.AbstractApplicationContext [restartedMain] Exception encountered during context initialization - cancelling refresh attempt: org.springframework.beans.factory.UnsatisfiedDependencyException: Error creating bean with name 'daoBusquedaMysql' defined in URL [jar:file:/D:/Meta-Recomendador/java-arquitectura-hexagonal/microservicio/infraestructura/build/libs/infraestructura-0.0.1-SNAPSHOT.jar!/com/ceiba/busqueda/adaptador/dao/DaoBusquedaMysql.class]: Unsatisfied dependency expressed through constructor parameter 0; nested exception is org.springframework.beans.factory.UnsatisfiedDependencyException: Error creating bean with name 'customNamedParameterJdbcTemplate' defined in URL [jar:file:/D:/Meta-Recomendador/java-arquitectura-hexagonal/comun/comun-infraestructura/build/libs/comun-infraestructura-0.0.1-SNAPSHOT.jar!/com/ceiba/infraestructura/jdbc/CustomNamedParameterJdbcTemplate.class]: Unsatisfied dependency expressed through constructor parameter 0; nested exception is org.springframework.beans.factory.BeanCreationException: Error creating bean with name 'flywayInitializer' defined in class path resource [org/springframework/boot/autoconfigure/flyway/FlywayAutoConfiguration$FlywayConfiguration.class]: Invocation of init method failed; nested exception is java.lang.reflect.InvocationTargetException
2021-12-20 22:57:32,522 INFO com.zaxxer.hikari.HikariDataSource [restartedMain] pool - Shutdown initiated...
2021-12-20 22:57:32,558 INFO com.zaxxer.hikari.HikariDataSource [restartedMain] pool - Shutdown completed.
2021-12-20 22:57:32,562 INFO org.apache.juli.logging.DirectJDKLog [restartedMain] Stopping service [Tomcat]
2021-12-20 22:57:32,587 INFO org.springframework.boot.autoconfigure.logging.ConditionEvaluationReportLoggingListener [restartedMain] 

Error starting ApplicationContext. To display the conditions report re-run your application with 'debug' enabled.
2021-12-20 22:57:32,627 ERROR org.springframework.boot.SpringApplication [restartedMain] Application run failed
org.springframework.beans.factory.UnsatisfiedDependencyException: Error creating bean with name 'daoBusquedaMysql' defined in URL [jar:file:/D:/Meta-Recomendador/java-arquitectura-hexagonal/microservicio/infraestructura/build/libs/infraestructura-0.0.1-SNAPSHOT.jar!/com/ceiba/busqueda/adaptador/dao/DaoBusquedaMysql.class]: Unsatisfied dependency expressed through constructor parameter 0; nested exception is org.springframework.beans.factory.UnsatisfiedDependencyException: Error creating bean with name 'customNamedParameterJdbcTemplate' defined in URL [jar:file:/D:/Meta-Recomendador/java-arquitectura-hexagonal/comun/comun-infraestructura/build/libs/comun-infraestructura-0.0.1-SNAPSHOT.jar!/com/ceiba/infraestructura/jdbc/CustomNamedParameterJdbcTemplate.class]: Unsatisfied dependency expressed through constructor parameter 0; nested exception is org.springframework.beans.factory.BeanCreationException: Error creating bean with name 'flywayInitializer' defined in class path resource [org/springframework/boot/autoconfigure/flyway/FlywayAutoConfiguration$FlywayConfiguration.class]: Invocation of init method failed; nested exception is java.lang.reflect.InvocationTargetException
	at org.springframework.beans.factory.support.ConstructorResolver.createArgumentArray(ConstructorResolver.java:800)
	at org.springframework.beans.factory.support.ConstructorResolver.autowireConstructor(ConstructorResolver.java:229)
	at org.springframework.beans.factory.support.AbstractAutowireCapableBeanFactory.autowireConstructor(AbstractAutowireCapableBeanFactory.java:1354)
	at org.springframework.beans.factory.support.AbstractAutowireCapableBeanFactory.createBeanInstance(AbstractAutowireCapableBeanFactory.java:1204)
	at org.springframework.beans.factory.support.AbstractAutowireCapableBeanFactory.doCreateBean(AbstractAutowireCapableBeanFactory.java:564)
	at org.springframework.beans.factory.support.AbstractAutowireCapableBeanFactory.createBean(AbstractAutowireCapableBeanFactory.java:524)
	at org.springframework.beans.factory.support.AbstractBeanFactory.lambda$doGetBean$0(AbstractBeanFactory.java:335)
	at org.springframework.beans.factory.support.DefaultSingletonBeanRegistry.getSingleton(DefaultSingletonBeanRegistry.java:234)
	at org.springframework.beans.factory.support.AbstractBeanFactory.doGetBean(AbstractBeanFactory.java:333)
	at org.springframework.beans.factory.support.AbstractBeanFactory.getBean(AbstractBeanFactory.java:208)
	at org.springframework.beans.factory.support.DefaultListableBeanFactory.preInstantiateSingletons(DefaultListableBeanFactory.java:944)
	at org.springframework.context.support.AbstractApplicationContext.finishBeanFactoryInitialization(AbstractApplicationContext.java:918)
	at org.springframework.context.support.AbstractApplicationContext.refresh(AbstractApplicationContext.java:583)
	at org.springframework.boot.web.servlet.context.ServletWebServerApplicationContext.refresh(ServletWebServerApplicationContext.java:145)
	at org.springframework.boot.SpringApplication.refresh(SpringApplication.java:754)
	at org.springframework.boot.SpringApplication.refreshContext(SpringApplication.java:434)
	at org.springframework.boot.SpringApplication.run(SpringApplication.java:338)
	at org.springframework.boot.SpringApplication.run(SpringApplication.java:1343)
	at org.springframework.boot.SpringApplication.run(SpringApplication.java:1332)
	at com.ceiba.Application.main(Application.java:11)
	at java.base/jdk.internal.reflect.NativeMethodAccessorImpl.invoke0(Native Method)
	at java.base/jdk.internal.reflect.NativeMethodAccessorImpl.invoke(NativeMethodAccessorImpl.java:62)
	at java.base/jdk.internal.reflect.DelegatingMethodAccessorImpl.invoke(DelegatingMethodAccessorImpl.java:43)
	at java.base/java.lang.reflect.Method.invoke(Method.java:566)
	at org.springframework.boot.devtools.restart.RestartLauncher.run(RestartLauncher.java:49)
Caused by: org.springframework.beans.factory.UnsatisfiedDependencyException: Error creating bean with name 'customNamedParameterJdbcTemplate' defined in URL [jar:file:/D:/Meta-Recomendador/java-arquitectura-hexagonal/comun/comun-infraestructura/build/libs/comun-infraestructura-0.0.1-SNAPSHOT.jar!/com/ceiba/infraestructura/jdbc/CustomNamedParameterJdbcTemplate.class]: Unsatisfied dependency expressed through constructor parameter 0; nested exception is org.springframework.beans.factory.BeanCreationException: Error creating bean with name 'flywayInitializer' defined in class path resource [org/springframework/boot/autoconfigure/flyway/FlywayAutoConfiguration$FlywayConfiguration.class]: Invocation of init method failed; nested exception is java.lang.reflect.InvocationTargetException
	at org.springframework.beans.factory.support.ConstructorResolver.createArgumentArray(ConstructorResolver.java:800)
	at org.springframework.beans.factory.support.ConstructorResolver.autowireConstructor(ConstructorResolver.java:229)
	at org.springframework.beans.factory.support.AbstractAutowireCapableBeanFactory.autowireConstructor(AbstractAutowireCapableBeanFactory.java:1354)
	at org.springframework.beans.factory.support.AbstractAutowireCapableBeanFactory.createBeanInstance(AbstractAutowireCapableBeanFactory.java:1204)
	at org.springframework.beans.factory.support.AbstractAutowireCapableBeanFactory.doCreateBean(AbstractAutowireCapableBeanFactory.java:564)
	at org.springframework.beans.factory.support.AbstractAutowireCapableBeanFactory.createBean(AbstractAutowireCapableBeanFactory.java:524)
	at org.springframework.beans.factory.support.AbstractBeanFactory.lambda$doGetBean$0(AbstractBeanFactory.java:335)
	at org.springframework.beans.factory.support.DefaultSingletonBeanRegistry.getSingleton(DefaultSingletonBeanRegistry.java:234)
	at org.springframework.beans.factory.support.AbstractBeanFactory.doGetBean(AbstractBeanFactory.java:333)
	at org.springframework.beans.factory.support.AbstractBeanFactory.getBean(AbstractBeanFactory.java:208)
	at org.springframework.beans.factory.config.DependencyDescriptor.resolveCandidate(DependencyDescriptor.java:276)
	at org.springframework.beans.factory.support.DefaultListableBeanFactory.doResolveDependency(DefaultListableBeanFactory.java:1380)
	at org.springframework.beans.factory.support.DefaultListableBeanFactory.resolveDependency(DefaultListableBeanFactory.java:1300)
	at org.springframework.beans.factory.support.ConstructorResolver.resolveAutowiredArgument(ConstructorResolver.java:887)
	at org.springframework.beans.factory.support.ConstructorResolver.createArgumentArray(ConstructorResolver.java:791)
	... 24 common frames omitted
Caused by: org.springframework.beans.factory.BeanCreationException: Error creating bean with name 'flywayInitializer' defined in class path resource [org/springframework/boot/autoconfigure/flyway/FlywayAutoConfiguration$FlywayConfiguration.class]: Invocation of init method failed; nested exception is java.lang.reflect.InvocationTargetException
	at org.springframework.beans.factory.support.AbstractAutowireCapableBeanFactory.initializeBean(AbstractAutowireCapableBeanFactory.java:1786)
	at org.springframework.beans.factory.support.AbstractAutowireCapableBeanFactory.doCreateBean(AbstractAutowireCapableBeanFactory.java:602)
	at org.springframework.beans.factory.support.AbstractAutowireCapableBeanFactory.createBean(AbstractAutowireCapableBeanFactory.java:524)
	at org.springframework.beans.factory.support.AbstractBeanFactory.lambda$doGetBean$0(AbstractBeanFactory.java:335)
	at org.springframework.beans.factory.support.DefaultSingletonBeanRegistry.getSingleton(DefaultSingletonBeanRegistry.java:234)
	at org.springframework.beans.factory.support.AbstractBeanFactory.doGetBean(AbstractBeanFactory.java:333)
	at org.springframework.beans.factory.support.AbstractBeanFactory.getBean(AbstractBeanFactory.java:208)
	at org.springframework.beans.factory.support.AbstractBeanFactory.doGetBean(AbstractBeanFactory.java:322)
	at org.springframework.beans.factory.support.AbstractBeanFactory.getBean(AbstractBeanFactory.java:208)
	at org.springframework.beans.factory.config.DependencyDescriptor.resolveCandidate(DependencyDescriptor.java:276)
	at org.springframework.beans.factory.support.DefaultListableBeanFactory.doResolveDependency(DefaultListableBeanFactory.java:1380)
	at org.springframework.beans.factory.support.DefaultListableBeanFactory.resolveDependency(DefaultListableBeanFactory.java:1300)
	at org.springframework.beans.factory.support.ConstructorResolver.resolveAutowiredArgument(ConstructorResolver.java:887)
	at org.springframework.beans.factory.support.ConstructorResolver.createArgumentArray(ConstructorResolver.java:791)
	... 38 common frames omitted
Caused by: java.lang.reflect.InvocationTargetException: null
	at java.base/jdk.internal.reflect.NativeMethodAccessorImpl.invoke0(Native Method)
	at java.base/jdk.internal.reflect.NativeMethodAccessorImpl.invoke(NativeMethodAccessorImpl.java:62)
	at java.base/jdk.internal.reflect.DelegatingMethodAccessorImpl.invoke(DelegatingMethodAccessorImpl.java:43)
	at java.base/java.lang.reflect.Method.invoke(Method.java:566)
	at org.springframework.boot.autoconfigure.flyway.FlywayMigrationInitializer.afterPropertiesSet(FlywayMigrationInitializer.java:70)
	at org.springframework.beans.factory.support.AbstractAutowireCapableBeanFactory.invokeInitMethods(AbstractAutowireCapableBeanFactory.java:1845)
	at org.springframework.beans.factory.support.AbstractAutowireCapableBeanFactory.initializeBean(AbstractAutowireCapableBeanFactory.java:1782)
	... 51 common frames omitted
Caused by: org.flywaydb.core.internal.command.DbMigrate$FlywayMigrateException: 
Migration V1.0__schema.sql failed
---------------------------------
SQL State  : S0000
Error Code : 8110
Message    : Cannot add multiple PRIMARY KEY constraints to table 'usuario'.
Location   : db/migration/DDL/V1.0__schema.sql (D:\Meta-Recomendador\java-arquitectura-hexagonal\microservicio\build\resources\main\db\migration\DDL\V1.0__schema.sql)
Line       : 1
Statement  : create table usuario (
 id int NOT NULL PRIMARY KEY,
 nombre varchar(100) not null,
 clave varchar(45) not null,
 correo varchar(45) not null,
 genero varchar(45) not null,
 edad int(11) not null,
 fecha_creacion date null,
 primary key (id)
);

create table preferencia (
   id int NOT NULL PRIMARY KEY,
   id_usuario int(11) not null,
   menor_precio int(11),
   valoracion_vendedor int(11),
   envio_gratis int(11),
   producto_nuevo int(11),
   tienda_oficial int(11),
   primary key (id)
);

create table busqueda (
    id int NOT NULL PRIMARY KEY,
    id_usuario int(11),
    palabra_buscada varchar(200) not null,
    categoria varchar(200),
    primary key (id)
);

	at org.flywaydb.core.internal.command.DbMigrate.doMigrateGroup(DbMigrate.java:370)
	at org.flywaydb.core.internal.command.DbMigrate.access$200(DbMigrate.java:54)
	at org.flywaydb.core.internal.command.DbMigrate$3.call(DbMigrate.java:284)
	at org.flywaydb.core.internal.jdbc.TransactionTemplate.execute(TransactionTemplate.java:74)
	at org.flywaydb.core.internal.command.DbMigrate.applyMigrations(DbMigrate.java:281)
	at org.flywaydb.core.internal.command.DbMigrate.migrateGroup(DbMigrate.java:246)
	at org.flywaydb.core.internal.command.DbMigrate.access$100(DbMigrate.java:54)
	at org.flywaydb.core.internal.command.DbMigrate$2.call(DbMigrate.java:164)
	at org.flywaydb.core.internal.command.DbMigrate$2.call(DbMigrate.java:161)
	at org.flywaydb.core.internal.database.sqlserver.SQLServerApplicationLockTemplate.execute(SQLServerApplicationLockTemplate.java:62)
	at org.flywaydb.core.internal.database.sqlserver.SQLServerConnection.lock(SQLServerConnection.java:85)
	at org.flywaydb.core.internal.schemahistory.JdbcTableSchemaHistory.lock(JdbcTableSchemaHistory.java:155)
	at org.flywaydb.core.internal.command.DbMigrate.migrateAll(DbMigrate.java:161)
	at org.flywaydb.core.internal.command.DbMigrate.migrate(DbMigrate.java:139)
	at org.flywaydb.core.Flyway$1.execute(Flyway.java:1380)
	at org.flywaydb.core.Flyway$1.execute(Flyway.java:1341)
	at org.flywaydb.core.Flyway.execute(Flyway.java:1696)
	at org.flywaydb.core.Flyway.migrate(Flyway.java:1341)
	... 58 common frames omitted
Caused by: org.flywaydb.core.internal.sqlscript.FlywaySqlScriptException: 
Migration V1.0__schema.sql failed
---------------------------------
SQL State  : S0000
Error Code : 8110
Message    : Cannot add multiple PRIMARY KEY constraints to table 'usuario'.
Location   : db/migration/DDL/V1.0__schema.sql (D:\Meta-Recomendador\java-arquitectura-hexagonal\microservicio\build\resources\main\db\migration\DDL\V1.0__schema.sql)
Line       : 1
Statement  : create table usuario (
 id int NOT NULL PRIMARY KEY,
 nombre varchar(100) not null,
 clave varchar(45) not null,
 correo varchar(45) not null,
 genero varchar(45) not null,
 edad int(11) not null,
 fecha_creacion date null,
 primary key (id)
);

create table preferencia (
   id int NOT NULL PRIMARY KEY,
   id_usuario int(11) not null,
   menor_precio int(11),
   valoracion_vendedor int(11),
   envio_gratis int(11),
   producto_nuevo int(11),
   tienda_oficial int(11),
   primary key (id)
);

create table busqueda (
    id int NOT NULL PRIMARY KEY,
    id_usuario int(11),
    palabra_buscada varchar(200) not null,
    categoria varchar(200),
    primary key (id)
);

	at org.flywaydb.core.internal.sqlscript.DefaultSqlScriptExecutor.handleException(DefaultSqlScriptExecutor.java:249)
	at org.flywaydb.core.internal.sqlscript.DefaultSqlScriptExecutor.executeStatement(DefaultSqlScriptExecutor.java:202)
	at org.flywaydb.core.internal.sqlscript.DefaultSqlScriptExecutor.execute(DefaultSqlScriptExecutor.java:125)
	at org.flywaydb.core.internal.resolver.sql.SqlMigrationExecutor.execute(SqlMigrationExecutor.java:77)
	at org.flywaydb.core.internal.command.DbMigrate.doMigrateGroup(DbMigrate.java:367)
	... 75 common frames omitted
Caused by: com.microsoft.sqlserver.jdbc.SQLServerException: Cannot add multiple PRIMARY KEY constraints to table 'usuario'.
	at com.microsoft.sqlserver.jdbc.SQLServerException.makeFromDatabaseError(SQLServerException.java:262)
	at com.microsoft.sqlserver.jdbc.SQLServerStatement.getNextResult(SQLServerStatement.java:1632)
	at com.microsoft.sqlserver.jdbc.SQLServerStatement.doExecuteStatement(SQLServerStatement.java:872)
	at com.microsoft.sqlserver.jdbc.SQLServerStatement$StmtExecCmd.doExecute(SQLServerStatement.java:767)
	at com.microsoft.sqlserver.jdbc.TDSCommand.execute(IOBuffer.java:7418)
	at com.microsoft.sqlserver.jdbc.SQLServerConnection.executeCommand(SQLServerConnection.java:3272)
	at com.microsoft.sqlserver.jdbc.SQLServerStatement.executeCommand(SQLServerStatement.java:247)
	at com.microsoft.sqlserver.jdbc.SQLServerStatement.executeStatement(SQLServerStatement.java:222)
	at com.microsoft.sqlserver.jdbc.SQLServerStatement.execute(SQLServerStatement.java:743)
	at com.zaxxer.hikari.pool.ProxyStatement.execute(ProxyStatement.java:94)
	at com.zaxxer.hikari.pool.HikariProxyStatement.execute(HikariProxyStatement.java)
	at org.flywaydb.core.internal.jdbc.JdbcTemplate.executeStatement(JdbcTemplate.java:235)
	at org.flywaydb.core.internal.sqlscript.StandardSqlStatement.execute(StandardSqlStatement.java:42)
	at org.flywaydb.core.internal.sqlscript.DefaultSqlScriptExecutor.executeStatement(DefaultSqlScriptExecutor.java:189)
	... 78 common frames omitted
2021-12-20 22:59:18,522 INFO org.springframework.boot.StartupInfoLogger [restartedMain] Starting Application using Java 11.0.12 on JUAN-HURTADO with PID 24940 (D:\Meta-Recomendador\java-arquitectura-hexagonal\microservicio\build\classes\java\main started by juan.hurtado in D:\Meta-Recomendador\java-arquitectura-hexagonal\microservicio)
2021-12-20 22:59:18,527 INFO org.springframework.boot.SpringApplication [restartedMain] No active profile set, falling back to default profiles: default
2021-12-20 22:59:18,626 INFO org.springframework.boot.logging.DeferredLog [restartedMain] Devtools property defaults active! Set 'spring.devtools.add-properties' to 'false' to disable
2021-12-20 22:59:18,627 INFO org.springframework.boot.logging.DeferredLog [restartedMain] For additional web related logging consider setting the 'logging.level.web' property to 'DEBUG'
2021-12-20 22:59:20,982 INFO com.ulisesbocchio.jasyptspringboot.configuration.EnableEncryptablePropertiesBeanFactoryPostProcessor [restartedMain] Post-processing PropertySource instances
2021-12-20 22:59:21,079 INFO com.ulisesbocchio.jasyptspringboot.EncryptablePropertySourceConverter [restartedMain] Converting PropertySource configurationProperties [org.springframework.boot.context.properties.source.ConfigurationPropertySourcesPropertySource] to AOP Proxy
2021-12-20 22:59:21,081 INFO com.ulisesbocchio.jasyptspringboot.EncryptablePropertySourceConverter [restartedMain] Converting PropertySource servletConfigInitParams [org.springframework.core.env.PropertySource$StubPropertySource] to EncryptablePropertySourceWrapper
2021-12-20 22:59:21,082 INFO com.ulisesbocchio.jasyptspringboot.EncryptablePropertySourceConverter [restartedMain] Converting PropertySource servletContextInitParams [org.springframework.core.env.PropertySource$StubPropertySource] to EncryptablePropertySourceWrapper
2021-12-20 22:59:21,083 INFO com.ulisesbocchio.jasyptspringboot.EncryptablePropertySourceConverter [restartedMain] Converting PropertySource systemProperties [org.springframework.core.env.PropertiesPropertySource] to EncryptableMapPropertySourceWrapper
2021-12-20 22:59:21,083 INFO com.ulisesbocchio.jasyptspringboot.EncryptablePropertySourceConverter [restartedMain] Converting PropertySource systemEnvironment [org.springframework.boot.env.SystemEnvironmentPropertySourceEnvironmentPostProcessor$OriginAwareSystemEnvironmentPropertySource] to EncryptableMapPropertySourceWrapper
2021-12-20 22:59:21,084 INFO com.ulisesbocchio.jasyptspringboot.EncryptablePropertySourceConverter [restartedMain] Converting PropertySource random [org.springframework.boot.env.RandomValuePropertySource] to EncryptablePropertySourceWrapper
2021-12-20 22:59:21,084 INFO com.ulisesbocchio.jasyptspringboot.EncryptablePropertySourceConverter [restartedMain] Converting PropertySource Config resource 'class path resource [application.yaml]' via location 'optional:classpath:/' [org.springframework.boot.env.OriginTrackedMapPropertySource] to EncryptableMapPropertySourceWrapper
2021-12-20 22:59:21,084 INFO com.ulisesbocchio.jasyptspringboot.EncryptablePropertySourceConverter [restartedMain] Converting PropertySource devtools [org.springframework.core.env.MapPropertySource] to EncryptableMapPropertySourceWrapper
2021-12-20 22:59:21,116 INFO com.ulisesbocchio.jasyptspringboot.filter.DefaultLazyPropertyFilter [restartedMain] Property Filter custom Bean not found with name 'encryptablePropertyFilter'. Initializing Default Property Filter
2021-12-20 22:59:21,308 INFO com.ulisesbocchio.jasyptspringboot.resolver.DefaultLazyPropertyResolver [restartedMain] Property Resolver custom Bean not found with name 'encryptablePropertyResolver'. Initializing Default Property Resolver
2021-12-20 22:59:21,309 INFO com.ulisesbocchio.jasyptspringboot.detector.DefaultLazyPropertyDetector [restartedMain] Property Detector custom Bean not found with name 'encryptablePropertyDetector'. Initializing Default Property Detector
2021-12-20 22:59:22,203 INFO org.springframework.boot.web.embedded.tomcat.TomcatWebServer [restartedMain] Tomcat initialized with port(s): 8083 (http)
2021-12-20 22:59:22,216 INFO org.apache.juli.logging.DirectJDKLog [restartedMain] Initializing ProtocolHandler ["http-nio-8083"]
2021-12-20 22:59:22,217 INFO org.apache.juli.logging.DirectJDKLog [restartedMain] Starting service [Tomcat]
2021-12-20 22:59:22,218 INFO org.apache.juli.logging.DirectJDKLog [restartedMain] Starting Servlet engine: [Apache Tomcat/9.0.50]
2021-12-20 22:59:22,392 INFO org.apache.juli.logging.DirectJDKLog [restartedMain] Initializing Spring embedded WebApplicationContext
2021-12-20 22:59:22,393 INFO org.springframework.boot.web.servlet.context.ServletWebServerApplicationContext [restartedMain] Root WebApplicationContext: initialization completed in 3765 ms
2021-12-20 22:59:22,840 INFO com.zaxxer.hikari.HikariDataSource [restartedMain] pool - Starting...
2021-12-20 22:59:23,443 INFO com.zaxxer.hikari.HikariDataSource [restartedMain] pool - Start completed.
2021-12-20 22:59:23,494 INFO org.flywaydb.core.internal.logging.slf4j.Slf4jLog [restartedMain] Flyway Community Edition 5.2.1 by Boxfuse
2021-12-20 22:59:23,519 INFO org.flywaydb.core.internal.logging.slf4j.Slf4jLog [restartedMain] Database: jdbc:sqlserver://localhost:1433;maxResultBuffer=-1;sendTemporalDataTypesAsStringForBulkCopy=true;delayLoadingLobs=true;useFmtOnly=false;useBulkCopyForBatchInsert=false;cancelQueryTimeout=-1;sslProtocol=TLS;jaasConfigurationName=SQLJDBCDriver;statementPoolingCacheSize=0;serverPreparedStatementDiscardThreshold=10;enablePrepareOnFirstPreparedStatementCall=false;fips=false;socketTimeout=0;authentication=NotSpecified;authenticationScheme=nativeAuthentication;xopenStates=false;sendTimeAsDatetime=true;trustStoreType=JKS;trustServerCertificate=false;TransparentNetworkIPResolution=true;serverNameAsACE=false;sendStringParametersAsUnicode=true;selectMethod=direct;responseBuffering=adaptive;queryTimeout=-1;packetSize=8000;multiSubnetFailover=false;loginTimeout=30;lockTimeout=-1;lastUpdateCount=true;encrypt=false;disableStatementPooling=true;databaseName=recomendadordb;columnEncryptionSetting=Disabled;applicationName=Microsoft JDBC Driver for SQL Server;applicationIntent=readwrite; (Microsoft SQL Server 15.0)
2021-12-20 22:59:23,586 WARN org.flywaydb.core.internal.logging.slf4j.Slf4jLog [restartedMain] Flyway upgrade recommended: SQL Server 15.0 is newer than this version of Flyway and support has not been tested.
2021-12-20 22:59:23,751 INFO org.flywaydb.core.internal.logging.slf4j.Slf4jLog [restartedMain] Successfully validated 1 migration (execution time 00:00.075s)
2021-12-20 22:59:24,077 INFO org.flywaydb.core.internal.logging.slf4j.Slf4jLog [restartedMain] Creating Schema History table: [recomendadordb].[dbo].[flyway_schema_history]
2021-12-20 22:59:24,249 INFO org.flywaydb.core.internal.logging.slf4j.Slf4jLog [restartedMain] Current version of schema [dbo]: << Empty Schema >>
2021-12-20 22:59:24,251 INFO org.flywaydb.core.internal.logging.slf4j.Slf4jLog [restartedMain] Migrating schema [dbo] to version 1.0 - schema
2021-12-20 22:59:24,277 ERROR org.flywaydb.core.internal.logging.slf4j.Slf4jLog [restartedMain] Migration of schema [dbo] to version 1.0 - schema failed! Changes successfully rolled back.
2021-12-20 22:59:24,294 WARN org.springframework.context.support.AbstractApplicationContext [restartedMain] Exception encountered during context initialization - cancelling refresh attempt: org.springframework.beans.factory.UnsatisfiedDependencyException: Error creating bean with name 'daoBusquedaMysql' defined in URL [jar:file:/D:/Meta-Recomendador/java-arquitectura-hexagonal/microservicio/infraestructura/build/libs/infraestructura-0.0.1-SNAPSHOT.jar!/com/ceiba/busqueda/adaptador/dao/DaoBusquedaMysql.class]: Unsatisfied dependency expressed through constructor parameter 0; nested exception is org.springframework.beans.factory.UnsatisfiedDependencyException: Error creating bean with name 'customNamedParameterJdbcTemplate' defined in URL [jar:file:/D:/Meta-Recomendador/java-arquitectura-hexagonal/comun/comun-infraestructura/build/libs/comun-infraestructura-0.0.1-SNAPSHOT.jar!/com/ceiba/infraestructura/jdbc/CustomNamedParameterJdbcTemplate.class]: Unsatisfied dependency expressed through constructor parameter 0; nested exception is org.springframework.beans.factory.BeanCreationException: Error creating bean with name 'flywayInitializer' defined in class path resource [org/springframework/boot/autoconfigure/flyway/FlywayAutoConfiguration$FlywayConfiguration.class]: Invocation of init method failed; nested exception is java.lang.reflect.InvocationTargetException
2021-12-20 22:59:24,294 INFO com.zaxxer.hikari.HikariDataSource [restartedMain] pool - Shutdown initiated...
2021-12-20 22:59:24,307 INFO com.zaxxer.hikari.HikariDataSource [restartedMain] pool - Shutdown completed.
2021-12-20 22:59:24,314 INFO org.apache.juli.logging.DirectJDKLog [restartedMain] Stopping service [Tomcat]
2021-12-20 22:59:24,348 INFO org.springframework.boot.autoconfigure.logging.ConditionEvaluationReportLoggingListener [restartedMain] 

Error starting ApplicationContext. To display the conditions report re-run your application with 'debug' enabled.
2021-12-20 22:59:24,419 ERROR org.springframework.boot.SpringApplication [restartedMain] Application run failed
org.springframework.beans.factory.UnsatisfiedDependencyException: Error creating bean with name 'daoBusquedaMysql' defined in URL [jar:file:/D:/Meta-Recomendador/java-arquitectura-hexagonal/microservicio/infraestructura/build/libs/infraestructura-0.0.1-SNAPSHOT.jar!/com/ceiba/busqueda/adaptador/dao/DaoBusquedaMysql.class]: Unsatisfied dependency expressed through constructor parameter 0; nested exception is org.springframework.beans.factory.UnsatisfiedDependencyException: Error creating bean with name 'customNamedParameterJdbcTemplate' defined in URL [jar:file:/D:/Meta-Recomendador/java-arquitectura-hexagonal/comun/comun-infraestructura/build/libs/comun-infraestructura-0.0.1-SNAPSHOT.jar!/com/ceiba/infraestructura/jdbc/CustomNamedParameterJdbcTemplate.class]: Unsatisfied dependency expressed through constructor parameter 0; nested exception is org.springframework.beans.factory.BeanCreationException: Error creating bean with name 'flywayInitializer' defined in class path resource [org/springframework/boot/autoconfigure/flyway/FlywayAutoConfiguration$FlywayConfiguration.class]: Invocation of init method failed; nested exception is java.lang.reflect.InvocationTargetException
	at org.springframework.beans.factory.support.ConstructorResolver.createArgumentArray(ConstructorResolver.java:800)
	at org.springframework.beans.factory.support.ConstructorResolver.autowireConstructor(ConstructorResolver.java:229)
	at org.springframework.beans.factory.support.AbstractAutowireCapableBeanFactory.autowireConstructor(AbstractAutowireCapableBeanFactory.java:1354)
	at org.springframework.beans.factory.support.AbstractAutowireCapableBeanFactory.createBeanInstance(AbstractAutowireCapableBeanFactory.java:1204)
	at org.springframework.beans.factory.support.AbstractAutowireCapableBeanFactory.doCreateBean(AbstractAutowireCapableBeanFactory.java:564)
	at org.springframework.beans.factory.support.AbstractAutowireCapableBeanFactory.createBean(AbstractAutowireCapableBeanFactory.java:524)
	at org.springframework.beans.factory.support.AbstractBeanFactory.lambda$doGetBean$0(AbstractBeanFactory.java:335)
	at org.springframework.beans.factory.support.DefaultSingletonBeanRegistry.getSingleton(DefaultSingletonBeanRegistry.java:234)
	at org.springframework.beans.factory.support.AbstractBeanFactory.doGetBean(AbstractBeanFactory.java:333)
	at org.springframework.beans.factory.support.AbstractBeanFactory.getBean(AbstractBeanFactory.java:208)
	at org.springframework.beans.factory.support.DefaultListableBeanFactory.preInstantiateSingletons(DefaultListableBeanFactory.java:944)
	at org.springframework.context.support.AbstractApplicationContext.finishBeanFactoryInitialization(AbstractApplicationContext.java:918)
	at org.springframework.context.support.AbstractApplicationContext.refresh(AbstractApplicationContext.java:583)
	at org.springframework.boot.web.servlet.context.ServletWebServerApplicationContext.refresh(ServletWebServerApplicationContext.java:145)
	at org.springframework.boot.SpringApplication.refresh(SpringApplication.java:754)
	at org.springframework.boot.SpringApplication.refreshContext(SpringApplication.java:434)
	at org.springframework.boot.SpringApplication.run(SpringApplication.java:338)
	at org.springframework.boot.SpringApplication.run(SpringApplication.java:1343)
	at org.springframework.boot.SpringApplication.run(SpringApplication.java:1332)
	at com.ceiba.Application.main(Application.java:11)
	at java.base/jdk.internal.reflect.NativeMethodAccessorImpl.invoke0(Native Method)
	at java.base/jdk.internal.reflect.NativeMethodAccessorImpl.invoke(NativeMethodAccessorImpl.java:62)
	at java.base/jdk.internal.reflect.DelegatingMethodAccessorImpl.invoke(DelegatingMethodAccessorImpl.java:43)
	at java.base/java.lang.reflect.Method.invoke(Method.java:566)
	at org.springframework.boot.devtools.restart.RestartLauncher.run(RestartLauncher.java:49)
Caused by: org.springframework.beans.factory.UnsatisfiedDependencyException: Error creating bean with name 'customNamedParameterJdbcTemplate' defined in URL [jar:file:/D:/Meta-Recomendador/java-arquitectura-hexagonal/comun/comun-infraestructura/build/libs/comun-infraestructura-0.0.1-SNAPSHOT.jar!/com/ceiba/infraestructura/jdbc/CustomNamedParameterJdbcTemplate.class]: Unsatisfied dependency expressed through constructor parameter 0; nested exception is org.springframework.beans.factory.BeanCreationException: Error creating bean with name 'flywayInitializer' defined in class path resource [org/springframework/boot/autoconfigure/flyway/FlywayAutoConfiguration$FlywayConfiguration.class]: Invocation of init method failed; nested exception is java.lang.reflect.InvocationTargetException
	at org.springframework.beans.factory.support.ConstructorResolver.createArgumentArray(ConstructorResolver.java:800)
	at org.springframework.beans.factory.support.ConstructorResolver.autowireConstructor(ConstructorResolver.java:229)
	at org.springframework.beans.factory.support.AbstractAutowireCapableBeanFactory.autowireConstructor(AbstractAutowireCapableBeanFactory.java:1354)
	at org.springframework.beans.factory.support.AbstractAutowireCapableBeanFactory.createBeanInstance(AbstractAutowireCapableBeanFactory.java:1204)
	at org.springframework.beans.factory.support.AbstractAutowireCapableBeanFactory.doCreateBean(AbstractAutowireCapableBeanFactory.java:564)
	at org.springframework.beans.factory.support.AbstractAutowireCapableBeanFactory.createBean(AbstractAutowireCapableBeanFactory.java:524)
	at org.springframework.beans.factory.support.AbstractBeanFactory.lambda$doGetBean$0(AbstractBeanFactory.java:335)
	at org.springframework.beans.factory.support.DefaultSingletonBeanRegistry.getSingleton(DefaultSingletonBeanRegistry.java:234)
	at org.springframework.beans.factory.support.AbstractBeanFactory.doGetBean(AbstractBeanFactory.java:333)
	at org.springframework.beans.factory.support.AbstractBeanFactory.getBean(AbstractBeanFactory.java:208)
	at org.springframework.beans.factory.config.DependencyDescriptor.resolveCandidate(DependencyDescriptor.java:276)
	at org.springframework.beans.factory.support.DefaultListableBeanFactory.doResolveDependency(DefaultListableBeanFactory.java:1380)
	at org.springframework.beans.factory.support.DefaultListableBeanFactory.resolveDependency(DefaultListableBeanFactory.java:1300)
	at org.springframework.beans.factory.support.ConstructorResolver.resolveAutowiredArgument(ConstructorResolver.java:887)
	at org.springframework.beans.factory.support.ConstructorResolver.createArgumentArray(ConstructorResolver.java:791)
	... 24 common frames omitted
Caused by: org.springframework.beans.factory.BeanCreationException: Error creating bean with name 'flywayInitializer' defined in class path resource [org/springframework/boot/autoconfigure/flyway/FlywayAutoConfiguration$FlywayConfiguration.class]: Invocation of init method failed; nested exception is java.lang.reflect.InvocationTargetException
	at org.springframework.beans.factory.support.AbstractAutowireCapableBeanFactory.initializeBean(AbstractAutowireCapableBeanFactory.java:1786)
	at org.springframework.beans.factory.support.AbstractAutowireCapableBeanFactory.doCreateBean(AbstractAutowireCapableBeanFactory.java:602)
	at org.springframework.beans.factory.support.AbstractAutowireCapableBeanFactory.createBean(AbstractAutowireCapableBeanFactory.java:524)
	at org.springframework.beans.factory.support.AbstractBeanFactory.lambda$doGetBean$0(AbstractBeanFactory.java:335)
	at org.springframework.beans.factory.support.DefaultSingletonBeanRegistry.getSingleton(DefaultSingletonBeanRegistry.java:234)
	at org.springframework.beans.factory.support.AbstractBeanFactory.doGetBean(AbstractBeanFactory.java:333)
	at org.springframework.beans.factory.support.AbstractBeanFactory.getBean(AbstractBeanFactory.java:208)
	at org.springframework.beans.factory.support.AbstractBeanFactory.doGetBean(AbstractBeanFactory.java:322)
	at org.springframework.beans.factory.support.AbstractBeanFactory.getBean(AbstractBeanFactory.java:208)
	at org.springframework.beans.factory.config.DependencyDescriptor.resolveCandidate(DependencyDescriptor.java:276)
	at org.springframework.beans.factory.support.DefaultListableBeanFactory.doResolveDependency(DefaultListableBeanFactory.java:1380)
	at org.springframework.beans.factory.support.DefaultListableBeanFactory.resolveDependency(DefaultListableBeanFactory.java:1300)
	at org.springframework.beans.factory.support.ConstructorResolver.resolveAutowiredArgument(ConstructorResolver.java:887)
	at org.springframework.beans.factory.support.ConstructorResolver.createArgumentArray(ConstructorResolver.java:791)
	... 38 common frames omitted
Caused by: java.lang.reflect.InvocationTargetException: null
	at java.base/jdk.internal.reflect.NativeMethodAccessorImpl.invoke0(Native Method)
	at java.base/jdk.internal.reflect.NativeMethodAccessorImpl.invoke(NativeMethodAccessorImpl.java:62)
	at java.base/jdk.internal.reflect.DelegatingMethodAccessorImpl.invoke(DelegatingMethodAccessorImpl.java:43)
	at java.base/java.lang.reflect.Method.invoke(Method.java:566)
	at org.springframework.boot.autoconfigure.flyway.FlywayMigrationInitializer.afterPropertiesSet(FlywayMigrationInitializer.java:70)
	at org.springframework.beans.factory.support.AbstractAutowireCapableBeanFactory.invokeInitMethods(AbstractAutowireCapableBeanFactory.java:1845)
	at org.springframework.beans.factory.support.AbstractAutowireCapableBeanFactory.initializeBean(AbstractAutowireCapableBeanFactory.java:1782)
	... 51 common frames omitted
Caused by: org.flywaydb.core.internal.command.DbMigrate$FlywayMigrateException: 
Migration V1.0__schema.sql failed
---------------------------------
SQL State  : S0001
Error Code : 2716
Message    : Column, parameter, or variable #6: Cannot specify a column width on data type int.
Location   : db/migration/DDL/V1.0__schema.sql (D:\Meta-Recomendador\java-arquitectura-hexagonal\microservicio\build\resources\main\db\migration\DDL\V1.0__schema.sql)
Line       : 1
Statement  : create table usuario (
 id int NOT NULL PRIMARY KEY,
 nombre varchar(100) not null,
 clave varchar(45) not null,
 correo varchar(45) not null,
 genero varchar(45) not null,
 edad int(11) not null,
 fecha_creacion date null
);

create table preferencia (
   id int NOT NULL PRIMARY KEY,
   id_usuario int(11) not null,
   menor_precio int(11),
   valoracion_vendedor int(11),
   envio_gratis int(11),
   producto_nuevo int(11),
   tienda_oficial int(11)
);

create table busqueda (
    id int NOT NULL PRIMARY KEY,
    id_usuario int(11),
    palabra_buscada varchar(200) not null,
    categoria varchar(200)
);

	at org.flywaydb.core.internal.command.DbMigrate.doMigrateGroup(DbMigrate.java:370)
	at org.flywaydb.core.internal.command.DbMigrate.access$200(DbMigrate.java:54)
	at org.flywaydb.core.internal.command.DbMigrate$3.call(DbMigrate.java:284)
	at org.flywaydb.core.internal.jdbc.TransactionTemplate.execute(TransactionTemplate.java:74)
	at org.flywaydb.core.internal.command.DbMigrate.applyMigrations(DbMigrate.java:281)
	at org.flywaydb.core.internal.command.DbMigrate.migrateGroup(DbMigrate.java:246)
	at org.flywaydb.core.internal.command.DbMigrate.access$100(DbMigrate.java:54)
	at org.flywaydb.core.internal.command.DbMigrate$2.call(DbMigrate.java:164)
	at org.flywaydb.core.internal.command.DbMigrate$2.call(DbMigrate.java:161)
	at org.flywaydb.core.internal.database.sqlserver.SQLServerApplicationLockTemplate.execute(SQLServerApplicationLockTemplate.java:62)
	at org.flywaydb.core.internal.database.sqlserver.SQLServerConnection.lock(SQLServerConnection.java:85)
	at org.flywaydb.core.internal.schemahistory.JdbcTableSchemaHistory.lock(JdbcTableSchemaHistory.java:155)
	at org.flywaydb.core.internal.command.DbMigrate.migrateAll(DbMigrate.java:161)
	at org.flywaydb.core.internal.command.DbMigrate.migrate(DbMigrate.java:139)
	at org.flywaydb.core.Flyway$1.execute(Flyway.java:1380)
	at org.flywaydb.core.Flyway$1.execute(Flyway.java:1341)
	at org.flywaydb.core.Flyway.execute(Flyway.java:1696)
	at org.flywaydb.core.Flyway.migrate(Flyway.java:1341)
	... 58 common frames omitted
Caused by: org.flywaydb.core.internal.sqlscript.FlywaySqlScriptException: 
Migration V1.0__schema.sql failed
---------------------------------
SQL State  : S0001
Error Code : 2716
Message    : Column, parameter, or variable #6: Cannot specify a column width on data type int.
Location   : db/migration/DDL/V1.0__schema.sql (D:\Meta-Recomendador\java-arquitectura-hexagonal\microservicio\build\resources\main\db\migration\DDL\V1.0__schema.sql)
Line       : 1
Statement  : create table usuario (
 id int NOT NULL PRIMARY KEY,
 nombre varchar(100) not null,
 clave varchar(45) not null,
 correo varchar(45) not null,
 genero varchar(45) not null,
 edad int(11) not null,
 fecha_creacion date null
);

create table preferencia (
   id int NOT NULL PRIMARY KEY,
   id_usuario int(11) not null,
   menor_precio int(11),
   valoracion_vendedor int(11),
   envio_gratis int(11),
   producto_nuevo int(11),
   tienda_oficial int(11)
);

create table busqueda (
    id int NOT NULL PRIMARY KEY,
    id_usuario int(11),
    palabra_buscada varchar(200) not null,
    categoria varchar(200)
);

	at org.flywaydb.core.internal.sqlscript.DefaultSqlScriptExecutor.handleException(DefaultSqlScriptExecutor.java:249)
	at org.flywaydb.core.internal.sqlscript.DefaultSqlScriptExecutor.executeStatement(DefaultSqlScriptExecutor.java:202)
	at org.flywaydb.core.internal.sqlscript.DefaultSqlScriptExecutor.execute(DefaultSqlScriptExecutor.java:125)
	at org.flywaydb.core.internal.resolver.sql.SqlMigrationExecutor.execute(SqlMigrationExecutor.java:77)
	at org.flywaydb.core.internal.command.DbMigrate.doMigrateGroup(DbMigrate.java:367)
	... 75 common frames omitted
Caused by: com.microsoft.sqlserver.jdbc.SQLServerException: Column, parameter, or variable #6: Cannot specify a column width on data type int.
	at com.microsoft.sqlserver.jdbc.SQLServerException.makeFromDatabaseError(SQLServerException.java:262)
	at com.microsoft.sqlserver.jdbc.SQLServerStatement.getNextResult(SQLServerStatement.java:1632)
	at com.microsoft.sqlserver.jdbc.SQLServerStatement.doExecuteStatement(SQLServerStatement.java:872)
	at com.microsoft.sqlserver.jdbc.SQLServerStatement$StmtExecCmd.doExecute(SQLServerStatement.java:767)
	at com.microsoft.sqlserver.jdbc.TDSCommand.execute(IOBuffer.java:7418)
	at com.microsoft.sqlserver.jdbc.SQLServerConnection.executeCommand(SQLServerConnection.java:3272)
	at com.microsoft.sqlserver.jdbc.SQLServerStatement.executeCommand(SQLServerStatement.java:247)
	at com.microsoft.sqlserver.jdbc.SQLServerStatement.executeStatement(SQLServerStatement.java:222)
	at com.microsoft.sqlserver.jdbc.SQLServerStatement.execute(SQLServerStatement.java:743)
	at com.zaxxer.hikari.pool.ProxyStatement.execute(ProxyStatement.java:94)
	at com.zaxxer.hikari.pool.HikariProxyStatement.execute(HikariProxyStatement.java)
	at org.flywaydb.core.internal.jdbc.JdbcTemplate.executeStatement(JdbcTemplate.java:235)
	at org.flywaydb.core.internal.sqlscript.StandardSqlStatement.execute(StandardSqlStatement.java:42)
	at org.flywaydb.core.internal.sqlscript.DefaultSqlScriptExecutor.executeStatement(DefaultSqlScriptExecutor.java:189)
	... 78 common frames omitted
2021-12-20 23:02:02,576 INFO org.springframework.boot.StartupInfoLogger [restartedMain] Starting Application using Java 11.0.12 on JUAN-HURTADO with PID 12960 (D:\Meta-Recomendador\java-arquitectura-hexagonal\microservicio\build\classes\java\main started by juan.hurtado in D:\Meta-Recomendador\java-arquitectura-hexagonal\microservicio)
2021-12-20 23:02:02,589 INFO org.springframework.boot.SpringApplication [restartedMain] No active profile set, falling back to default profiles: default
2021-12-20 23:02:02,873 INFO org.springframework.boot.logging.DeferredLog [restartedMain] Devtools property defaults active! Set 'spring.devtools.add-properties' to 'false' to disable
2021-12-20 23:02:02,873 INFO org.springframework.boot.logging.DeferredLog [restartedMain] For additional web related logging consider setting the 'logging.level.web' property to 'DEBUG'
2021-12-20 23:02:05,885 INFO com.ulisesbocchio.jasyptspringboot.configuration.EnableEncryptablePropertiesBeanFactoryPostProcessor [restartedMain] Post-processing PropertySource instances
2021-12-20 23:02:05,999 INFO com.ulisesbocchio.jasyptspringboot.EncryptablePropertySourceConverter [restartedMain] Converting PropertySource configurationProperties [org.springframework.boot.context.properties.source.ConfigurationPropertySourcesPropertySource] to AOP Proxy
2021-12-20 23:02:06,000 INFO com.ulisesbocchio.jasyptspringboot.EncryptablePropertySourceConverter [restartedMain] Converting PropertySource servletConfigInitParams [org.springframework.core.env.PropertySource$StubPropertySource] to EncryptablePropertySourceWrapper
2021-12-20 23:02:06,001 INFO com.ulisesbocchio.jasyptspringboot.EncryptablePropertySourceConverter [restartedMain] Converting PropertySource servletContextInitParams [org.springframework.core.env.PropertySource$StubPropertySource] to EncryptablePropertySourceWrapper
2021-12-20 23:02:06,001 INFO com.ulisesbocchio.jasyptspringboot.EncryptablePropertySourceConverter [restartedMain] Converting PropertySource systemProperties [org.springframework.core.env.PropertiesPropertySource] to EncryptableMapPropertySourceWrapper
2021-12-20 23:02:06,002 INFO com.ulisesbocchio.jasyptspringboot.EncryptablePropertySourceConverter [restartedMain] Converting PropertySource systemEnvironment [org.springframework.boot.env.SystemEnvironmentPropertySourceEnvironmentPostProcessor$OriginAwareSystemEnvironmentPropertySource] to EncryptableMapPropertySourceWrapper
2021-12-20 23:02:06,002 INFO com.ulisesbocchio.jasyptspringboot.EncryptablePropertySourceConverter [restartedMain] Converting PropertySource random [org.springframework.boot.env.RandomValuePropertySource] to EncryptablePropertySourceWrapper
2021-12-20 23:02:06,002 INFO com.ulisesbocchio.jasyptspringboot.EncryptablePropertySourceConverter [restartedMain] Converting PropertySource Config resource 'class path resource [application.yaml]' via location 'optional:classpath:/' [org.springframework.boot.env.OriginTrackedMapPropertySource] to EncryptableMapPropertySourceWrapper
2021-12-20 23:02:06,002 INFO com.ulisesbocchio.jasyptspringboot.EncryptablePropertySourceConverter [restartedMain] Converting PropertySource devtools [org.springframework.core.env.MapPropertySource] to EncryptableMapPropertySourceWrapper
2021-12-20 23:02:06,031 INFO com.ulisesbocchio.jasyptspringboot.filter.DefaultLazyPropertyFilter [restartedMain] Property Filter custom Bean not found with name 'encryptablePropertyFilter'. Initializing Default Property Filter
2021-12-20 23:02:06,271 INFO com.ulisesbocchio.jasyptspringboot.resolver.DefaultLazyPropertyResolver [restartedMain] Property Resolver custom Bean not found with name 'encryptablePropertyResolver'. Initializing Default Property Resolver
2021-12-20 23:02:06,281 INFO com.ulisesbocchio.jasyptspringboot.detector.DefaultLazyPropertyDetector [restartedMain] Property Detector custom Bean not found with name 'encryptablePropertyDetector'. Initializing Default Property Detector
2021-12-20 23:02:07,208 INFO org.springframework.boot.web.embedded.tomcat.TomcatWebServer [restartedMain] Tomcat initialized with port(s): 8083 (http)
2021-12-20 23:02:07,221 INFO org.apache.juli.logging.DirectJDKLog [restartedMain] Initializing ProtocolHandler ["http-nio-8083"]
2021-12-20 23:02:07,222 INFO org.apache.juli.logging.DirectJDKLog [restartedMain] Starting service [Tomcat]
2021-12-20 23:02:07,223 INFO org.apache.juli.logging.DirectJDKLog [restartedMain] Starting Servlet engine: [Apache Tomcat/9.0.50]
2021-12-20 23:02:07,389 INFO org.apache.juli.logging.DirectJDKLog [restartedMain] Initializing Spring embedded WebApplicationContext
2021-12-20 23:02:07,390 INFO org.springframework.boot.web.servlet.context.ServletWebServerApplicationContext [restartedMain] Root WebApplicationContext: initialization completed in 4515 ms
2021-12-20 23:02:07,796 INFO com.zaxxer.hikari.HikariDataSource [restartedMain] pool - Starting...
2021-12-20 23:02:08,181 INFO com.zaxxer.hikari.HikariDataSource [restartedMain] pool - Start completed.
2021-12-20 23:02:08,207 INFO org.flywaydb.core.internal.logging.slf4j.Slf4jLog [restartedMain] Flyway Community Edition 5.2.1 by Boxfuse
2021-12-20 23:02:08,221 INFO org.flywaydb.core.internal.logging.slf4j.Slf4jLog [restartedMain] Database: jdbc:sqlserver://localhost:1433;maxResultBuffer=-1;sendTemporalDataTypesAsStringForBulkCopy=true;delayLoadingLobs=true;useFmtOnly=false;useBulkCopyForBatchInsert=false;cancelQueryTimeout=-1;sslProtocol=TLS;jaasConfigurationName=SQLJDBCDriver;statementPoolingCacheSize=0;serverPreparedStatementDiscardThreshold=10;enablePrepareOnFirstPreparedStatementCall=false;fips=false;socketTimeout=0;authentication=NotSpecified;authenticationScheme=nativeAuthentication;xopenStates=false;sendTimeAsDatetime=true;trustStoreType=JKS;trustServerCertificate=false;TransparentNetworkIPResolution=true;serverNameAsACE=false;sendStringParametersAsUnicode=true;selectMethod=direct;responseBuffering=adaptive;queryTimeout=-1;packetSize=8000;multiSubnetFailover=false;loginTimeout=30;lockTimeout=-1;lastUpdateCount=true;encrypt=false;disableStatementPooling=true;databaseName=recomendadordb;columnEncryptionSetting=Disabled;applicationName=Microsoft JDBC Driver for SQL Server;applicationIntent=readwrite; (Microsoft SQL Server 15.0)
2021-12-20 23:02:08,262 WARN org.flywaydb.core.internal.logging.slf4j.Slf4jLog [restartedMain] Flyway upgrade recommended: SQL Server 15.0 is newer than this version of Flyway and support has not been tested.
2021-12-20 23:02:08,343 INFO org.flywaydb.core.internal.logging.slf4j.Slf4jLog [restartedMain] Successfully validated 1 migration (execution time 00:00.028s)
2021-12-20 23:02:08,403 INFO org.flywaydb.core.internal.logging.slf4j.Slf4jLog [restartedMain] Creating Schema History table: [recomendadordb].[dbo].[flyway_schema_history]
2021-12-20 23:02:08,446 INFO org.flywaydb.core.internal.logging.slf4j.Slf4jLog [restartedMain] Current version of schema [dbo]: << Empty Schema >>
2021-12-20 23:02:08,452 INFO org.flywaydb.core.internal.logging.slf4j.Slf4jLog [restartedMain] Migrating schema [dbo] to version 1.0 - schema
2021-12-20 23:02:08,502 INFO org.flywaydb.core.internal.logging.slf4j.Slf4jLog [restartedMain] Successfully applied 1 migration to schema [dbo] (execution time 00:00.100s)
2021-12-20 23:02:09,353 INFO org.springframework.boot.actuate.endpoint.web.EndpointLinksResolver [restartedMain] Exposing 1 endpoint(s) beneath base path '/actuator'
2021-12-20 23:02:09,484 INFO springfox.documentation.spring.web.PropertySourcedRequestMappingHandlerMapping [restartedMain] Mapped URL path [/v2/api-docs] onto method [springfox.documentation.swagger2.web.Swagger2Controller#getDocumentation(String, HttpServletRequest)]
2021-12-20 23:02:09,585 INFO org.springframework.boot.devtools.autoconfigure.OptionalLiveReloadServer [restartedMain] LiveReload server is running on port 35729
2021-12-20 23:02:09,867 INFO org.apache.juli.logging.DirectJDKLog [restartedMain] Starting ProtocolHandler ["http-nio-8083"]
2021-12-20 23:02:09,926 INFO org.springframework.boot.web.embedded.tomcat.TomcatWebServer [restartedMain] Tomcat started on port(s): 8083 (http) with context path '/meta-recomendador'
2021-12-20 23:02:09,928 INFO springfox.documentation.spring.web.plugins.DocumentationPluginsBootstrapper [restartedMain] Context refreshed
2021-12-20 23:02:09,957 INFO springfox.documentation.spring.web.plugins.DocumentationPluginsBootstrapper [restartedMain] Found 1 custom documentation plugin(s)
2021-12-20 23:02:10,021 INFO springfox.documentation.spring.web.scanners.ApiListingReferenceScanner [restartedMain] Scanning for api listing references
2021-12-20 23:02:10,248 INFO springfox.documentation.spring.web.readers.operation.CachingOperationNameGenerator [restartedMain] Generating unique operation named: crearUsingPOST_1
2021-12-20 23:02:10,262 INFO springfox.documentation.spring.web.readers.operation.CachingOperationNameGenerator [restartedMain] Generating unique operation named: actualizarUsingPUT_1
2021-12-20 23:02:10,264 INFO springfox.documentation.spring.web.readers.operation.CachingOperationNameGenerator [restartedMain] Generating unique operation named: crearUsingPOST_2
2021-12-20 23:02:10,285 INFO springfox.documentation.spring.web.readers.operation.CachingOperationNameGenerator [restartedMain] Generating unique operation named: listarUsingGET_1
2021-12-20 23:02:10,293 INFO springfox.documentation.spring.web.readers.operation.CachingOperationNameGenerator [restartedMain] Generating unique operation named: listarUsingGET_2
2021-12-20 23:02:10,333 INFO org.springframework.boot.StartupInfoLogger [restartedMain] Started Application in 8.934 seconds (JVM running for 10.573)
