2022-01-03 10:43:36,869 WARN com.zaxxer.hikari.pool.HikariPool$HouseKeeper [pool housekeeper] pool - Thread starvation or clock leap detected (housekeeper delta=15h30m16s275ms313µs600ns).
2022-01-03 12:49:57,728 WARN org.springframework.web.servlet.handler.AbstractHandlerExceptionResolver [http-nio-8083-exec-5] Resolved [org.springframework.http.converter.HttpMessageNotReadableException: Required request body is missing: public com.ceiba.ComandoRespuesta<com.ceiba.api_busqueda.modelo.dto.RespApiBusqueda> com.ceiba.recomendacion.ConsultaControladorRecomendacion.consultarRecomendacion(com.ceiba.recomendacion.comando.ComandoConsultarRecomendacion) throws java.io.IOException]
2022-01-03 12:50:38,306 WARN org.springframework.web.servlet.handler.AbstractHandlerExceptionResolver [http-nio-8083-exec-2] Resolved [org.springframework.http.converter.HttpMessageNotReadableException: Required request body is missing: public com.ceiba.ComandoRespuesta<com.ceiba.api_busqueda.modelo.dto.RespApiBusqueda> com.ceiba.recomendacion.ConsultaControladorRecomendacion.consultarRecomendacion(com.ceiba.recomendacion.comando.ComandoConsultarRecomendacion) throws java.io.IOException]
2022-01-03 12:51:40,080 ERROR com.ceiba.infraestructura.error.ManejadorError [http-nio-8083-exec-9] IndexOutOfBoundsException
java.lang.IndexOutOfBoundsException: Index 3 out of bounds for length 3
	at java.base/jdk.internal.util.Preconditions.outOfBounds(Preconditions.java:64)
	at java.base/jdk.internal.util.Preconditions.outOfBoundsCheckIndex(Preconditions.java:70)
	at java.base/jdk.internal.util.Preconditions.checkIndex(Preconditions.java:248)
	at java.base/java.util.Objects.checkIndex(Objects.java:372)
	at java.base/java.util.ArrayList.get(ArrayList.java:459)
	at com.ceiba.recomendacion.servicio.ServicioCrearRecomendacion.unirRespApi(ServicioCrearRecomendacion.java:59)
	at com.ceiba.recomendacion.servicio.ServicioCrearRecomendacion.ejecutar(ServicioCrearRecomendacion.java:37)
	at com.ceiba.recomendacion.manejador.ManejadorConsultarRecomendacion.ejecutar(ManejadorConsultarRecomendacion.java:36)
	at com.ceiba.recomendacion.manejador.ManejadorConsultarRecomendacion$$FastClassBySpringCGLIB$$1a6c906e.invoke(<generated>)
	at org.springframework.cglib.proxy.MethodProxy.invoke(MethodProxy.java:218)
	at org.springframework.aop.framework.CglibAopProxy$CglibMethodInvocation.invokeJoinpoint(CglibAopProxy.java:779)
	at org.springframework.aop.framework.ReflectiveMethodInvocation.proceed(ReflectiveMethodInvocation.java:163)
	at org.springframework.aop.framework.CglibAopProxy$CglibMethodInvocation.proceed(CglibAopProxy.java:750)
	at org.springframework.transaction.interceptor.TransactionInterceptor$1.proceedWithInvocation(TransactionInterceptor.java:123)
	at org.springframework.transaction.interceptor.TransactionAspectSupport.invokeWithinTransaction(TransactionAspectSupport.java:388)
	at org.springframework.transaction.interceptor.TransactionInterceptor.invoke(TransactionInterceptor.java:119)
	at org.springframework.aop.framework.ReflectiveMethodInvocation.proceed(ReflectiveMethodInvocation.java:186)
	at org.springframework.aop.framework.CglibAopProxy$CglibMethodInvocation.proceed(CglibAopProxy.java:750)
	at org.springframework.aop.framework.CglibAopProxy$DynamicAdvisedInterceptor.intercept(CglibAopProxy.java:692)
	at com.ceiba.recomendacion.manejador.ManejadorConsultarRecomendacion$$EnhancerBySpringCGLIB$$1f4b0cb3.ejecutar(<generated>)
	at com.ceiba.recomendacion.ConsultaControladorRecomendacion.consultarRecomendacion(ConsultaControladorRecomendacion.java:27)
	at jdk.internal.reflect.GeneratedMethodAccessor102.invoke(Unknown Source)
	at java.base/jdk.internal.reflect.DelegatingMethodAccessorImpl.invoke(DelegatingMethodAccessorImpl.java:43)
	at java.base/java.lang.reflect.Method.invoke(Method.java:566)
	at org.springframework.web.method.support.InvocableHandlerMethod.doInvoke(InvocableHandlerMethod.java:197)
	at org.springframework.web.method.support.InvocableHandlerMethod.invokeForRequest(InvocableHandlerMethod.java:141)
	at org.springframework.web.servlet.mvc.method.annotation.ServletInvocableHandlerMethod.invokeAndHandle(ServletInvocableHandlerMethod.java:106)
	at org.springframework.web.servlet.mvc.method.annotation.RequestMappingHandlerAdapter.invokeHandlerMethod(RequestMappingHandlerAdapter.java:895)
	at org.springframework.web.servlet.mvc.method.annotation.RequestMappingHandlerAdapter.handleInternal(RequestMappingHandlerAdapter.java:808)
	at org.springframework.web.servlet.mvc.method.AbstractHandlerMethodAdapter.handle(AbstractHandlerMethodAdapter.java:87)
	at org.springframework.web.servlet.DispatcherServlet.doDispatch(DispatcherServlet.java:1064)
	at org.springframework.web.servlet.DispatcherServlet.doService(DispatcherServlet.java:963)
	at org.springframework.web.servlet.FrameworkServlet.processRequest(FrameworkServlet.java:1006)
	at org.springframework.web.servlet.FrameworkServlet.doPost(FrameworkServlet.java:909)
	at javax.servlet.http.HttpServlet.service(HttpServlet.java:517)
	at org.springframework.web.servlet.FrameworkServlet.service(FrameworkServlet.java:883)
	at javax.servlet.http.HttpServlet.service(HttpServlet.java:584)
	at org.apache.catalina.core.ApplicationFilterChain.internalDoFilter(ApplicationFilterChain.java:228)
	at org.apache.catalina.core.ApplicationFilterChain.doFilter(ApplicationFilterChain.java:163)
	at com.ceiba.infraestructura.filtro.FiltroHeaderSeguridad.doFilter(FiltroHeaderSeguridad.java:28)
	at org.apache.catalina.core.ApplicationFilterChain.internalDoFilter(ApplicationFilterChain.java:190)
	at org.apache.catalina.core.ApplicationFilterChain.doFilter(ApplicationFilterChain.java:163)
	at org.springframework.web.filter.RequestContextFilter.doFilterInternal(RequestContextFilter.java:100)
	at org.springframework.web.filter.OncePerRequestFilter.doFilter(OncePerRequestFilter.java:119)
	at org.apache.catalina.core.ApplicationFilterChain.internalDoFilter(ApplicationFilterChain.java:190)
	at org.apache.catalina.core.ApplicationFilterChain.doFilter(ApplicationFilterChain.java:163)
	at org.springframework.web.filter.FormContentFilter.doFilterInternal(FormContentFilter.java:93)
	at org.springframework.web.filter.OncePerRequestFilter.doFilter(OncePerRequestFilter.java:119)
	at org.apache.catalina.core.ApplicationFilterChain.internalDoFilter(ApplicationFilterChain.java:190)
	at org.apache.catalina.core.ApplicationFilterChain.doFilter(ApplicationFilterChain.java:163)
	at org.springframework.boot.actuate.metrics.web.servlet.WebMvcMetricsFilter.doFilterInternal(WebMvcMetricsFilter.java:96)
	at org.springframework.web.filter.OncePerRequestFilter.doFilter(OncePerRequestFilter.java:119)
	at org.apache.catalina.core.ApplicationFilterChain.internalDoFilter(ApplicationFilterChain.java:190)
	at org.apache.catalina.core.ApplicationFilterChain.doFilter(ApplicationFilterChain.java:163)
	at org.springframework.web.filter.CharacterEncodingFilter.doFilterInternal(CharacterEncodingFilter.java:201)
	at org.springframework.web.filter.OncePerRequestFilter.doFilter(OncePerRequestFilter.java:119)
	at org.apache.catalina.core.ApplicationFilterChain.internalDoFilter(ApplicationFilterChain.java:190)
	at org.apache.catalina.core.ApplicationFilterChain.doFilter(ApplicationFilterChain.java:163)
	at org.apache.catalina.core.StandardWrapperValve.invoke(StandardWrapperValve.java:202)
	at org.apache.catalina.core.StandardContextValve.invoke(StandardContextValve.java:97)
	at org.apache.catalina.authenticator.AuthenticatorBase.invoke(AuthenticatorBase.java:542)
	at org.apache.catalina.core.StandardHostValve.invoke(StandardHostValve.java:143)
	at org.apache.catalina.valves.ErrorReportValve.invoke(ErrorReportValve.java:92)
	at org.apache.catalina.core.StandardEngineValve.invoke(StandardEngineValve.java:78)
	at org.apache.catalina.connector.CoyoteAdapter.service(CoyoteAdapter.java:357)
	at org.apache.coyote.http11.Http11Processor.service(Http11Processor.java:382)
	at org.apache.coyote.AbstractProcessorLight.process(AbstractProcessorLight.java:65)
	at org.apache.coyote.AbstractProtocol$ConnectionHandler.process(AbstractProtocol.java:893)
	at org.apache.tomcat.util.net.NioEndpoint$SocketProcessor.doRun(NioEndpoint.java:1723)
	at org.apache.tomcat.util.net.SocketProcessorBase.run(SocketProcessorBase.java:49)
	at java.base/java.util.concurrent.ThreadPoolExecutor.runWorker(ThreadPoolExecutor.java:1128)
	at java.base/java.util.concurrent.ThreadPoolExecutor$Worker.run(ThreadPoolExecutor.java:628)
	at org.apache.tomcat.util.threads.TaskThread$WrappingRunnable.run(TaskThread.java:61)
	at java.base/java.lang.Thread.run(Thread.java:834)
2022-01-03 12:51:40,082 WARN org.springframework.web.servlet.handler.AbstractHandlerExceptionResolver [http-nio-8083-exec-9] Resolved [java.lang.IndexOutOfBoundsException: Index 3 out of bounds for length 3]
2022-01-03 22:52:44,525 WARN com.zaxxer.hikari.pool.HikariPool$HouseKeeper [pool housekeeper] pool - Thread starvation or clock leap detected (housekeeper delta=2h54m28s663ms903µs200ns).
2022-01-03 23:19:51,815 ERROR com.ceiba.infraestructura.error.ManejadorError [http-nio-8083-exec-10] IndexOutOfBoundsException
java.lang.IndexOutOfBoundsException: Index 0 out of bounds for length 0
	at java.base/jdk.internal.util.Preconditions.outOfBounds(Preconditions.java:64)
	at java.base/jdk.internal.util.Preconditions.outOfBoundsCheckIndex(Preconditions.java:70)
	at java.base/jdk.internal.util.Preconditions.checkIndex(Preconditions.java:248)
	at java.base/java.util.Objects.checkIndex(Objects.java:372)
	at java.base/java.util.ArrayList.get(ArrayList.java:459)
	at com.ceiba.recomendacion.servicio.ServicioCrearRecomendacion.unirRespApi(ServicioCrearRecomendacion.java:59)
	at com.ceiba.recomendacion.servicio.ServicioCrearRecomendacion.ejecutar(ServicioCrearRecomendacion.java:37)
	at com.ceiba.recomendacion.manejador.ManejadorConsultarRecomendacion.ejecutar(ManejadorConsultarRecomendacion.java:36)
	at com.ceiba.recomendacion.manejador.ManejadorConsultarRecomendacion$$FastClassBySpringCGLIB$$1a6c906e.invoke(<generated>)
	at org.springframework.cglib.proxy.MethodProxy.invoke(MethodProxy.java:218)
	at org.springframework.aop.framework.CglibAopProxy$CglibMethodInvocation.invokeJoinpoint(CglibAopProxy.java:779)
	at org.springframework.aop.framework.ReflectiveMethodInvocation.proceed(ReflectiveMethodInvocation.java:163)
	at org.springframework.aop.framework.CglibAopProxy$CglibMethodInvocation.proceed(CglibAopProxy.java:750)
	at org.springframework.transaction.interceptor.TransactionInterceptor$1.proceedWithInvocation(TransactionInterceptor.java:123)
	at org.springframework.transaction.interceptor.TransactionAspectSupport.invokeWithinTransaction(TransactionAspectSupport.java:388)
	at org.springframework.transaction.interceptor.TransactionInterceptor.invoke(TransactionInterceptor.java:119)
	at org.springframework.aop.framework.ReflectiveMethodInvocation.proceed(ReflectiveMethodInvocation.java:186)
	at org.springframework.aop.framework.CglibAopProxy$CglibMethodInvocation.proceed(CglibAopProxy.java:750)
	at org.springframework.aop.framework.CglibAopProxy$DynamicAdvisedInterceptor.intercept(CglibAopProxy.java:692)
	at com.ceiba.recomendacion.manejador.ManejadorConsultarRecomendacion$$EnhancerBySpringCGLIB$$1f4b0cb3.ejecutar(<generated>)
	at com.ceiba.recomendacion.ConsultaControladorRecomendacion.consultarRecomendacion(ConsultaControladorRecomendacion.java:27)
	at jdk.internal.reflect.GeneratedMethodAccessor102.invoke(Unknown Source)
	at java.base/jdk.internal.reflect.DelegatingMethodAccessorImpl.invoke(DelegatingMethodAccessorImpl.java:43)
	at java.base/java.lang.reflect.Method.invoke(Method.java:566)
	at org.springframework.web.method.support.InvocableHandlerMethod.doInvoke(InvocableHandlerMethod.java:197)
	at org.springframework.web.method.support.InvocableHandlerMethod.invokeForRequest(InvocableHandlerMethod.java:141)
	at org.springframework.web.servlet.mvc.method.annotation.ServletInvocableHandlerMethod.invokeAndHandle(ServletInvocableHandlerMethod.java:106)
	at org.springframework.web.servlet.mvc.method.annotation.RequestMappingHandlerAdapter.invokeHandlerMethod(RequestMappingHandlerAdapter.java:895)
	at org.springframework.web.servlet.mvc.method.annotation.RequestMappingHandlerAdapter.handleInternal(RequestMappingHandlerAdapter.java:808)
	at org.springframework.web.servlet.mvc.method.AbstractHandlerMethodAdapter.handle(AbstractHandlerMethodAdapter.java:87)
	at org.springframework.web.servlet.DispatcherServlet.doDispatch(DispatcherServlet.java:1064)
	at org.springframework.web.servlet.DispatcherServlet.doService(DispatcherServlet.java:963)
	at org.springframework.web.servlet.FrameworkServlet.processRequest(FrameworkServlet.java:1006)
	at org.springframework.web.servlet.FrameworkServlet.doPost(FrameworkServlet.java:909)
	at javax.servlet.http.HttpServlet.service(HttpServlet.java:517)
	at org.springframework.web.servlet.FrameworkServlet.service(FrameworkServlet.java:883)
	at javax.servlet.http.HttpServlet.service(HttpServlet.java:584)
	at org.apache.catalina.core.ApplicationFilterChain.internalDoFilter(ApplicationFilterChain.java:228)
	at org.apache.catalina.core.ApplicationFilterChain.doFilter(ApplicationFilterChain.java:163)
	at com.ceiba.infraestructura.filtro.FiltroHeaderSeguridad.doFilter(FiltroHeaderSeguridad.java:28)
	at org.apache.catalina.core.ApplicationFilterChain.internalDoFilter(ApplicationFilterChain.java:190)
	at org.apache.catalina.core.ApplicationFilterChain.doFilter(ApplicationFilterChain.java:163)
	at org.springframework.web.filter.RequestContextFilter.doFilterInternal(RequestContextFilter.java:100)
	at org.springframework.web.filter.OncePerRequestFilter.doFilter(OncePerRequestFilter.java:119)
	at org.apache.catalina.core.ApplicationFilterChain.internalDoFilter(ApplicationFilterChain.java:190)
	at org.apache.catalina.core.ApplicationFilterChain.doFilter(ApplicationFilterChain.java:163)
	at org.springframework.web.filter.FormContentFilter.doFilterInternal(FormContentFilter.java:93)
	at org.springframework.web.filter.OncePerRequestFilter.doFilter(OncePerRequestFilter.java:119)
	at org.apache.catalina.core.ApplicationFilterChain.internalDoFilter(ApplicationFilterChain.java:190)
	at org.apache.catalina.core.ApplicationFilterChain.doFilter(ApplicationFilterChain.java:163)
	at org.springframework.boot.actuate.metrics.web.servlet.WebMvcMetricsFilter.doFilterInternal(WebMvcMetricsFilter.java:96)
	at org.springframework.web.filter.OncePerRequestFilter.doFilter(OncePerRequestFilter.java:119)
	at org.apache.catalina.core.ApplicationFilterChain.internalDoFilter(ApplicationFilterChain.java:190)
	at org.apache.catalina.core.ApplicationFilterChain.doFilter(ApplicationFilterChain.java:163)
	at org.springframework.web.filter.CharacterEncodingFilter.doFilterInternal(CharacterEncodingFilter.java:201)
	at org.springframework.web.filter.OncePerRequestFilter.doFilter(OncePerRequestFilter.java:119)
	at org.apache.catalina.core.ApplicationFilterChain.internalDoFilter(ApplicationFilterChain.java:190)
	at org.apache.catalina.core.ApplicationFilterChain.doFilter(ApplicationFilterChain.java:163)
	at org.apache.catalina.core.StandardWrapperValve.invoke(StandardWrapperValve.java:202)
	at org.apache.catalina.core.StandardContextValve.invoke(StandardContextValve.java:97)
	at org.apache.catalina.authenticator.AuthenticatorBase.invoke(AuthenticatorBase.java:542)
	at org.apache.catalina.core.StandardHostValve.invoke(StandardHostValve.java:143)
	at org.apache.catalina.valves.ErrorReportValve.invoke(ErrorReportValve.java:92)
	at org.apache.catalina.core.StandardEngineValve.invoke(StandardEngineValve.java:78)
	at org.apache.catalina.connector.CoyoteAdapter.service(CoyoteAdapter.java:357)
	at org.apache.coyote.http11.Http11Processor.service(Http11Processor.java:382)
	at org.apache.coyote.AbstractProcessorLight.process(AbstractProcessorLight.java:65)
	at org.apache.coyote.AbstractProtocol$ConnectionHandler.process(AbstractProtocol.java:893)
	at org.apache.tomcat.util.net.NioEndpoint$SocketProcessor.doRun(NioEndpoint.java:1723)
	at org.apache.tomcat.util.net.SocketProcessorBase.run(SocketProcessorBase.java:49)
	at java.base/java.util.concurrent.ThreadPoolExecutor.runWorker(ThreadPoolExecutor.java:1128)
	at java.base/java.util.concurrent.ThreadPoolExecutor$Worker.run(ThreadPoolExecutor.java:628)
	at org.apache.tomcat.util.threads.TaskThread$WrappingRunnable.run(TaskThread.java:61)
	at java.base/java.lang.Thread.run(Thread.java:834)
2022-01-03 23:19:51,818 WARN org.springframework.web.servlet.handler.AbstractHandlerExceptionResolver [http-nio-8083-exec-10] Resolved [java.lang.IndexOutOfBoundsException: Index 0 out of bounds for length 0]
