2022-01-07 08:24:03,702 WARN com.zaxxer.hikari.pool.HikariPool$HouseKeeper [pool housekeeper] pool - Thread starvation or clock leap detected (housekeeper delta=6h48m50s89ms962탎300ns).
2022-01-07 12:18:35,661 WARN org.springframework.web.servlet.handler.AbstractHandlerExceptionResolver [http-nio-8083-exec-3] Resolved [org.springframework.http.converter.HttpMessageNotReadableException: Required request body is missing: public com.ceiba.ComandoRespuesta<com.ceiba.api_busqueda.modelo.dto.RespApiBusqueda> com.ceiba.recomendacion.ConsultaControladorRecomendacion.consultarRecomendacion(com.ceiba.recomendacion.comando.ComandoConsultarRecomendacion) throws java.io.IOException]
2022-01-07 12:33:37,210 WARN com.zaxxer.hikari.pool.HikariPool$HouseKeeper [pool housekeeper] pool - Thread starvation or clock leap detected (housekeeper delta=3m14s188ms104탎900ns).
2022-01-07 12:36:07,442 INFO org.springframework.boot.StartupInfoLogger [restartedMain] Starting Application using Java 11.0.12 on JUAN-HURTADO with PID 30460 (D:\Meta-Recomendador\java-arquitectura-hexagonal\microservicio\build\classes\java\main started by juan.hurtado in D:\Meta-Recomendador\java-arquitectura-hexagonal\microservicio)
2022-01-07 12:36:07,456 INFO org.springframework.boot.SpringApplication [restartedMain] No active profile set, falling back to default profiles: default
2022-01-07 12:36:07,529 INFO org.springframework.boot.logging.DeferredLog [restartedMain] Devtools property defaults active! Set 'spring.devtools.add-properties' to 'false' to disable
2022-01-07 12:36:07,529 INFO org.springframework.boot.logging.DeferredLog [restartedMain] For additional web related logging consider setting the 'logging.level.web' property to 'DEBUG'
2022-01-07 12:36:09,526 INFO com.ulisesbocchio.jasyptspringboot.configuration.EnableEncryptablePropertiesBeanFactoryPostProcessor [restartedMain] Post-processing PropertySource instances
2022-01-07 12:36:09,588 INFO com.ulisesbocchio.jasyptspringboot.EncryptablePropertySourceConverter [restartedMain] Converting PropertySource configurationProperties [org.springframework.boot.context.properties.source.ConfigurationPropertySourcesPropertySource] to AOP Proxy
2022-01-07 12:36:09,589 INFO com.ulisesbocchio.jasyptspringboot.EncryptablePropertySourceConverter [restartedMain] Converting PropertySource servletConfigInitParams [org.springframework.core.env.PropertySource$StubPropertySource] to EncryptablePropertySourceWrapper
2022-01-07 12:36:09,589 INFO com.ulisesbocchio.jasyptspringboot.EncryptablePropertySourceConverter [restartedMain] Converting PropertySource servletContextInitParams [org.springframework.core.env.PropertySource$StubPropertySource] to EncryptablePropertySourceWrapper
2022-01-07 12:36:09,591 INFO com.ulisesbocchio.jasyptspringboot.EncryptablePropertySourceConverter [restartedMain] Converting PropertySource systemProperties [org.springframework.core.env.PropertiesPropertySource] to EncryptableMapPropertySourceWrapper
2022-01-07 12:36:09,591 INFO com.ulisesbocchio.jasyptspringboot.EncryptablePropertySourceConverter [restartedMain] Converting PropertySource systemEnvironment [org.springframework.boot.env.SystemEnvironmentPropertySourceEnvironmentPostProcessor$OriginAwareSystemEnvironmentPropertySource] to EncryptableMapPropertySourceWrapper
2022-01-07 12:36:09,591 INFO com.ulisesbocchio.jasyptspringboot.EncryptablePropertySourceConverter [restartedMain] Converting PropertySource random [org.springframework.boot.env.RandomValuePropertySource] to EncryptablePropertySourceWrapper
2022-01-07 12:36:09,591 INFO com.ulisesbocchio.jasyptspringboot.EncryptablePropertySourceConverter [restartedMain] Converting PropertySource Config resource 'class path resource [application.yaml]' via location 'optional:classpath:/' [org.springframework.boot.env.OriginTrackedMapPropertySource] to EncryptableMapPropertySourceWrapper
2022-01-07 12:36:09,591 INFO com.ulisesbocchio.jasyptspringboot.EncryptablePropertySourceConverter [restartedMain] Converting PropertySource devtools [org.springframework.core.env.MapPropertySource] to EncryptableMapPropertySourceWrapper
2022-01-07 12:36:09,612 INFO com.ulisesbocchio.jasyptspringboot.filter.DefaultLazyPropertyFilter [restartedMain] Property Filter custom Bean not found with name 'encryptablePropertyFilter'. Initializing Default Property Filter
2022-01-07 12:36:09,991 INFO com.ulisesbocchio.jasyptspringboot.resolver.DefaultLazyPropertyResolver [restartedMain] Property Resolver custom Bean not found with name 'encryptablePropertyResolver'. Initializing Default Property Resolver
2022-01-07 12:36:09,997 INFO com.ulisesbocchio.jasyptspringboot.detector.DefaultLazyPropertyDetector [restartedMain] Property Detector custom Bean not found with name 'encryptablePropertyDetector'. Initializing Default Property Detector
2022-01-07 12:36:12,202 INFO org.springframework.boot.web.embedded.tomcat.TomcatWebServer [restartedMain] Tomcat initialized with port(s): 8083 (http)
2022-01-07 12:36:12,238 INFO org.apache.juli.logging.DirectJDKLog [restartedMain] Initializing ProtocolHandler ["http-nio-8083"]
2022-01-07 12:36:12,239 INFO org.apache.juli.logging.DirectJDKLog [restartedMain] Starting service [Tomcat]
2022-01-07 12:36:12,240 INFO org.apache.juli.logging.DirectJDKLog [restartedMain] Starting Servlet engine: [Apache Tomcat/9.0.50]
2022-01-07 12:36:12,787 INFO org.apache.juli.logging.DirectJDKLog [restartedMain] Initializing Spring embedded WebApplicationContext
2022-01-07 12:36:12,788 INFO org.springframework.boot.web.servlet.context.ServletWebServerApplicationContext [restartedMain] Root WebApplicationContext: initialization completed in 5257 ms
2022-01-07 12:36:13,456 INFO com.zaxxer.hikari.HikariDataSource [restartedMain] pool - Starting...
2022-01-07 12:36:15,797 INFO com.zaxxer.hikari.HikariDataSource [restartedMain] pool - Start completed.
2022-01-07 12:36:15,930 INFO org.flywaydb.core.internal.logging.slf4j.Slf4jLog [restartedMain] Flyway Community Edition 5.2.1 by Boxfuse
2022-01-07 12:36:15,979 INFO org.flywaydb.core.internal.logging.slf4j.Slf4jLog [restartedMain] Database: jdbc:sqlserver://localhost:1433;maxResultBuffer=-1;sendTemporalDataTypesAsStringForBulkCopy=true;delayLoadingLobs=true;useFmtOnly=false;useBulkCopyForBatchInsert=false;cancelQueryTimeout=-1;sslProtocol=TLS;jaasConfigurationName=SQLJDBCDriver;statementPoolingCacheSize=0;serverPreparedStatementDiscardThreshold=10;enablePrepareOnFirstPreparedStatementCall=false;fips=false;socketTimeout=0;authentication=NotSpecified;authenticationScheme=nativeAuthentication;xopenStates=false;sendTimeAsDatetime=true;trustStoreType=JKS;trustServerCertificate=false;TransparentNetworkIPResolution=true;serverNameAsACE=false;sendStringParametersAsUnicode=true;selectMethod=direct;responseBuffering=adaptive;queryTimeout=-1;packetSize=8000;multiSubnetFailover=false;loginTimeout=30;lockTimeout=-1;lastUpdateCount=true;encrypt=false;disableStatementPooling=true;databaseName=recomendadordb;columnEncryptionSetting=Disabled;applicationName=Microsoft JDBC Driver for SQL Server;applicationIntent=readwrite; (Microsoft SQL Server 15.0)
2022-01-07 12:36:16,043 WARN org.flywaydb.core.internal.logging.slf4j.Slf4jLog [restartedMain] Flyway upgrade recommended: SQL Server 15.0 is newer than this version of Flyway and support has not been tested.
2022-01-07 12:36:16,227 INFO org.flywaydb.core.internal.logging.slf4j.Slf4jLog [restartedMain] Successfully validated 1 migration (execution time 00:00.056s)
2022-01-07 12:36:16,262 INFO org.flywaydb.core.internal.logging.slf4j.Slf4jLog [restartedMain] Current version of schema [dbo]: 1.0
2022-01-07 12:36:16,271 INFO org.flywaydb.core.internal.logging.slf4j.Slf4jLog [restartedMain] Schema [dbo] is up to date. No migration necessary.
2022-01-07 12:36:17,506 INFO org.springframework.boot.actuate.endpoint.web.EndpointLinksResolver [restartedMain] Exposing 1 endpoint(s) beneath base path '/actuator'
2022-01-07 12:36:17,687 INFO springfox.documentation.spring.web.PropertySourcedRequestMappingHandlerMapping [restartedMain] Mapped URL path [/v2/api-docs] onto method [springfox.documentation.swagger2.web.Swagger2Controller#getDocumentation(String, HttpServletRequest)]
2022-01-07 12:36:17,935 INFO org.springframework.boot.devtools.autoconfigure.OptionalLiveReloadServer [restartedMain] LiveReload server is running on port 35729
2022-01-07 12:36:18,569 INFO org.apache.juli.logging.DirectJDKLog [restartedMain] Starting ProtocolHandler ["http-nio-8083"]
2022-01-07 12:36:18,620 INFO org.springframework.boot.web.embedded.tomcat.TomcatWebServer [restartedMain] Tomcat started on port(s): 8083 (http) with context path '/meta-recomendador'
2022-01-07 12:36:18,623 INFO springfox.documentation.spring.web.plugins.DocumentationPluginsBootstrapper [restartedMain] Context refreshed
2022-01-07 12:36:18,719 INFO springfox.documentation.spring.web.plugins.DocumentationPluginsBootstrapper [restartedMain] Found 1 custom documentation plugin(s)
2022-01-07 12:36:18,852 INFO springfox.documentation.spring.web.scanners.ApiListingReferenceScanner [restartedMain] Scanning for api listing references
2022-01-07 12:36:19,141 INFO springfox.documentation.spring.web.readers.operation.CachingOperationNameGenerator [restartedMain] Generating unique operation named: crearUsingPOST_1
2022-01-07 12:36:19,150 INFO springfox.documentation.spring.web.readers.operation.CachingOperationNameGenerator [restartedMain] Generating unique operation named: actualizarUsingPUT_1
2022-01-07 12:36:19,160 INFO springfox.documentation.spring.web.readers.operation.CachingOperationNameGenerator [restartedMain] Generating unique operation named: crearUsingPOST_2
2022-01-07 12:36:19,173 INFO springfox.documentation.spring.web.readers.operation.CachingOperationNameGenerator [restartedMain] Generating unique operation named: listarUsingGET_1
2022-01-07 12:36:19,181 INFO springfox.documentation.spring.web.readers.operation.CachingOperationNameGenerator [restartedMain] Generating unique operation named: listarUsingGET_2
2022-01-07 12:36:19,224 INFO org.springframework.boot.StartupInfoLogger [restartedMain] Started Application in 13.292 seconds (JVM running for 14.545)
2022-01-07 12:36:26,349 INFO org.apache.juli.logging.DirectJDKLog [http-nio-8083-exec-1] Initializing Spring DispatcherServlet 'dispatcherServlet'
2022-01-07 12:36:26,351 INFO org.springframework.web.servlet.FrameworkServlet [http-nio-8083-exec-1] Initializing Servlet 'dispatcherServlet'
2022-01-07 12:36:26,354 INFO org.springframework.web.servlet.FrameworkServlet [http-nio-8083-exec-1] Completed initialization in 3 ms
2022-01-07 12:37:09,665 WARN com.zaxxer.hikari.pool.HikariPool$HouseKeeper [pool housekeeper] pool - Thread starvation or clock leap detected (housekeeper delta=52s874ms597탎).
2022-01-07 12:37:14,180 ERROR com.ceiba.infraestructura.error.ManejadorError [http-nio-8083-exec-1] IndexOutOfBoundsException
java.lang.IndexOutOfBoundsException: Index 7 out of bounds for length 7
	at java.base/jdk.internal.util.Preconditions.outOfBounds(Preconditions.java:64)
	at java.base/jdk.internal.util.Preconditions.outOfBoundsCheckIndex(Preconditions.java:70)
	at java.base/jdk.internal.util.Preconditions.checkIndex(Preconditions.java:248)
	at java.base/java.util.Objects.checkIndex(Objects.java:372)
	at java.base/java.util.ArrayList.get(ArrayList.java:459)
	at com.ceiba.api_busqueda.servicio.ServicioCrearApiBusqueda.UnirRespApi(ServicioCrearApiBusqueda.java:59)
	at com.ceiba.api_busqueda.servicio.ServicioCrearApiBusqueda.ejecutar(ServicioCrearApiBusqueda.java:29)
	at com.ceiba.api_busqueda.comando.manejador.ManejadorCrearApiBusqueda.ejecutar(ManejadorCrearApiBusqueda.java:26)
	at com.ceiba.api_busqueda.comando.manejador.ManejadorCrearApiBusqueda$$FastClassBySpringCGLIB$$3934062.invoke(<generated>)
	at org.springframework.cglib.proxy.MethodProxy.invoke(MethodProxy.java:218)
	at org.springframework.aop.framework.CglibAopProxy$CglibMethodInvocation.invokeJoinpoint(CglibAopProxy.java:779)
	at org.springframework.aop.framework.ReflectiveMethodInvocation.proceed(ReflectiveMethodInvocation.java:163)
	at org.springframework.aop.framework.CglibAopProxy$CglibMethodInvocation.proceed(CglibAopProxy.java:750)
	at org.springframework.transaction.interceptor.TransactionInterceptor$1.proceedWithInvocation(TransactionInterceptor.java:123)
	at org.springframework.transaction.interceptor.TransactionAspectSupport.invokeWithinTransaction(TransactionAspectSupport.java:388)
	at org.springframework.transaction.interceptor.TransactionInterceptor.invoke(TransactionInterceptor.java:119)
	at org.springframework.aop.framework.ReflectiveMethodInvocation.proceed(ReflectiveMethodInvocation.java:186)
	at org.springframework.aop.framework.CglibAopProxy$CglibMethodInvocation.proceed(CglibAopProxy.java:750)
	at org.springframework.aop.framework.CglibAopProxy$DynamicAdvisedInterceptor.intercept(CglibAopProxy.java:692)
	at com.ceiba.api_busqueda.comando.manejador.ManejadorCrearApiBusqueda$$EnhancerBySpringCGLIB$$c4999b82.ejecutar(<generated>)
	at com.ceiba.api_busqueda.controlador.ComandoControladorApiBusqueda.buscar(ComandoControladorApiBusqueda.java:27)
	at java.base/jdk.internal.reflect.NativeMethodAccessorImpl.invoke0(Native Method)
	at java.base/jdk.internal.reflect.NativeMethodAccessorImpl.invoke(NativeMethodAccessorImpl.java:62)
	at java.base/jdk.internal.reflect.DelegatingMethodAccessorImpl.invoke(DelegatingMethodAccessorImpl.java:43)
	at java.base/java.lang.reflect.Method.invoke(Method.java:566)
	at org.springframework.web.method.support.InvocableHandlerMethod.doInvoke(InvocableHandlerMethod.java:197)
	at org.springframework.web.method.support.InvocableHandlerMethod.invokeForRequest(InvocableHandlerMethod.java:141)
	at org.springframework.web.servlet.mvc.method.annotation.ServletInvocableHandlerMethod.invokeAndHandle(ServletInvocableHandlerMethod.java:106)
	at org.springframework.web.servlet.mvc.method.annotation.RequestMappingHandlerAdapter.invokeHandlerMethod(RequestMappingHandlerAdapter.java:895)
	at org.springframework.web.servlet.mvc.method.annotation.RequestMappingHandlerAdapter.handleInternal(RequestMappingHandlerAdapter.java:808)
	at org.springframework.web.servlet.mvc.method.AbstractHandlerMethodAdapter.handle(AbstractHandlerMethodAdapter.java:87)
	at org.springframework.web.servlet.DispatcherServlet.doDispatch(DispatcherServlet.java:1064)
	at org.springframework.web.servlet.DispatcherServlet.doService(DispatcherServlet.java:963)
	at org.springframework.web.servlet.FrameworkServlet.processRequest(FrameworkServlet.java:1006)
	at org.springframework.web.servlet.FrameworkServlet.doPost(FrameworkServlet.java:909)
	at javax.servlet.http.HttpServlet.service(HttpServlet.java:517)
	at org.springframework.web.servlet.FrameworkServlet.service(FrameworkServlet.java:883)
	at javax.servlet.http.HttpServlet.service(HttpServlet.java:584)
	at org.apache.catalina.core.ApplicationFilterChain.internalDoFilter(ApplicationFilterChain.java:228)
	at org.apache.catalina.core.ApplicationFilterChain.doFilter(ApplicationFilterChain.java:163)
	at com.ceiba.infraestructura.filtro.FiltroHeaderSeguridad.doFilter(FiltroHeaderSeguridad.java:28)
	at org.apache.catalina.core.ApplicationFilterChain.internalDoFilter(ApplicationFilterChain.java:190)
	at org.apache.catalina.core.ApplicationFilterChain.doFilter(ApplicationFilterChain.java:163)
	at org.springframework.web.filter.RequestContextFilter.doFilterInternal(RequestContextFilter.java:100)
	at org.springframework.web.filter.OncePerRequestFilter.doFilter(OncePerRequestFilter.java:119)
	at org.apache.catalina.core.ApplicationFilterChain.internalDoFilter(ApplicationFilterChain.java:190)
	at org.apache.catalina.core.ApplicationFilterChain.doFilter(ApplicationFilterChain.java:163)
	at org.springframework.web.filter.FormContentFilter.doFilterInternal(FormContentFilter.java:93)
	at org.springframework.web.filter.OncePerRequestFilter.doFilter(OncePerRequestFilter.java:119)
	at org.apache.catalina.core.ApplicationFilterChain.internalDoFilter(ApplicationFilterChain.java:190)
	at org.apache.catalina.core.ApplicationFilterChain.doFilter(ApplicationFilterChain.java:163)
	at org.springframework.boot.actuate.metrics.web.servlet.WebMvcMetricsFilter.doFilterInternal(WebMvcMetricsFilter.java:96)
	at org.springframework.web.filter.OncePerRequestFilter.doFilter(OncePerRequestFilter.java:119)
	at org.apache.catalina.core.ApplicationFilterChain.internalDoFilter(ApplicationFilterChain.java:190)
	at org.apache.catalina.core.ApplicationFilterChain.doFilter(ApplicationFilterChain.java:163)
	at org.springframework.web.filter.CharacterEncodingFilter.doFilterInternal(CharacterEncodingFilter.java:201)
	at org.springframework.web.filter.OncePerRequestFilter.doFilter(OncePerRequestFilter.java:119)
	at org.apache.catalina.core.ApplicationFilterChain.internalDoFilter(ApplicationFilterChain.java:190)
	at org.apache.catalina.core.ApplicationFilterChain.doFilter(ApplicationFilterChain.java:163)
	at org.apache.catalina.core.StandardWrapperValve.invoke(StandardWrapperValve.java:202)
	at org.apache.catalina.core.StandardContextValve.invoke(StandardContextValve.java:97)
	at org.apache.catalina.authenticator.AuthenticatorBase.invoke(AuthenticatorBase.java:542)
	at org.apache.catalina.core.StandardHostValve.invoke(StandardHostValve.java:143)
	at org.apache.catalina.valves.ErrorReportValve.invoke(ErrorReportValve.java:92)
	at org.apache.catalina.core.StandardEngineValve.invoke(StandardEngineValve.java:78)
	at org.apache.catalina.connector.CoyoteAdapter.service(CoyoteAdapter.java:357)
	at org.apache.coyote.http11.Http11Processor.service(Http11Processor.java:382)
	at org.apache.coyote.AbstractProcessorLight.process(AbstractProcessorLight.java:65)
	at org.apache.coyote.AbstractProtocol$ConnectionHandler.process(AbstractProtocol.java:893)
	at org.apache.tomcat.util.net.NioEndpoint$SocketProcessor.doRun(NioEndpoint.java:1723)
	at org.apache.tomcat.util.net.SocketProcessorBase.run(SocketProcessorBase.java:49)
	at java.base/java.util.concurrent.ThreadPoolExecutor.runWorker(ThreadPoolExecutor.java:1128)
	at java.base/java.util.concurrent.ThreadPoolExecutor$Worker.run(ThreadPoolExecutor.java:628)
	at org.apache.tomcat.util.threads.TaskThread$WrappingRunnable.run(TaskThread.java:61)
	at java.base/java.lang.Thread.run(Thread.java:834)
2022-01-07 12:37:14,233 WARN org.springframework.web.servlet.handler.AbstractHandlerExceptionResolver [http-nio-8083-exec-1] Resolved [java.lang.IndexOutOfBoundsException: Index 7 out of bounds for length 7]
2022-01-07 12:38:32,305 WARN com.zaxxer.hikari.pool.HikariPool$HouseKeeper [pool housekeeper] pool - Thread starvation or clock leap detected (housekeeper delta=49s301ms380탎900ns).
2022-01-07 12:40:22,772 WARN com.zaxxer.hikari.pool.HikariPool$HouseKeeper [pool housekeeper] pool - Thread starvation or clock leap detected (housekeeper delta=50s77ms982탎200ns).
2022-01-07 12:40:28,886 ERROR com.ceiba.infraestructura.error.ManejadorError [http-nio-8083-exec-2] IndexOutOfBoundsException
java.lang.IndexOutOfBoundsException: Index 7 out of bounds for length 7
	at java.base/jdk.internal.util.Preconditions.outOfBounds(Preconditions.java:64)
	at java.base/jdk.internal.util.Preconditions.outOfBoundsCheckIndex(Preconditions.java:70)
	at java.base/jdk.internal.util.Preconditions.checkIndex(Preconditions.java:248)
	at java.base/java.util.Objects.checkIndex(Objects.java:372)
	at java.base/java.util.ArrayList.get(ArrayList.java:459)
	at com.ceiba.api_busqueda.servicio.ServicioCrearApiBusqueda.UnirRespApi(ServicioCrearApiBusqueda.java:59)
	at com.ceiba.api_busqueda.servicio.ServicioCrearApiBusqueda.ejecutar(ServicioCrearApiBusqueda.java:29)
	at com.ceiba.api_busqueda.comando.manejador.ManejadorCrearApiBusqueda.ejecutar(ManejadorCrearApiBusqueda.java:26)
	at com.ceiba.api_busqueda.comando.manejador.ManejadorCrearApiBusqueda$$FastClassBySpringCGLIB$$3934062.invoke(<generated>)
	at org.springframework.cglib.proxy.MethodProxy.invoke(MethodProxy.java:218)
	at org.springframework.aop.framework.CglibAopProxy$CglibMethodInvocation.invokeJoinpoint(CglibAopProxy.java:779)
	at org.springframework.aop.framework.ReflectiveMethodInvocation.proceed(ReflectiveMethodInvocation.java:163)
	at org.springframework.aop.framework.CglibAopProxy$CglibMethodInvocation.proceed(CglibAopProxy.java:750)
	at org.springframework.transaction.interceptor.TransactionInterceptor$1.proceedWithInvocation(TransactionInterceptor.java:123)
	at org.springframework.transaction.interceptor.TransactionAspectSupport.invokeWithinTransaction(TransactionAspectSupport.java:388)
	at org.springframework.transaction.interceptor.TransactionInterceptor.invoke(TransactionInterceptor.java:119)
	at org.springframework.aop.framework.ReflectiveMethodInvocation.proceed(ReflectiveMethodInvocation.java:186)
	at org.springframework.aop.framework.CglibAopProxy$CglibMethodInvocation.proceed(CglibAopProxy.java:750)
	at org.springframework.aop.framework.CglibAopProxy$DynamicAdvisedInterceptor.intercept(CglibAopProxy.java:692)
	at com.ceiba.api_busqueda.comando.manejador.ManejadorCrearApiBusqueda$$EnhancerBySpringCGLIB$$c4999b82.ejecutar(<generated>)
	at com.ceiba.api_busqueda.controlador.ComandoControladorApiBusqueda.buscar(ComandoControladorApiBusqueda.java:27)
	at java.base/jdk.internal.reflect.NativeMethodAccessorImpl.invoke0(Native Method)
	at java.base/jdk.internal.reflect.NativeMethodAccessorImpl.invoke(NativeMethodAccessorImpl.java:62)
	at java.base/jdk.internal.reflect.DelegatingMethodAccessorImpl.invoke(DelegatingMethodAccessorImpl.java:43)
	at java.base/java.lang.reflect.Method.invoke(Method.java:566)
	at org.springframework.web.method.support.InvocableHandlerMethod.doInvoke(InvocableHandlerMethod.java:197)
	at org.springframework.web.method.support.InvocableHandlerMethod.invokeForRequest(InvocableHandlerMethod.java:141)
	at org.springframework.web.servlet.mvc.method.annotation.ServletInvocableHandlerMethod.invokeAndHandle(ServletInvocableHandlerMethod.java:106)
	at org.springframework.web.servlet.mvc.method.annotation.RequestMappingHandlerAdapter.invokeHandlerMethod(RequestMappingHandlerAdapter.java:895)
	at org.springframework.web.servlet.mvc.method.annotation.RequestMappingHandlerAdapter.handleInternal(RequestMappingHandlerAdapter.java:808)
	at org.springframework.web.servlet.mvc.method.AbstractHandlerMethodAdapter.handle(AbstractHandlerMethodAdapter.java:87)
	at org.springframework.web.servlet.DispatcherServlet.doDispatch(DispatcherServlet.java:1064)
	at org.springframework.web.servlet.DispatcherServlet.doService(DispatcherServlet.java:963)
	at org.springframework.web.servlet.FrameworkServlet.processRequest(FrameworkServlet.java:1006)
	at org.springframework.web.servlet.FrameworkServlet.doPost(FrameworkServlet.java:909)
	at javax.servlet.http.HttpServlet.service(HttpServlet.java:517)
	at org.springframework.web.servlet.FrameworkServlet.service(FrameworkServlet.java:883)
	at javax.servlet.http.HttpServlet.service(HttpServlet.java:584)
	at org.apache.catalina.core.ApplicationFilterChain.internalDoFilter(ApplicationFilterChain.java:228)
	at org.apache.catalina.core.ApplicationFilterChain.doFilter(ApplicationFilterChain.java:163)
	at com.ceiba.infraestructura.filtro.FiltroHeaderSeguridad.doFilter(FiltroHeaderSeguridad.java:28)
	at org.apache.catalina.core.ApplicationFilterChain.internalDoFilter(ApplicationFilterChain.java:190)
	at org.apache.catalina.core.ApplicationFilterChain.doFilter(ApplicationFilterChain.java:163)
	at org.springframework.web.filter.RequestContextFilter.doFilterInternal(RequestContextFilter.java:100)
	at org.springframework.web.filter.OncePerRequestFilter.doFilter(OncePerRequestFilter.java:119)
	at org.apache.catalina.core.ApplicationFilterChain.internalDoFilter(ApplicationFilterChain.java:190)
	at org.apache.catalina.core.ApplicationFilterChain.doFilter(ApplicationFilterChain.java:163)
	at org.springframework.web.filter.FormContentFilter.doFilterInternal(FormContentFilter.java:93)
	at org.springframework.web.filter.OncePerRequestFilter.doFilter(OncePerRequestFilter.java:119)
	at org.apache.catalina.core.ApplicationFilterChain.internalDoFilter(ApplicationFilterChain.java:190)
	at org.apache.catalina.core.ApplicationFilterChain.doFilter(ApplicationFilterChain.java:163)
	at org.springframework.boot.actuate.metrics.web.servlet.WebMvcMetricsFilter.doFilterInternal(WebMvcMetricsFilter.java:96)
	at org.springframework.web.filter.OncePerRequestFilter.doFilter(OncePerRequestFilter.java:119)
	at org.apache.catalina.core.ApplicationFilterChain.internalDoFilter(ApplicationFilterChain.java:190)
	at org.apache.catalina.core.ApplicationFilterChain.doFilter(ApplicationFilterChain.java:163)
	at org.springframework.web.filter.CharacterEncodingFilter.doFilterInternal(CharacterEncodingFilter.java:201)
	at org.springframework.web.filter.OncePerRequestFilter.doFilter(OncePerRequestFilter.java:119)
	at org.apache.catalina.core.ApplicationFilterChain.internalDoFilter(ApplicationFilterChain.java:190)
	at org.apache.catalina.core.ApplicationFilterChain.doFilter(ApplicationFilterChain.java:163)
	at org.apache.catalina.core.StandardWrapperValve.invoke(StandardWrapperValve.java:202)
	at org.apache.catalina.core.StandardContextValve.invoke(StandardContextValve.java:97)
	at org.apache.catalina.authenticator.AuthenticatorBase.invoke(AuthenticatorBase.java:542)
	at org.apache.catalina.core.StandardHostValve.invoke(StandardHostValve.java:143)
	at org.apache.catalina.valves.ErrorReportValve.invoke(ErrorReportValve.java:92)
	at org.apache.catalina.core.StandardEngineValve.invoke(StandardEngineValve.java:78)
	at org.apache.catalina.connector.CoyoteAdapter.service(CoyoteAdapter.java:357)
	at org.apache.coyote.http11.Http11Processor.service(Http11Processor.java:382)
	at org.apache.coyote.AbstractProcessorLight.process(AbstractProcessorLight.java:65)
	at org.apache.coyote.AbstractProtocol$ConnectionHandler.process(AbstractProtocol.java:893)
	at org.apache.tomcat.util.net.NioEndpoint$SocketProcessor.doRun(NioEndpoint.java:1723)
	at org.apache.tomcat.util.net.SocketProcessorBase.run(SocketProcessorBase.java:49)
	at java.base/java.util.concurrent.ThreadPoolExecutor.runWorker(ThreadPoolExecutor.java:1128)
	at java.base/java.util.concurrent.ThreadPoolExecutor$Worker.run(ThreadPoolExecutor.java:628)
	at org.apache.tomcat.util.threads.TaskThread$WrappingRunnable.run(TaskThread.java:61)
	at java.base/java.lang.Thread.run(Thread.java:834)
2022-01-07 12:40:28,892 WARN org.springframework.web.servlet.handler.AbstractHandlerExceptionResolver [http-nio-8083-exec-2] Resolved [java.lang.IndexOutOfBoundsException: Index 7 out of bounds for length 7]
2022-01-07 12:43:19,716 INFO org.springframework.boot.StartupInfoLogger [restartedMain] Starting Application using Java 11.0.12 on JUAN-HURTADO with PID 24452 (D:\Meta-Recomendador\java-arquitectura-hexagonal\microservicio\build\classes\java\main started by juan.hurtado in D:\Meta-Recomendador\java-arquitectura-hexagonal\microservicio)
2022-01-07 12:43:19,720 INFO org.springframework.boot.SpringApplication [restartedMain] No active profile set, falling back to default profiles: default
2022-01-07 12:43:19,785 INFO org.springframework.boot.logging.DeferredLog [restartedMain] Devtools property defaults active! Set 'spring.devtools.add-properties' to 'false' to disable
2022-01-07 12:43:19,786 INFO org.springframework.boot.logging.DeferredLog [restartedMain] For additional web related logging consider setting the 'logging.level.web' property to 'DEBUG'
2022-01-07 12:43:21,313 INFO com.ulisesbocchio.jasyptspringboot.configuration.EnableEncryptablePropertiesBeanFactoryPostProcessor [restartedMain] Post-processing PropertySource instances
2022-01-07 12:43:21,384 INFO com.ulisesbocchio.jasyptspringboot.EncryptablePropertySourceConverter [restartedMain] Converting PropertySource configurationProperties [org.springframework.boot.context.properties.source.ConfigurationPropertySourcesPropertySource] to AOP Proxy
2022-01-07 12:43:21,386 INFO com.ulisesbocchio.jasyptspringboot.EncryptablePropertySourceConverter [restartedMain] Converting PropertySource servletConfigInitParams [org.springframework.core.env.PropertySource$StubPropertySource] to EncryptablePropertySourceWrapper
2022-01-07 12:43:21,386 INFO com.ulisesbocchio.jasyptspringboot.EncryptablePropertySourceConverter [restartedMain] Converting PropertySource servletContextInitParams [org.springframework.core.env.PropertySource$StubPropertySource] to EncryptablePropertySourceWrapper
2022-01-07 12:43:21,387 INFO com.ulisesbocchio.jasyptspringboot.EncryptablePropertySourceConverter [restartedMain] Converting PropertySource systemProperties [org.springframework.core.env.PropertiesPropertySource] to EncryptableMapPropertySourceWrapper
2022-01-07 12:43:21,388 INFO com.ulisesbocchio.jasyptspringboot.EncryptablePropertySourceConverter [restartedMain] Converting PropertySource systemEnvironment [org.springframework.boot.env.SystemEnvironmentPropertySourceEnvironmentPostProcessor$OriginAwareSystemEnvironmentPropertySource] to EncryptableMapPropertySourceWrapper
2022-01-07 12:43:21,388 INFO com.ulisesbocchio.jasyptspringboot.EncryptablePropertySourceConverter [restartedMain] Converting PropertySource random [org.springframework.boot.env.RandomValuePropertySource] to EncryptablePropertySourceWrapper
2022-01-07 12:43:21,388 INFO com.ulisesbocchio.jasyptspringboot.EncryptablePropertySourceConverter [restartedMain] Converting PropertySource Config resource 'class path resource [application.yaml]' via location 'optional:classpath:/' [org.springframework.boot.env.OriginTrackedMapPropertySource] to EncryptableMapPropertySourceWrapper
2022-01-07 12:43:21,389 INFO com.ulisesbocchio.jasyptspringboot.EncryptablePropertySourceConverter [restartedMain] Converting PropertySource devtools [org.springframework.core.env.MapPropertySource] to EncryptableMapPropertySourceWrapper
2022-01-07 12:43:21,416 INFO com.ulisesbocchio.jasyptspringboot.filter.DefaultLazyPropertyFilter [restartedMain] Property Filter custom Bean not found with name 'encryptablePropertyFilter'. Initializing Default Property Filter
2022-01-07 12:43:21,549 INFO com.ulisesbocchio.jasyptspringboot.resolver.DefaultLazyPropertyResolver [restartedMain] Property Resolver custom Bean not found with name 'encryptablePropertyResolver'. Initializing Default Property Resolver
2022-01-07 12:43:21,551 INFO com.ulisesbocchio.jasyptspringboot.detector.DefaultLazyPropertyDetector [restartedMain] Property Detector custom Bean not found with name 'encryptablePropertyDetector'. Initializing Default Property Detector
2022-01-07 12:43:22,710 INFO org.springframework.boot.web.embedded.tomcat.TomcatWebServer [restartedMain] Tomcat initialized with port(s): 8083 (http)
2022-01-07 12:43:22,729 INFO org.apache.juli.logging.DirectJDKLog [restartedMain] Initializing ProtocolHandler ["http-nio-8083"]
2022-01-07 12:43:22,732 INFO org.apache.juli.logging.DirectJDKLog [restartedMain] Starting service [Tomcat]
2022-01-07 12:43:22,734 INFO org.apache.juli.logging.DirectJDKLog [restartedMain] Starting Servlet engine: [Apache Tomcat/9.0.50]
2022-01-07 12:43:22,957 INFO org.apache.juli.logging.DirectJDKLog [restartedMain] Initializing Spring embedded WebApplicationContext
2022-01-07 12:43:22,958 INFO org.springframework.boot.web.servlet.context.ServletWebServerApplicationContext [restartedMain] Root WebApplicationContext: initialization completed in 3171 ms
2022-01-07 12:43:23,459 INFO com.zaxxer.hikari.HikariDataSource [restartedMain] pool - Starting...
2022-01-07 12:43:24,070 INFO com.zaxxer.hikari.HikariDataSource [restartedMain] pool - Start completed.
2022-01-07 12:43:24,121 INFO org.flywaydb.core.internal.logging.slf4j.Slf4jLog [restartedMain] Flyway Community Edition 5.2.1 by Boxfuse
2022-01-07 12:43:24,141 INFO org.flywaydb.core.internal.logging.slf4j.Slf4jLog [restartedMain] Database: jdbc:sqlserver://localhost:1433;maxResultBuffer=-1;sendTemporalDataTypesAsStringForBulkCopy=true;delayLoadingLobs=true;useFmtOnly=false;useBulkCopyForBatchInsert=false;cancelQueryTimeout=-1;sslProtocol=TLS;jaasConfigurationName=SQLJDBCDriver;statementPoolingCacheSize=0;serverPreparedStatementDiscardThreshold=10;enablePrepareOnFirstPreparedStatementCall=false;fips=false;socketTimeout=0;authentication=NotSpecified;authenticationScheme=nativeAuthentication;xopenStates=false;sendTimeAsDatetime=true;trustStoreType=JKS;trustServerCertificate=false;TransparentNetworkIPResolution=true;serverNameAsACE=false;sendStringParametersAsUnicode=true;selectMethod=direct;responseBuffering=adaptive;queryTimeout=-1;packetSize=8000;multiSubnetFailover=false;loginTimeout=30;lockTimeout=-1;lastUpdateCount=true;encrypt=false;disableStatementPooling=true;databaseName=recomendadordb;columnEncryptionSetting=Disabled;applicationName=Microsoft JDBC Driver for SQL Server;applicationIntent=readwrite; (Microsoft SQL Server 15.0)
2022-01-07 12:43:24,192 WARN org.flywaydb.core.internal.logging.slf4j.Slf4jLog [restartedMain] Flyway upgrade recommended: SQL Server 15.0 is newer than this version of Flyway and support has not been tested.
2022-01-07 12:43:24,316 INFO org.flywaydb.core.internal.logging.slf4j.Slf4jLog [restartedMain] Successfully validated 1 migration (execution time 00:00.052s)
2022-01-07 12:43:24,346 INFO org.flywaydb.core.internal.logging.slf4j.Slf4jLog [restartedMain] Current version of schema [dbo]: 1.0
2022-01-07 12:43:24,351 INFO org.flywaydb.core.internal.logging.slf4j.Slf4jLog [restartedMain] Schema [dbo] is up to date. No migration necessary.
2022-01-07 12:43:25,265 INFO org.springframework.boot.actuate.endpoint.web.EndpointLinksResolver [restartedMain] Exposing 1 endpoint(s) beneath base path '/actuator'
2022-01-07 12:43:25,400 INFO springfox.documentation.spring.web.PropertySourcedRequestMappingHandlerMapping [restartedMain] Mapped URL path [/v2/api-docs] onto method [springfox.documentation.swagger2.web.Swagger2Controller#getDocumentation(String, HttpServletRequest)]
2022-01-07 12:43:25,530 INFO org.springframework.boot.devtools.autoconfigure.OptionalLiveReloadServer [restartedMain] LiveReload server is running on port 35729
2022-01-07 12:43:25,842 INFO org.apache.juli.logging.DirectJDKLog [restartedMain] Starting ProtocolHandler ["http-nio-8083"]
2022-01-07 12:43:25,880 INFO org.springframework.boot.web.embedded.tomcat.TomcatWebServer [restartedMain] Tomcat started on port(s): 8083 (http) with context path '/meta-recomendador'
2022-01-07 12:43:25,883 INFO springfox.documentation.spring.web.plugins.DocumentationPluginsBootstrapper [restartedMain] Context refreshed
2022-01-07 12:43:25,913 INFO springfox.documentation.spring.web.plugins.DocumentationPluginsBootstrapper [restartedMain] Found 1 custom documentation plugin(s)
2022-01-07 12:43:25,982 INFO springfox.documentation.spring.web.scanners.ApiListingReferenceScanner [restartedMain] Scanning for api listing references
2022-01-07 12:43:26,216 INFO springfox.documentation.spring.web.readers.operation.CachingOperationNameGenerator [restartedMain] Generating unique operation named: crearUsingPOST_1
2022-01-07 12:43:26,227 INFO springfox.documentation.spring.web.readers.operation.CachingOperationNameGenerator [restartedMain] Generating unique operation named: actualizarUsingPUT_1
2022-01-07 12:43:26,244 INFO springfox.documentation.spring.web.readers.operation.CachingOperationNameGenerator [restartedMain] Generating unique operation named: crearUsingPOST_2
2022-01-07 12:43:26,261 INFO springfox.documentation.spring.web.readers.operation.CachingOperationNameGenerator [restartedMain] Generating unique operation named: listarUsingGET_1
2022-01-07 12:43:26,274 INFO springfox.documentation.spring.web.readers.operation.CachingOperationNameGenerator [restartedMain] Generating unique operation named: listarUsingGET_2
2022-01-07 12:43:26,331 INFO org.springframework.boot.StartupInfoLogger [restartedMain] Started Application in 7.182 seconds (JVM running for 7.87)
2022-01-07 12:44:02,429 INFO org.apache.juli.logging.DirectJDKLog [http-nio-8083-exec-1] Initializing Spring DispatcherServlet 'dispatcherServlet'
2022-01-07 12:44:02,431 INFO org.springframework.web.servlet.FrameworkServlet [http-nio-8083-exec-1] Initializing Servlet 'dispatcherServlet'
2022-01-07 12:44:02,436 INFO org.springframework.web.servlet.FrameworkServlet [http-nio-8083-exec-1] Completed initialization in 4 ms
2022-01-07 12:45:57,722 WARN com.zaxxer.hikari.pool.HikariPool$HouseKeeper [pool housekeeper] pool - Thread starvation or clock leap detected (housekeeper delta=1m33s512ms720탎500ns).
2022-01-07 12:47:31,941 WARN com.zaxxer.hikari.pool.HikariPool$HouseKeeper [pool housekeeper] pool - Thread starvation or clock leap detected (housekeeper delta=1m4s201ms570탎400ns).
2022-01-07 12:49:03,389 WARN com.zaxxer.hikari.pool.HikariPool$HouseKeeper [pool housekeeper] pool - Thread starvation or clock leap detected (housekeeper delta=50s59ms247탎900ns).
2022-01-07 12:49:58,944 WARN com.zaxxer.hikari.pool.HikariPool$HouseKeeper [pool housekeeper] pool - Thread starvation or clock leap detected (housekeeper delta=55s555ms28탎600ns).
2022-01-07 12:52:08,579 WARN com.zaxxer.hikari.pool.HikariPool$HouseKeeper [pool housekeeper] pool - Thread starvation or clock leap detected (housekeeper delta=2m9s634ms43탎900ns).
2022-01-07 12:54:24,367 INFO org.springframework.boot.StartupInfoLogger [restartedMain] Starting Application using Java 11.0.12 on JUAN-HURTADO with PID 41272 (D:\Meta-Recomendador\java-arquitectura-hexagonal\microservicio\build\classes\java\main started by juan.hurtado in D:\Meta-Recomendador\java-arquitectura-hexagonal\microservicio)
2022-01-07 12:54:24,371 INFO org.springframework.boot.SpringApplication [restartedMain] No active profile set, falling back to default profiles: default
2022-01-07 12:54:24,443 INFO org.springframework.boot.logging.DeferredLog [restartedMain] Devtools property defaults active! Set 'spring.devtools.add-properties' to 'false' to disable
2022-01-07 12:54:24,444 INFO org.springframework.boot.logging.DeferredLog [restartedMain] For additional web related logging consider setting the 'logging.level.web' property to 'DEBUG'
2022-01-07 12:54:25,866 INFO com.ulisesbocchio.jasyptspringboot.configuration.EnableEncryptablePropertiesBeanFactoryPostProcessor [restartedMain] Post-processing PropertySource instances
2022-01-07 12:54:25,934 INFO com.ulisesbocchio.jasyptspringboot.EncryptablePropertySourceConverter [restartedMain] Converting PropertySource configurationProperties [org.springframework.boot.context.properties.source.ConfigurationPropertySourcesPropertySource] to AOP Proxy
2022-01-07 12:54:25,936 INFO com.ulisesbocchio.jasyptspringboot.EncryptablePropertySourceConverter [restartedMain] Converting PropertySource servletConfigInitParams [org.springframework.core.env.PropertySource$StubPropertySource] to EncryptablePropertySourceWrapper
2022-01-07 12:54:25,937 INFO com.ulisesbocchio.jasyptspringboot.EncryptablePropertySourceConverter [restartedMain] Converting PropertySource servletContextInitParams [org.springframework.core.env.PropertySource$StubPropertySource] to EncryptablePropertySourceWrapper
2022-01-07 12:54:25,938 INFO com.ulisesbocchio.jasyptspringboot.EncryptablePropertySourceConverter [restartedMain] Converting PropertySource systemProperties [org.springframework.core.env.PropertiesPropertySource] to EncryptableMapPropertySourceWrapper
2022-01-07 12:54:25,938 INFO com.ulisesbocchio.jasyptspringboot.EncryptablePropertySourceConverter [restartedMain] Converting PropertySource systemEnvironment [org.springframework.boot.env.SystemEnvironmentPropertySourceEnvironmentPostProcessor$OriginAwareSystemEnvironmentPropertySource] to EncryptableMapPropertySourceWrapper
2022-01-07 12:54:25,938 INFO com.ulisesbocchio.jasyptspringboot.EncryptablePropertySourceConverter [restartedMain] Converting PropertySource random [org.springframework.boot.env.RandomValuePropertySource] to EncryptablePropertySourceWrapper
2022-01-07 12:54:25,939 INFO com.ulisesbocchio.jasyptspringboot.EncryptablePropertySourceConverter [restartedMain] Converting PropertySource Config resource 'class path resource [application.yaml]' via location 'optional:classpath:/' [org.springframework.boot.env.OriginTrackedMapPropertySource] to EncryptableMapPropertySourceWrapper
2022-01-07 12:54:25,939 INFO com.ulisesbocchio.jasyptspringboot.EncryptablePropertySourceConverter [restartedMain] Converting PropertySource devtools [org.springframework.core.env.MapPropertySource] to EncryptableMapPropertySourceWrapper
2022-01-07 12:54:25,963 INFO com.ulisesbocchio.jasyptspringboot.filter.DefaultLazyPropertyFilter [restartedMain] Property Filter custom Bean not found with name 'encryptablePropertyFilter'. Initializing Default Property Filter
2022-01-07 12:54:26,088 INFO com.ulisesbocchio.jasyptspringboot.resolver.DefaultLazyPropertyResolver [restartedMain] Property Resolver custom Bean not found with name 'encryptablePropertyResolver'. Initializing Default Property Resolver
2022-01-07 12:54:26,090 INFO com.ulisesbocchio.jasyptspringboot.detector.DefaultLazyPropertyDetector [restartedMain] Property Detector custom Bean not found with name 'encryptablePropertyDetector'. Initializing Default Property Detector
2022-01-07 12:54:26,677 INFO org.springframework.boot.web.embedded.tomcat.TomcatWebServer [restartedMain] Tomcat initialized with port(s): 8083 (http)
2022-01-07 12:54:26,687 INFO org.apache.juli.logging.DirectJDKLog [restartedMain] Initializing ProtocolHandler ["http-nio-8083"]
2022-01-07 12:54:26,689 INFO org.apache.juli.logging.DirectJDKLog [restartedMain] Starting service [Tomcat]
2022-01-07 12:54:26,689 INFO org.apache.juli.logging.DirectJDKLog [restartedMain] Starting Servlet engine: [Apache Tomcat/9.0.50]
2022-01-07 12:54:26,801 INFO org.apache.juli.logging.DirectJDKLog [restartedMain] Initializing Spring embedded WebApplicationContext
2022-01-07 12:54:26,801 INFO org.springframework.boot.web.servlet.context.ServletWebServerApplicationContext [restartedMain] Root WebApplicationContext: initialization completed in 2356 ms
2022-01-07 12:54:27,069 INFO com.zaxxer.hikari.HikariDataSource [restartedMain] pool - Starting...
2022-01-07 12:54:27,360 INFO com.zaxxer.hikari.HikariDataSource [restartedMain] pool - Start completed.
2022-01-07 12:54:27,384 INFO org.flywaydb.core.internal.logging.slf4j.Slf4jLog [restartedMain] Flyway Community Edition 5.2.1 by Boxfuse
2022-01-07 12:54:27,394 INFO org.flywaydb.core.internal.logging.slf4j.Slf4jLog [restartedMain] Database: jdbc:sqlserver://localhost:1433;maxResultBuffer=-1;sendTemporalDataTypesAsStringForBulkCopy=true;delayLoadingLobs=true;useFmtOnly=false;useBulkCopyForBatchInsert=false;cancelQueryTimeout=-1;sslProtocol=TLS;jaasConfigurationName=SQLJDBCDriver;statementPoolingCacheSize=0;serverPreparedStatementDiscardThreshold=10;enablePrepareOnFirstPreparedStatementCall=false;fips=false;socketTimeout=0;authentication=NotSpecified;authenticationScheme=nativeAuthentication;xopenStates=false;sendTimeAsDatetime=true;trustStoreType=JKS;trustServerCertificate=false;TransparentNetworkIPResolution=true;serverNameAsACE=false;sendStringParametersAsUnicode=true;selectMethod=direct;responseBuffering=adaptive;queryTimeout=-1;packetSize=8000;multiSubnetFailover=false;loginTimeout=30;lockTimeout=-1;lastUpdateCount=true;encrypt=false;disableStatementPooling=true;databaseName=recomendadordb;columnEncryptionSetting=Disabled;applicationName=Microsoft JDBC Driver for SQL Server;applicationIntent=readwrite; (Microsoft SQL Server 15.0)
2022-01-07 12:54:27,422 WARN org.flywaydb.core.internal.logging.slf4j.Slf4jLog [restartedMain] Flyway upgrade recommended: SQL Server 15.0 is newer than this version of Flyway and support has not been tested.
2022-01-07 12:54:27,495 INFO org.flywaydb.core.internal.logging.slf4j.Slf4jLog [restartedMain] Successfully validated 1 migration (execution time 00:00.031s)
2022-01-07 12:54:27,508 INFO org.flywaydb.core.internal.logging.slf4j.Slf4jLog [restartedMain] Current version of schema [dbo]: 1.0
2022-01-07 12:54:27,510 INFO org.flywaydb.core.internal.logging.slf4j.Slf4jLog [restartedMain] Schema [dbo] is up to date. No migration necessary.
2022-01-07 12:54:28,044 INFO org.springframework.boot.actuate.endpoint.web.EndpointLinksResolver [restartedMain] Exposing 1 endpoint(s) beneath base path '/actuator'
2022-01-07 12:54:28,116 INFO springfox.documentation.spring.web.PropertySourcedRequestMappingHandlerMapping [restartedMain] Mapped URL path [/v2/api-docs] onto method [springfox.documentation.swagger2.web.Swagger2Controller#getDocumentation(String, HttpServletRequest)]
2022-01-07 12:54:28,185 INFO org.springframework.boot.devtools.autoconfigure.OptionalLiveReloadServer [restartedMain] LiveReload server is running on port 35729
2022-01-07 12:54:28,355 INFO org.apache.juli.logging.DirectJDKLog [restartedMain] Starting ProtocolHandler ["http-nio-8083"]
2022-01-07 12:54:28,375 INFO org.springframework.boot.web.embedded.tomcat.TomcatWebServer [restartedMain] Tomcat started on port(s): 8083 (http) with context path '/meta-recomendador'
2022-01-07 12:54:28,376 INFO springfox.documentation.spring.web.plugins.DocumentationPluginsBootstrapper [restartedMain] Context refreshed
2022-01-07 12:54:28,394 INFO springfox.documentation.spring.web.plugins.DocumentationPluginsBootstrapper [restartedMain] Found 1 custom documentation plugin(s)
2022-01-07 12:54:28,430 INFO springfox.documentation.spring.web.scanners.ApiListingReferenceScanner [restartedMain] Scanning for api listing references
2022-01-07 12:54:28,569 INFO springfox.documentation.spring.web.readers.operation.CachingOperationNameGenerator [restartedMain] Generating unique operation named: crearUsingPOST_1
2022-01-07 12:54:28,575 INFO springfox.documentation.spring.web.readers.operation.CachingOperationNameGenerator [restartedMain] Generating unique operation named: actualizarUsingPUT_1
2022-01-07 12:54:28,582 INFO springfox.documentation.spring.web.readers.operation.CachingOperationNameGenerator [restartedMain] Generating unique operation named: crearUsingPOST_2
2022-01-07 12:54:28,591 INFO springfox.documentation.spring.web.readers.operation.CachingOperationNameGenerator [restartedMain] Generating unique operation named: listarUsingGET_1
2022-01-07 12:54:28,598 INFO springfox.documentation.spring.web.readers.operation.CachingOperationNameGenerator [restartedMain] Generating unique operation named: listarUsingGET_2
2022-01-07 12:54:28,625 INFO org.springframework.boot.StartupInfoLogger [restartedMain] Started Application in 4.872 seconds (JVM running for 5.623)
2022-01-07 12:55:05,746 INFO org.apache.juli.logging.DirectJDKLog [http-nio-8083-exec-2] Initializing Spring DispatcherServlet 'dispatcherServlet'
2022-01-07 12:55:05,746 INFO org.springframework.web.servlet.FrameworkServlet [http-nio-8083-exec-2] Initializing Servlet 'dispatcherServlet'
2022-01-07 12:55:05,748 INFO org.springframework.web.servlet.FrameworkServlet [http-nio-8083-exec-2] Completed initialization in 2 ms
2022-01-07 13:05:04,142 WARN com.zaxxer.hikari.pool.HikariPool$HouseKeeper [pool housekeeper] pool - Thread starvation or clock leap detected (housekeeper delta=3m52s3ms74탎).
2022-01-07 14:10:52,055 WARN com.zaxxer.hikari.pool.HikariPool$HouseKeeper [pool housekeeper] pool - Thread starvation or clock leap detected (housekeeper delta=5m16s892ms250탎700ns).
2022-01-07 19:05:09,339 WARN com.zaxxer.hikari.pool.HikariPool$HouseKeeper [pool housekeeper] pool - Thread starvation or clock leap detected (housekeeper delta=10m14s46ms694탎900ns).
