2022-01-04 03:03:16,381 WARN com.zaxxer.hikari.pool.HikariPool$HouseKeeper [pool housekeeper] pool - Thread starvation or clock leap detected (housekeeper delta=3h30s700ms684탎200ns).
2022-01-04 09:35:14,075 WARN com.zaxxer.hikari.pool.HikariPool$HouseKeeper [pool housekeeper] pool - Thread starvation or clock leap detected (housekeeper delta=6h32m15s465ms333탎700ns).
2022-01-04 09:56:17,237 ERROR com.ceiba.infraestructura.error.ManejadorError [http-nio-8083-exec-1] IndexOutOfBoundsException
java.lang.IndexOutOfBoundsException: Index 0 out of bounds for length 0
	at java.base/jdk.internal.util.Preconditions.outOfBounds(Preconditions.java:64)
	at java.base/jdk.internal.util.Preconditions.outOfBoundsCheckIndex(Preconditions.java:70)
	at java.base/jdk.internal.util.Preconditions.checkIndex(Preconditions.java:248)
	at java.base/java.util.Objects.checkIndex(Objects.java:372)
	at java.base/java.util.ArrayList.get(ArrayList.java:459)
	at com.ceiba.recomendacion.servicio.ServicioCrearRecomendacion.unirRespApi(ServicioCrearRecomendacion.java:59)
	at com.ceiba.recomendacion.servicio.ServicioCrearRecomendacion.ejecutar(ServicioCrearRecomendacion.java:37)
	at com.ceiba.recomendacion.manejador.ManejadorConsultarRecomendacion.ejecutar(ManejadorConsultarRecomendacion.java:36)
	at com.ceiba.recomendacion.manejador.ManejadorConsultarRecomendacion$$FastClassBySpringCGLIB$$1a6c906e.invoke(<generated>)
	at org.springframework.cglib.proxy.MethodProxy.invoke(MethodProxy.java:218)
	at org.springframework.aop.framework.CglibAopProxy$CglibMethodInvocation.invokeJoinpoint(CglibAopProxy.java:779)
	at org.springframework.aop.framework.ReflectiveMethodInvocation.proceed(ReflectiveMethodInvocation.java:163)
	at org.springframework.aop.framework.CglibAopProxy$CglibMethodInvocation.proceed(CglibAopProxy.java:750)
	at org.springframework.transaction.interceptor.TransactionInterceptor$1.proceedWithInvocation(TransactionInterceptor.java:123)
	at org.springframework.transaction.interceptor.TransactionAspectSupport.invokeWithinTransaction(TransactionAspectSupport.java:388)
	at org.springframework.transaction.interceptor.TransactionInterceptor.invoke(TransactionInterceptor.java:119)
	at org.springframework.aop.framework.ReflectiveMethodInvocation.proceed(ReflectiveMethodInvocation.java:186)
	at org.springframework.aop.framework.CglibAopProxy$CglibMethodInvocation.proceed(CglibAopProxy.java:750)
	at org.springframework.aop.framework.CglibAopProxy$DynamicAdvisedInterceptor.intercept(CglibAopProxy.java:692)
	at com.ceiba.recomendacion.manejador.ManejadorConsultarRecomendacion$$EnhancerBySpringCGLIB$$1f4b0cb3.ejecutar(<generated>)
	at com.ceiba.recomendacion.ConsultaControladorRecomendacion.consultarRecomendacion(ConsultaControladorRecomendacion.java:27)
	at jdk.internal.reflect.GeneratedMethodAccessor102.invoke(Unknown Source)
	at java.base/jdk.internal.reflect.DelegatingMethodAccessorImpl.invoke(DelegatingMethodAccessorImpl.java:43)
	at java.base/java.lang.reflect.Method.invoke(Method.java:566)
	at org.springframework.web.method.support.InvocableHandlerMethod.doInvoke(InvocableHandlerMethod.java:197)
	at org.springframework.web.method.support.InvocableHandlerMethod.invokeForRequest(InvocableHandlerMethod.java:141)
	at org.springframework.web.servlet.mvc.method.annotation.ServletInvocableHandlerMethod.invokeAndHandle(ServletInvocableHandlerMethod.java:106)
	at org.springframework.web.servlet.mvc.method.annotation.RequestMappingHandlerAdapter.invokeHandlerMethod(RequestMappingHandlerAdapter.java:895)
	at org.springframework.web.servlet.mvc.method.annotation.RequestMappingHandlerAdapter.handleInternal(RequestMappingHandlerAdapter.java:808)
	at org.springframework.web.servlet.mvc.method.AbstractHandlerMethodAdapter.handle(AbstractHandlerMethodAdapter.java:87)
	at org.springframework.web.servlet.DispatcherServlet.doDispatch(DispatcherServlet.java:1064)
	at org.springframework.web.servlet.DispatcherServlet.doService(DispatcherServlet.java:963)
	at org.springframework.web.servlet.FrameworkServlet.processRequest(FrameworkServlet.java:1006)
	at org.springframework.web.servlet.FrameworkServlet.doPost(FrameworkServlet.java:909)
	at javax.servlet.http.HttpServlet.service(HttpServlet.java:517)
	at org.springframework.web.servlet.FrameworkServlet.service(FrameworkServlet.java:883)
	at javax.servlet.http.HttpServlet.service(HttpServlet.java:584)
	at org.apache.catalina.core.ApplicationFilterChain.internalDoFilter(ApplicationFilterChain.java:228)
	at org.apache.catalina.core.ApplicationFilterChain.doFilter(ApplicationFilterChain.java:163)
	at com.ceiba.infraestructura.filtro.FiltroHeaderSeguridad.doFilter(FiltroHeaderSeguridad.java:28)
	at org.apache.catalina.core.ApplicationFilterChain.internalDoFilter(ApplicationFilterChain.java:190)
	at org.apache.catalina.core.ApplicationFilterChain.doFilter(ApplicationFilterChain.java:163)
	at org.springframework.web.filter.RequestContextFilter.doFilterInternal(RequestContextFilter.java:100)
	at org.springframework.web.filter.OncePerRequestFilter.doFilter(OncePerRequestFilter.java:119)
	at org.apache.catalina.core.ApplicationFilterChain.internalDoFilter(ApplicationFilterChain.java:190)
	at org.apache.catalina.core.ApplicationFilterChain.doFilter(ApplicationFilterChain.java:163)
	at org.springframework.web.filter.FormContentFilter.doFilterInternal(FormContentFilter.java:93)
	at org.springframework.web.filter.OncePerRequestFilter.doFilter(OncePerRequestFilter.java:119)
	at org.apache.catalina.core.ApplicationFilterChain.internalDoFilter(ApplicationFilterChain.java:190)
	at org.apache.catalina.core.ApplicationFilterChain.doFilter(ApplicationFilterChain.java:163)
	at org.springframework.boot.actuate.metrics.web.servlet.WebMvcMetricsFilter.doFilterInternal(WebMvcMetricsFilter.java:96)
	at org.springframework.web.filter.OncePerRequestFilter.doFilter(OncePerRequestFilter.java:119)
	at org.apache.catalina.core.ApplicationFilterChain.internalDoFilter(ApplicationFilterChain.java:190)
	at org.apache.catalina.core.ApplicationFilterChain.doFilter(ApplicationFilterChain.java:163)
	at org.springframework.web.filter.CharacterEncodingFilter.doFilterInternal(CharacterEncodingFilter.java:201)
	at org.springframework.web.filter.OncePerRequestFilter.doFilter(OncePerRequestFilter.java:119)
	at org.apache.catalina.core.ApplicationFilterChain.internalDoFilter(ApplicationFilterChain.java:190)
	at org.apache.catalina.core.ApplicationFilterChain.doFilter(ApplicationFilterChain.java:163)
	at org.apache.catalina.core.StandardWrapperValve.invoke(StandardWrapperValve.java:202)
	at org.apache.catalina.core.StandardContextValve.invoke(StandardContextValve.java:97)
	at org.apache.catalina.authenticator.AuthenticatorBase.invoke(AuthenticatorBase.java:542)
	at org.apache.catalina.core.StandardHostValve.invoke(StandardHostValve.java:143)
	at org.apache.catalina.valves.ErrorReportValve.invoke(ErrorReportValve.java:92)
	at org.apache.catalina.core.StandardEngineValve.invoke(StandardEngineValve.java:78)
	at org.apache.catalina.connector.CoyoteAdapter.service(CoyoteAdapter.java:357)
	at org.apache.coyote.http11.Http11Processor.service(Http11Processor.java:382)
	at org.apache.coyote.AbstractProcessorLight.process(AbstractProcessorLight.java:65)
	at org.apache.coyote.AbstractProtocol$ConnectionHandler.process(AbstractProtocol.java:893)
	at org.apache.tomcat.util.net.NioEndpoint$SocketProcessor.doRun(NioEndpoint.java:1723)
	at org.apache.tomcat.util.net.SocketProcessorBase.run(SocketProcessorBase.java:49)
	at java.base/java.util.concurrent.ThreadPoolExecutor.runWorker(ThreadPoolExecutor.java:1128)
	at java.base/java.util.concurrent.ThreadPoolExecutor$Worker.run(ThreadPoolExecutor.java:628)
	at org.apache.tomcat.util.threads.TaskThread$WrappingRunnable.run(TaskThread.java:61)
	at java.base/java.lang.Thread.run(Thread.java:834)
2022-01-04 09:56:17,250 WARN org.springframework.web.servlet.handler.AbstractHandlerExceptionResolver [http-nio-8083-exec-1] Resolved [java.lang.IndexOutOfBoundsException: Index 0 out of bounds for length 0]
2022-01-04 10:01:42,902 ERROR com.ceiba.infraestructura.error.ManejadorError [http-nio-8083-exec-6] IndexOutOfBoundsException
java.lang.IndexOutOfBoundsException: Index 3 out of bounds for length 3
	at java.base/jdk.internal.util.Preconditions.outOfBounds(Preconditions.java:64)
	at java.base/jdk.internal.util.Preconditions.outOfBoundsCheckIndex(Preconditions.java:70)
	at java.base/jdk.internal.util.Preconditions.checkIndex(Preconditions.java:248)
	at java.base/java.util.Objects.checkIndex(Objects.java:372)
	at java.base/java.util.ArrayList.get(ArrayList.java:459)
	at com.ceiba.recomendacion.servicio.ServicioCrearRecomendacion.unirRespApi(ServicioCrearRecomendacion.java:59)
	at com.ceiba.recomendacion.servicio.ServicioCrearRecomendacion.ejecutar(ServicioCrearRecomendacion.java:37)
	at com.ceiba.recomendacion.manejador.ManejadorConsultarRecomendacion.ejecutar(ManejadorConsultarRecomendacion.java:36)
	at com.ceiba.recomendacion.manejador.ManejadorConsultarRecomendacion$$FastClassBySpringCGLIB$$1a6c906e.invoke(<generated>)
	at org.springframework.cglib.proxy.MethodProxy.invoke(MethodProxy.java:218)
	at org.springframework.aop.framework.CglibAopProxy$CglibMethodInvocation.invokeJoinpoint(CglibAopProxy.java:779)
	at org.springframework.aop.framework.ReflectiveMethodInvocation.proceed(ReflectiveMethodInvocation.java:163)
	at org.springframework.aop.framework.CglibAopProxy$CglibMethodInvocation.proceed(CglibAopProxy.java:750)
	at org.springframework.transaction.interceptor.TransactionInterceptor$1.proceedWithInvocation(TransactionInterceptor.java:123)
	at org.springframework.transaction.interceptor.TransactionAspectSupport.invokeWithinTransaction(TransactionAspectSupport.java:388)
	at org.springframework.transaction.interceptor.TransactionInterceptor.invoke(TransactionInterceptor.java:119)
	at org.springframework.aop.framework.ReflectiveMethodInvocation.proceed(ReflectiveMethodInvocation.java:186)
	at org.springframework.aop.framework.CglibAopProxy$CglibMethodInvocation.proceed(CglibAopProxy.java:750)
	at org.springframework.aop.framework.CglibAopProxy$DynamicAdvisedInterceptor.intercept(CglibAopProxy.java:692)
	at com.ceiba.recomendacion.manejador.ManejadorConsultarRecomendacion$$EnhancerBySpringCGLIB$$1f4b0cb3.ejecutar(<generated>)
	at com.ceiba.recomendacion.ConsultaControladorRecomendacion.consultarRecomendacion(ConsultaControladorRecomendacion.java:27)
	at jdk.internal.reflect.GeneratedMethodAccessor102.invoke(Unknown Source)
	at java.base/jdk.internal.reflect.DelegatingMethodAccessorImpl.invoke(DelegatingMethodAccessorImpl.java:43)
	at java.base/java.lang.reflect.Method.invoke(Method.java:566)
	at org.springframework.web.method.support.InvocableHandlerMethod.doInvoke(InvocableHandlerMethod.java:197)
	at org.springframework.web.method.support.InvocableHandlerMethod.invokeForRequest(InvocableHandlerMethod.java:141)
	at org.springframework.web.servlet.mvc.method.annotation.ServletInvocableHandlerMethod.invokeAndHandle(ServletInvocableHandlerMethod.java:106)
	at org.springframework.web.servlet.mvc.method.annotation.RequestMappingHandlerAdapter.invokeHandlerMethod(RequestMappingHandlerAdapter.java:895)
	at org.springframework.web.servlet.mvc.method.annotation.RequestMappingHandlerAdapter.handleInternal(RequestMappingHandlerAdapter.java:808)
	at org.springframework.web.servlet.mvc.method.AbstractHandlerMethodAdapter.handle(AbstractHandlerMethodAdapter.java:87)
	at org.springframework.web.servlet.DispatcherServlet.doDispatch(DispatcherServlet.java:1064)
	at org.springframework.web.servlet.DispatcherServlet.doService(DispatcherServlet.java:963)
	at org.springframework.web.servlet.FrameworkServlet.processRequest(FrameworkServlet.java:1006)
	at org.springframework.web.servlet.FrameworkServlet.doPost(FrameworkServlet.java:909)
	at javax.servlet.http.HttpServlet.service(HttpServlet.java:517)
	at org.springframework.web.servlet.FrameworkServlet.service(FrameworkServlet.java:883)
	at javax.servlet.http.HttpServlet.service(HttpServlet.java:584)
	at org.apache.catalina.core.ApplicationFilterChain.internalDoFilter(ApplicationFilterChain.java:228)
	at org.apache.catalina.core.ApplicationFilterChain.doFilter(ApplicationFilterChain.java:163)
	at com.ceiba.infraestructura.filtro.FiltroHeaderSeguridad.doFilter(FiltroHeaderSeguridad.java:28)
	at org.apache.catalina.core.ApplicationFilterChain.internalDoFilter(ApplicationFilterChain.java:190)
	at org.apache.catalina.core.ApplicationFilterChain.doFilter(ApplicationFilterChain.java:163)
	at org.springframework.web.filter.RequestContextFilter.doFilterInternal(RequestContextFilter.java:100)
	at org.springframework.web.filter.OncePerRequestFilter.doFilter(OncePerRequestFilter.java:119)
	at org.apache.catalina.core.ApplicationFilterChain.internalDoFilter(ApplicationFilterChain.java:190)
	at org.apache.catalina.core.ApplicationFilterChain.doFilter(ApplicationFilterChain.java:163)
	at org.springframework.web.filter.FormContentFilter.doFilterInternal(FormContentFilter.java:93)
	at org.springframework.web.filter.OncePerRequestFilter.doFilter(OncePerRequestFilter.java:119)
	at org.apache.catalina.core.ApplicationFilterChain.internalDoFilter(ApplicationFilterChain.java:190)
	at org.apache.catalina.core.ApplicationFilterChain.doFilter(ApplicationFilterChain.java:163)
	at org.springframework.boot.actuate.metrics.web.servlet.WebMvcMetricsFilter.doFilterInternal(WebMvcMetricsFilter.java:96)
	at org.springframework.web.filter.OncePerRequestFilter.doFilter(OncePerRequestFilter.java:119)
	at org.apache.catalina.core.ApplicationFilterChain.internalDoFilter(ApplicationFilterChain.java:190)
	at org.apache.catalina.core.ApplicationFilterChain.doFilter(ApplicationFilterChain.java:163)
	at org.springframework.web.filter.CharacterEncodingFilter.doFilterInternal(CharacterEncodingFilter.java:201)
	at org.springframework.web.filter.OncePerRequestFilter.doFilter(OncePerRequestFilter.java:119)
	at org.apache.catalina.core.ApplicationFilterChain.internalDoFilter(ApplicationFilterChain.java:190)
	at org.apache.catalina.core.ApplicationFilterChain.doFilter(ApplicationFilterChain.java:163)
	at org.apache.catalina.core.StandardWrapperValve.invoke(StandardWrapperValve.java:202)
	at org.apache.catalina.core.StandardContextValve.invoke(StandardContextValve.java:97)
	at org.apache.catalina.authenticator.AuthenticatorBase.invoke(AuthenticatorBase.java:542)
	at org.apache.catalina.core.StandardHostValve.invoke(StandardHostValve.java:143)
	at org.apache.catalina.valves.ErrorReportValve.invoke(ErrorReportValve.java:92)
	at org.apache.catalina.core.StandardEngineValve.invoke(StandardEngineValve.java:78)
	at org.apache.catalina.connector.CoyoteAdapter.service(CoyoteAdapter.java:357)
	at org.apache.coyote.http11.Http11Processor.service(Http11Processor.java:382)
	at org.apache.coyote.AbstractProcessorLight.process(AbstractProcessorLight.java:65)
	at org.apache.coyote.AbstractProtocol$ConnectionHandler.process(AbstractProtocol.java:893)
	at org.apache.tomcat.util.net.NioEndpoint$SocketProcessor.doRun(NioEndpoint.java:1723)
	at org.apache.tomcat.util.net.SocketProcessorBase.run(SocketProcessorBase.java:49)
	at java.base/java.util.concurrent.ThreadPoolExecutor.runWorker(ThreadPoolExecutor.java:1128)
	at java.base/java.util.concurrent.ThreadPoolExecutor$Worker.run(ThreadPoolExecutor.java:628)
	at org.apache.tomcat.util.threads.TaskThread$WrappingRunnable.run(TaskThread.java:61)
	at java.base/java.lang.Thread.run(Thread.java:834)
2022-01-04 10:01:42,904 WARN org.springframework.web.servlet.handler.AbstractHandlerExceptionResolver [http-nio-8083-exec-6] Resolved [java.lang.IndexOutOfBoundsException: Index 3 out of bounds for length 3]
2022-01-04 10:14:21,215 WARN org.springframework.web.servlet.handler.AbstractHandlerExceptionResolver [http-nio-8083-exec-4] Resolved [org.springframework.http.converter.HttpMessageNotReadableException: Required request body is missing: public com.ceiba.ComandoRespuesta<com.ceiba.api_busqueda.modelo.dto.RespApiBusqueda> com.ceiba.recomendacion.ConsultaControladorRecomendacion.consultarRecomendacion(com.ceiba.recomendacion.comando.ComandoConsultarRecomendacion) throws java.io.IOException]
2022-01-04 10:15:48,392 WARN org.springframework.web.servlet.handler.AbstractHandlerExceptionResolver [http-nio-8083-exec-5] Resolved [org.springframework.http.converter.HttpMessageNotReadableException: Required request body is missing: public com.ceiba.ComandoRespuesta<com.ceiba.api_busqueda.modelo.dto.RespApiBusqueda> com.ceiba.recomendacion.ConsultaControladorRecomendacion.consultarRecomendacion(com.ceiba.recomendacion.comando.ComandoConsultarRecomendacion) throws java.io.IOException]
2022-01-04 10:15:52,416 WARN org.springframework.web.servlet.handler.AbstractHandlerExceptionResolver [http-nio-8083-exec-8] Resolved [org.springframework.http.converter.HttpMessageNotReadableException: Required request body is missing: public com.ceiba.ComandoRespuesta<com.ceiba.api_busqueda.modelo.dto.RespApiBusqueda> com.ceiba.recomendacion.ConsultaControladorRecomendacion.consultarRecomendacion(com.ceiba.recomendacion.comando.ComandoConsultarRecomendacion) throws java.io.IOException]
2022-01-04 10:15:54,401 WARN org.springframework.web.servlet.handler.AbstractHandlerExceptionResolver [http-nio-8083-exec-10] Resolved [org.springframework.http.converter.HttpMessageNotReadableException: Required request body is missing: public com.ceiba.ComandoRespuesta<com.ceiba.api_busqueda.modelo.dto.RespApiBusqueda> com.ceiba.recomendacion.ConsultaControladorRecomendacion.consultarRecomendacion(com.ceiba.recomendacion.comando.ComandoConsultarRecomendacion) throws java.io.IOException]
2022-01-04 10:15:55,857 WARN org.springframework.web.servlet.handler.AbstractHandlerExceptionResolver [http-nio-8083-exec-1] Resolved [org.springframework.http.converter.HttpMessageNotReadableException: Required request body is missing: public com.ceiba.ComandoRespuesta<com.ceiba.api_busqueda.modelo.dto.RespApiBusqueda> com.ceiba.recomendacion.ConsultaControladorRecomendacion.consultarRecomendacion(com.ceiba.recomendacion.comando.ComandoConsultarRecomendacion) throws java.io.IOException]
2022-01-04 10:16:10,953 WARN org.springframework.web.servlet.handler.AbstractHandlerExceptionResolver [http-nio-8083-exec-2] Resolved [org.springframework.http.converter.HttpMessageNotReadableException: Required request body is missing: public com.ceiba.ComandoRespuesta<com.ceiba.api_busqueda.modelo.dto.RespApiBusqueda> com.ceiba.recomendacion.ConsultaControladorRecomendacion.consultarRecomendacion(com.ceiba.recomendacion.comando.ComandoConsultarRecomendacion) throws java.io.IOException]
2022-01-04 10:40:57,282 WARN org.springframework.web.servlet.handler.AbstractHandlerExceptionResolver [http-nio-8083-exec-9] Resolved [org.springframework.http.converter.HttpMessageNotReadableException: Required request body is missing: public com.ceiba.ComandoRespuesta<com.ceiba.api_busqueda.modelo.dto.RespApiBusqueda> com.ceiba.recomendacion.ConsultaControladorRecomendacion.consultarRecomendacion(com.ceiba.recomendacion.comando.ComandoConsultarRecomendacion) throws java.io.IOException]
2022-01-04 10:40:59,441 WARN org.springframework.web.servlet.handler.AbstractHandlerExceptionResolver [http-nio-8083-exec-3] Resolved [org.springframework.http.converter.HttpMessageNotReadableException: Required request body is missing: public com.ceiba.ComandoRespuesta<com.ceiba.api_busqueda.modelo.dto.RespApiBusqueda> com.ceiba.recomendacion.ConsultaControladorRecomendacion.consultarRecomendacion(com.ceiba.recomendacion.comando.ComandoConsultarRecomendacion) throws java.io.IOException]
2022-01-04 10:41:02,330 WARN org.springframework.web.servlet.handler.AbstractHandlerExceptionResolver [http-nio-8083-exec-6] Resolved [org.springframework.http.converter.HttpMessageNotReadableException: Required request body is missing: public com.ceiba.ComandoRespuesta<com.ceiba.api_busqueda.modelo.dto.RespApiBusqueda> com.ceiba.recomendacion.ConsultaControladorRecomendacion.consultarRecomendacion(com.ceiba.recomendacion.comando.ComandoConsultarRecomendacion) throws java.io.IOException]
2022-01-04 10:42:35,477 WARN org.springframework.web.servlet.handler.AbstractHandlerExceptionResolver [http-nio-8083-exec-7] Resolved [org.springframework.http.converter.HttpMessageNotReadableException: Required request body is missing: public com.ceiba.ComandoRespuesta<com.ceiba.api_busqueda.modelo.dto.RespApiBusqueda> com.ceiba.recomendacion.ConsultaControladorRecomendacion.consultarRecomendacion(com.ceiba.recomendacion.comando.ComandoConsultarRecomendacion) throws java.io.IOException]
2022-01-04 10:43:09,438 WARN org.springframework.web.servlet.handler.AbstractHandlerExceptionResolver [http-nio-8083-exec-4] Resolved [org.springframework.http.converter.HttpMessageNotReadableException: Required request body is missing: public com.ceiba.ComandoRespuesta<com.ceiba.api_busqueda.modelo.dto.RespApiBusqueda> com.ceiba.recomendacion.ConsultaControladorRecomendacion.consultarRecomendacion(com.ceiba.recomendacion.comando.ComandoConsultarRecomendacion) throws java.io.IOException]
2022-01-04 10:43:16,039 WARN org.springframework.web.servlet.handler.AbstractHandlerExceptionResolver [http-nio-8083-exec-5] Resolved [org.springframework.http.converter.HttpMessageNotReadableException: Required request body is missing: public com.ceiba.ComandoRespuesta<com.ceiba.api_busqueda.modelo.dto.RespApiBusqueda> com.ceiba.recomendacion.ConsultaControladorRecomendacion.consultarRecomendacion(com.ceiba.recomendacion.comando.ComandoConsultarRecomendacion) throws java.io.IOException]
2022-01-04 11:06:45,706 WARN com.zaxxer.hikari.pool.HikariPool$HouseKeeper [pool housekeeper] pool - Thread starvation or clock leap detected (housekeeper delta=7m59s176ms739탎600ns).
2022-01-04 11:14:28,736 WARN org.springframework.web.servlet.handler.AbstractHandlerExceptionResolver [http-nio-8083-exec-8] Resolved [org.springframework.http.converter.HttpMessageNotReadableException: Required request body is missing: public com.ceiba.ComandoRespuesta<com.ceiba.api_busqueda.modelo.dto.RespApiBusqueda> com.ceiba.recomendacion.ConsultaControladorRecomendacion.consultarRecomendacion(com.ceiba.recomendacion.comando.ComandoConsultarRecomendacion) throws java.io.IOException]
2022-01-04 11:51:45,461 WARN com.zaxxer.hikari.pool.HikariPool$HouseKeeper [pool housekeeper] pool - Thread starvation or clock leap detected (housekeeper delta=1m59s140ms394탎900ns).
2022-01-04 14:44:05,059 WARN com.zaxxer.hikari.pool.HikariPool$HouseKeeper [pool housekeeper] pool - Thread starvation or clock leap detected (housekeeper delta=46m17s528ms652탎600ns).
2022-01-04 15:03:47,250 WARN com.zaxxer.hikari.pool.HikariPool$HouseKeeper [pool housekeeper] pool - Thread starvation or clock leap detected (housekeeper delta=3m41s964ms63탎500ns).
2022-01-04 15:49:39,126 WARN org.springframework.web.servlet.handler.AbstractHandlerExceptionResolver [http-nio-8083-exec-1] Resolved [org.springframework.http.converter.HttpMessageNotReadableException: Required request body is missing: public com.ceiba.ComandoRespuesta<com.ceiba.api_busqueda.modelo.dto.RespApiBusqueda> com.ceiba.recomendacion.ConsultaControladorRecomendacion.consultarRecomendacion(com.ceiba.recomendacion.comando.ComandoConsultarRecomendacion) throws java.io.IOException]
2022-01-04 15:49:46,924 WARN org.springframework.web.servlet.handler.AbstractHandlerExceptionResolver [http-nio-8083-exec-2] Resolved [org.springframework.http.converter.HttpMessageNotReadableException: Required request body is missing: public com.ceiba.ComandoRespuesta<com.ceiba.api_busqueda.modelo.dto.RespApiBusqueda> com.ceiba.recomendacion.ConsultaControladorRecomendacion.consultarRecomendacion(com.ceiba.recomendacion.comando.ComandoConsultarRecomendacion) throws java.io.IOException]
2022-01-04 15:49:56,377 WARN org.springframework.web.servlet.handler.AbstractHandlerExceptionResolver [http-nio-8083-exec-9] Resolved [org.springframework.http.converter.HttpMessageNotReadableException: Required request body is missing: public com.ceiba.ComandoRespuesta<com.ceiba.api_busqueda.modelo.dto.RespApiBusqueda> com.ceiba.recomendacion.ConsultaControladorRecomendacion.consultarRecomendacion(com.ceiba.recomendacion.comando.ComandoConsultarRecomendacion) throws java.io.IOException]
2022-01-04 16:02:29,739 WARN org.springframework.web.servlet.handler.AbstractHandlerExceptionResolver [http-nio-8083-exec-4] Resolved [org.springframework.http.converter.HttpMessageNotReadableException: Required request body is missing: public com.ceiba.ComandoRespuesta<com.ceiba.api_busqueda.modelo.dto.RespApiBusqueda> com.ceiba.recomendacion.ConsultaControladorRecomendacion.consultarRecomendacion(com.ceiba.recomendacion.comando.ComandoConsultarRecomendacion) throws java.io.IOException]
2022-01-04 16:04:57,948 WARN org.springframework.web.servlet.handler.AbstractHandlerExceptionResolver [http-nio-8083-exec-5] Resolved [org.springframework.http.converter.HttpMessageNotReadableException: Required request body is missing: public com.ceiba.ComandoRespuesta<com.ceiba.api_busqueda.modelo.dto.RespApiBusqueda> com.ceiba.recomendacion.ConsultaControladorRecomendacion.consultarRecomendacion(com.ceiba.recomendacion.comando.ComandoConsultarRecomendacion) throws java.io.IOException]
2022-01-04 16:05:37,037 WARN org.springframework.web.servlet.handler.AbstractHandlerExceptionResolver [http-nio-8083-exec-7] Resolved [org.springframework.http.converter.HttpMessageNotReadableException: Required request body is missing: public com.ceiba.ComandoRespuesta<com.ceiba.api_busqueda.modelo.dto.RespApiBusqueda> com.ceiba.recomendacion.ConsultaControladorRecomendacion.consultarRecomendacion(com.ceiba.recomendacion.comando.ComandoConsultarRecomendacion) throws java.io.IOException]
2022-01-04 16:05:40,345 WARN org.springframework.web.servlet.handler.AbstractHandlerExceptionResolver [http-nio-8083-exec-8] Resolved [org.springframework.http.converter.HttpMessageNotReadableException: Required request body is missing: public com.ceiba.ComandoRespuesta<com.ceiba.api_busqueda.modelo.dto.RespApiBusqueda> com.ceiba.recomendacion.ConsultaControladorRecomendacion.consultarRecomendacion(com.ceiba.recomendacion.comando.ComandoConsultarRecomendacion) throws java.io.IOException]
2022-01-04 16:05:42,681 WARN org.springframework.web.servlet.handler.AbstractHandlerExceptionResolver [http-nio-8083-exec-10] Resolved [org.springframework.http.converter.HttpMessageNotReadableException: Required request body is missing: public com.ceiba.ComandoRespuesta<com.ceiba.api_busqueda.modelo.dto.RespApiBusqueda> com.ceiba.recomendacion.ConsultaControladorRecomendacion.consultarRecomendacion(com.ceiba.recomendacion.comando.ComandoConsultarRecomendacion) throws java.io.IOException]
2022-01-04 16:09:18,527 WARN org.springframework.web.servlet.handler.AbstractHandlerExceptionResolver [http-nio-8083-exec-9] Resolved [org.springframework.http.converter.HttpMessageNotReadableException: Required request body is missing: public com.ceiba.ComandoRespuesta<com.ceiba.api_busqueda.modelo.dto.RespApiBusqueda> com.ceiba.recomendacion.ConsultaControladorRecomendacion.consultarRecomendacion(com.ceiba.recomendacion.comando.ComandoConsultarRecomendacion) throws java.io.IOException]
2022-01-04 16:09:22,145 WARN org.springframework.web.servlet.handler.AbstractHandlerExceptionResolver [http-nio-8083-exec-3] Resolved [org.springframework.http.converter.HttpMessageNotReadableException: Required request body is missing: public com.ceiba.ComandoRespuesta<com.ceiba.api_busqueda.modelo.dto.RespApiBusqueda> com.ceiba.recomendacion.ConsultaControladorRecomendacion.consultarRecomendacion(com.ceiba.recomendacion.comando.ComandoConsultarRecomendacion) throws java.io.IOException]
2022-01-04 16:09:23,705 WARN org.springframework.web.servlet.handler.AbstractHandlerExceptionResolver [http-nio-8083-exec-6] Resolved [org.springframework.http.converter.HttpMessageNotReadableException: Required request body is missing: public com.ceiba.ComandoRespuesta<com.ceiba.api_busqueda.modelo.dto.RespApiBusqueda> com.ceiba.recomendacion.ConsultaControladorRecomendacion.consultarRecomendacion(com.ceiba.recomendacion.comando.ComandoConsultarRecomendacion) throws java.io.IOException]
2022-01-04 16:09:32,457 WARN org.springframework.web.servlet.handler.AbstractHandlerExceptionResolver [http-nio-8083-exec-4] Resolved [org.springframework.http.converter.HttpMessageNotReadableException: Required request body is missing: public com.ceiba.ComandoRespuesta<com.ceiba.api_busqueda.modelo.dto.RespApiBusqueda> com.ceiba.recomendacion.ConsultaControladorRecomendacion.consultarRecomendacion(com.ceiba.recomendacion.comando.ComandoConsultarRecomendacion) throws java.io.IOException]
2022-01-04 16:09:33,278 WARN org.springframework.web.servlet.handler.AbstractHandlerExceptionResolver [http-nio-8083-exec-5] Resolved [org.springframework.http.converter.HttpMessageNotReadableException: Required request body is missing: public com.ceiba.ComandoRespuesta<com.ceiba.api_busqueda.modelo.dto.RespApiBusqueda> com.ceiba.recomendacion.ConsultaControladorRecomendacion.consultarRecomendacion(com.ceiba.recomendacion.comando.ComandoConsultarRecomendacion) throws java.io.IOException]
2022-01-04 16:11:23,671 WARN org.springframework.web.servlet.handler.AbstractHandlerExceptionResolver [http-nio-8083-exec-7] Resolved [org.springframework.http.converter.HttpMessageNotReadableException: Required request body is missing: public com.ceiba.ComandoRespuesta<com.ceiba.api_busqueda.modelo.dto.RespApiBusqueda> com.ceiba.recomendacion.ConsultaControladorRecomendacion.consultarRecomendacion(com.ceiba.recomendacion.comando.ComandoConsultarRecomendacion) throws java.io.IOException]
2022-01-04 16:11:24,763 WARN org.springframework.web.servlet.handler.AbstractHandlerExceptionResolver [http-nio-8083-exec-8] Resolved [org.springframework.http.converter.HttpMessageNotReadableException: Required request body is missing: public com.ceiba.ComandoRespuesta<com.ceiba.api_busqueda.modelo.dto.RespApiBusqueda> com.ceiba.recomendacion.ConsultaControladorRecomendacion.consultarRecomendacion(com.ceiba.recomendacion.comando.ComandoConsultarRecomendacion) throws java.io.IOException]
2022-01-04 16:11:28,107 WARN org.springframework.web.servlet.handler.AbstractHandlerExceptionResolver [http-nio-8083-exec-10] Resolved [org.springframework.http.converter.HttpMessageNotReadableException: Required request body is missing: public com.ceiba.ComandoRespuesta<com.ceiba.api_busqueda.modelo.dto.RespApiBusqueda> com.ceiba.recomendacion.ConsultaControladorRecomendacion.consultarRecomendacion(com.ceiba.recomendacion.comando.ComandoConsultarRecomendacion) throws java.io.IOException]
2022-01-04 16:11:30,840 WARN org.springframework.web.servlet.handler.AbstractHandlerExceptionResolver [http-nio-8083-exec-1] Resolved [org.springframework.http.converter.HttpMessageNotReadableException: Required request body is missing: public com.ceiba.ComandoRespuesta<com.ceiba.api_busqueda.modelo.dto.RespApiBusqueda> com.ceiba.recomendacion.ConsultaControladorRecomendacion.consultarRecomendacion(com.ceiba.recomendacion.comando.ComandoConsultarRecomendacion) throws java.io.IOException]
2022-01-04 16:11:34,006 WARN org.springframework.web.servlet.handler.AbstractHandlerExceptionResolver [http-nio-8083-exec-2] Resolved [org.springframework.http.converter.HttpMessageNotReadableException: Required request body is missing: public com.ceiba.ComandoRespuesta<com.ceiba.api_busqueda.modelo.dto.RespApiBusqueda> com.ceiba.recomendacion.ConsultaControladorRecomendacion.consultarRecomendacion(com.ceiba.recomendacion.comando.ComandoConsultarRecomendacion) throws java.io.IOException]
2022-01-04 16:11:35,300 WARN org.springframework.web.servlet.handler.AbstractHandlerExceptionResolver [http-nio-8083-exec-9] Resolved [org.springframework.http.converter.HttpMessageNotReadableException: Required request body is missing: public com.ceiba.ComandoRespuesta<com.ceiba.api_busqueda.modelo.dto.RespApiBusqueda> com.ceiba.recomendacion.ConsultaControladorRecomendacion.consultarRecomendacion(com.ceiba.recomendacion.comando.ComandoConsultarRecomendacion) throws java.io.IOException]
2022-01-04 16:11:37,931 WARN org.springframework.web.servlet.handler.AbstractHandlerExceptionResolver [http-nio-8083-exec-3] Resolved [org.springframework.http.converter.HttpMessageNotReadableException: Required request body is missing: public com.ceiba.ComandoRespuesta<com.ceiba.api_busqueda.modelo.dto.RespApiBusqueda> com.ceiba.recomendacion.ConsultaControladorRecomendacion.consultarRecomendacion(com.ceiba.recomendacion.comando.ComandoConsultarRecomendacion) throws java.io.IOException]
2022-01-04 16:19:02,319 WARN com.zaxxer.hikari.pool.HikariPool$HouseKeeper [pool housekeeper] pool - Thread starvation or clock leap detected (housekeeper delta=1m10s986ms930탎100ns).
2022-01-04 16:20:18,909 WARN com.zaxxer.hikari.pool.HikariPool$HouseKeeper [pool housekeeper] pool - Thread starvation or clock leap detected (housekeeper delta=46s549ms863탎600ns).
2022-01-04 17:42:18,047 WARN com.zaxxer.hikari.pool.HikariPool$HouseKeeper [pool housekeeper] pool - Thread starvation or clock leap detected (housekeeper delta=37m28s494ms115탎500ns).
2022-01-04 21:03:18,540 WARN com.zaxxer.hikari.pool.HikariPool$HouseKeeper [pool housekeeper] pool - Thread starvation or clock leap detected (housekeeper delta=3h30s165ms978탎200ns).
2022-01-04 21:36:42,792 WARN com.zaxxer.hikari.pool.HikariPool$HouseKeeper [pool housekeeper] pool - Thread starvation or clock leap detected (housekeeper delta=33m41s359ms648탎).
2022-01-04 21:41:27,022 WARN com.zaxxer.hikari.pool.HikariPool$HouseKeeper [pool housekeeper] pool - Thread starvation or clock leap detected (housekeeper delta=5m1s978ms824탎400ns).
