2022-02-02 10:39:15,485 INFO org.springframework.boot.StartupInfoLogger [restartedMain] Starting Application using Java 11.0.12 on JUAN-HURTADO with PID 8928 (D:\Meta-Recomendador\java-arquitectura-hexagonal\microservicio\build\classes\java\main started by juan.hurtado in D:\Meta-Recomendador\java-arquitectura-hexagonal\microservicio)
2022-02-02 10:39:15,496 INFO org.springframework.boot.SpringApplication [restartedMain] No active profile set, falling back to default profiles: default
2022-02-02 10:39:15,581 INFO org.springframework.boot.logging.DeferredLog [restartedMain] Devtools property defaults active! Set 'spring.devtools.add-properties' to 'false' to disable
2022-02-02 10:39:15,582 INFO org.springframework.boot.logging.DeferredLog [restartedMain] For additional web related logging consider setting the 'logging.level.web' property to 'DEBUG'
2022-02-02 10:39:18,180 INFO com.ulisesbocchio.jasyptspringboot.configuration.EnableEncryptablePropertiesBeanFactoryPostProcessor [restartedMain] Post-processing PropertySource instances
2022-02-02 10:39:18,282 INFO com.ulisesbocchio.jasyptspringboot.EncryptablePropertySourceConverter [restartedMain] Converting PropertySource configurationProperties [org.springframework.boot.context.properties.source.ConfigurationPropertySourcesPropertySource] to AOP Proxy
2022-02-02 10:39:18,285 INFO com.ulisesbocchio.jasyptspringboot.EncryptablePropertySourceConverter [restartedMain] Converting PropertySource servletConfigInitParams [org.springframework.core.env.PropertySource$StubPropertySource] to EncryptablePropertySourceWrapper
2022-02-02 10:39:18,285 INFO com.ulisesbocchio.jasyptspringboot.EncryptablePropertySourceConverter [restartedMain] Converting PropertySource servletContextInitParams [org.springframework.core.env.PropertySource$StubPropertySource] to EncryptablePropertySourceWrapper
2022-02-02 10:39:18,286 INFO com.ulisesbocchio.jasyptspringboot.EncryptablePropertySourceConverter [restartedMain] Converting PropertySource systemProperties [org.springframework.core.env.PropertiesPropertySource] to EncryptableMapPropertySourceWrapper
2022-02-02 10:39:18,287 INFO com.ulisesbocchio.jasyptspringboot.EncryptablePropertySourceConverter [restartedMain] Converting PropertySource systemEnvironment [org.springframework.boot.env.SystemEnvironmentPropertySourceEnvironmentPostProcessor$OriginAwareSystemEnvironmentPropertySource] to EncryptableMapPropertySourceWrapper
2022-02-02 10:39:18,288 INFO com.ulisesbocchio.jasyptspringboot.EncryptablePropertySourceConverter [restartedMain] Converting PropertySource random [org.springframework.boot.env.RandomValuePropertySource] to EncryptablePropertySourceWrapper
2022-02-02 10:39:18,288 INFO com.ulisesbocchio.jasyptspringboot.EncryptablePropertySourceConverter [restartedMain] Converting PropertySource Config resource 'class path resource [application.yaml]' via location 'optional:classpath:/' [org.springframework.boot.env.OriginTrackedMapPropertySource] to EncryptableMapPropertySourceWrapper
2022-02-02 10:39:18,289 INFO com.ulisesbocchio.jasyptspringboot.EncryptablePropertySourceConverter [restartedMain] Converting PropertySource devtools [org.springframework.core.env.MapPropertySource] to EncryptableMapPropertySourceWrapper
2022-02-02 10:39:18,330 INFO com.ulisesbocchio.jasyptspringboot.filter.DefaultLazyPropertyFilter [restartedMain] Property Filter custom Bean not found with name 'encryptablePropertyFilter'. Initializing Default Property Filter
2022-02-02 10:39:18,550 INFO com.ulisesbocchio.jasyptspringboot.resolver.DefaultLazyPropertyResolver [restartedMain] Property Resolver custom Bean not found with name 'encryptablePropertyResolver'. Initializing Default Property Resolver
2022-02-02 10:39:18,554 INFO com.ulisesbocchio.jasyptspringboot.detector.DefaultLazyPropertyDetector [restartedMain] Property Detector custom Bean not found with name 'encryptablePropertyDetector'. Initializing Default Property Detector
2022-02-02 10:39:19,610 INFO org.springframework.boot.web.embedded.tomcat.TomcatWebServer [restartedMain] Tomcat initialized with port(s): 8083 (http)
2022-02-02 10:39:19,626 INFO org.apache.juli.logging.DirectJDKLog [restartedMain] Initializing ProtocolHandler ["http-nio-8083"]
2022-02-02 10:39:19,627 INFO org.apache.juli.logging.DirectJDKLog [restartedMain] Starting service [Tomcat]
2022-02-02 10:39:19,627 INFO org.apache.juli.logging.DirectJDKLog [restartedMain] Starting Servlet engine: [Apache Tomcat/9.0.50]
2022-02-02 10:39:19,783 INFO org.apache.juli.logging.DirectJDKLog [restartedMain] Initializing Spring embedded WebApplicationContext
2022-02-02 10:39:19,784 INFO org.springframework.boot.web.servlet.context.ServletWebServerApplicationContext [restartedMain] Root WebApplicationContext: initialization completed in 4197 ms
2022-02-02 10:39:20,251 INFO com.zaxxer.hikari.HikariDataSource [restartedMain] pool - Starting...
2022-02-02 10:39:20,783 INFO com.zaxxer.hikari.HikariDataSource [restartedMain] pool - Start completed.
2022-02-02 10:39:20,811 INFO org.flywaydb.core.internal.logging.slf4j.Slf4jLog [restartedMain] Flyway Community Edition 5.2.1 by Boxfuse
2022-02-02 10:39:20,826 INFO org.flywaydb.core.internal.logging.slf4j.Slf4jLog [restartedMain] Database: jdbc:sqlserver://localhost:1433;maxResultBuffer=-1;sendTemporalDataTypesAsStringForBulkCopy=true;delayLoadingLobs=true;useFmtOnly=false;useBulkCopyForBatchInsert=false;cancelQueryTimeout=-1;sslProtocol=TLS;jaasConfigurationName=SQLJDBCDriver;statementPoolingCacheSize=0;serverPreparedStatementDiscardThreshold=10;enablePrepareOnFirstPreparedStatementCall=false;fips=false;socketTimeout=0;authentication=NotSpecified;authenticationScheme=nativeAuthentication;xopenStates=false;sendTimeAsDatetime=true;trustStoreType=JKS;trustServerCertificate=false;TransparentNetworkIPResolution=true;serverNameAsACE=false;sendStringParametersAsUnicode=true;selectMethod=direct;responseBuffering=adaptive;queryTimeout=-1;packetSize=8000;multiSubnetFailover=false;loginTimeout=30;lockTimeout=-1;lastUpdateCount=true;encrypt=false;disableStatementPooling=true;databaseName=recomendadordb;columnEncryptionSetting=Disabled;applicationName=Microsoft JDBC Driver for SQL Server;applicationIntent=readwrite; (Microsoft SQL Server 15.0)
2022-02-02 10:39:20,860 WARN org.flywaydb.core.internal.logging.slf4j.Slf4jLog [restartedMain] Flyway upgrade recommended: SQL Server 15.0 is newer than this version of Flyway and support has not been tested.
2022-02-02 10:39:20,980 INFO org.flywaydb.core.internal.logging.slf4j.Slf4jLog [restartedMain] Successfully validated 1 migration (execution time 00:00.042s)
2022-02-02 10:39:21,037 INFO org.flywaydb.core.internal.logging.slf4j.Slf4jLog [restartedMain] Current version of schema [dbo]: 1.0
2022-02-02 10:39:21,051 INFO org.flywaydb.core.internal.logging.slf4j.Slf4jLog [restartedMain] Schema [dbo] is up to date. No migration necessary.
2022-02-02 10:39:21,987 INFO org.springframework.boot.actuate.endpoint.web.EndpointLinksResolver [restartedMain] Exposing 1 endpoint(s) beneath base path '/actuator'
2022-02-02 10:39:22,099 INFO springfox.documentation.spring.web.PropertySourcedRequestMappingHandlerMapping [restartedMain] Mapped URL path [/v2/api-docs] onto method [springfox.documentation.swagger2.web.Swagger2Controller#getDocumentation(String, HttpServletRequest)]
2022-02-02 10:39:22,179 INFO org.springframework.boot.devtools.autoconfigure.OptionalLiveReloadServer [restartedMain] LiveReload server is running on port 35729
2022-02-02 10:39:22,405 INFO org.apache.juli.logging.DirectJDKLog [restartedMain] Starting ProtocolHandler ["http-nio-8083"]
2022-02-02 10:39:22,429 INFO org.springframework.boot.web.embedded.tomcat.TomcatWebServer [restartedMain] Tomcat started on port(s): 8083 (http) with context path '/meta-recomendador'
2022-02-02 10:39:22,430 INFO springfox.documentation.spring.web.plugins.DocumentationPluginsBootstrapper [restartedMain] Context refreshed
2022-02-02 10:39:22,447 INFO springfox.documentation.spring.web.plugins.DocumentationPluginsBootstrapper [restartedMain] Found 1 custom documentation plugin(s)
2022-02-02 10:39:22,490 INFO springfox.documentation.spring.web.scanners.ApiListingReferenceScanner [restartedMain] Scanning for api listing references
2022-02-02 10:39:22,658 INFO springfox.documentation.spring.web.readers.operation.CachingOperationNameGenerator [restartedMain] Generating unique operation named: crearUsingPOST_1
2022-02-02 10:39:22,665 INFO springfox.documentation.spring.web.readers.operation.CachingOperationNameGenerator [restartedMain] Generating unique operation named: actualizarUsingPUT_1
2022-02-02 10:39:22,675 INFO springfox.documentation.spring.web.readers.operation.CachingOperationNameGenerator [restartedMain] Generating unique operation named: crearUsingPOST_2
2022-02-02 10:39:22,686 INFO springfox.documentation.spring.web.readers.operation.CachingOperationNameGenerator [restartedMain] Generating unique operation named: listarUsingGET_1
2022-02-02 10:39:22,695 INFO springfox.documentation.spring.web.readers.operation.CachingOperationNameGenerator [restartedMain] Generating unique operation named: listarUsingGET_2
2022-02-02 10:39:22,728 INFO org.springframework.boot.StartupInfoLogger [restartedMain] Started Application in 8.188 seconds (JVM running for 9.313)
2022-02-02 10:40:22,565 INFO org.apache.juli.logging.DirectJDKLog [http-nio-8083-exec-1] Initializing Spring DispatcherServlet 'dispatcherServlet'
2022-02-02 10:40:22,566 INFO org.springframework.web.servlet.FrameworkServlet [http-nio-8083-exec-1] Initializing Servlet 'dispatcherServlet'
2022-02-02 10:40:22,570 INFO org.springframework.web.servlet.FrameworkServlet [http-nio-8083-exec-1] Completed initialization in 3 ms
2022-02-02 12:28:42,673 WARN com.zaxxer.hikari.pool.HikariPool$HouseKeeper [pool housekeeper] pool - Thread starvation or clock leap detected (housekeeper delta=50s102ms517µs900ns).
2022-02-02 12:47:44,529 WARN com.zaxxer.hikari.pool.HikariPool$HouseKeeper [pool housekeeper] pool - Thread starvation or clock leap detected (housekeeper delta=4m1s663ms659µs600ns).
2022-02-02 13:33:38,770 WARN com.zaxxer.hikari.pool.HikariPool$HouseKeeper [pool housekeeper] pool - Thread starvation or clock leap detected (housekeeper delta=17m53s865ms251µs400ns).
