2021-11-29 11:12:26,802 INFO org.springframework.boot.StartupInfoLogger [restartedMain] Starting Application using Java 11.0.12 on JUAN-HURTADO with PID 27888 (D:\Meta-Recomendador\java-arquitectura-hexagonal\microservicio\build\classes\java\main started by juan.hurtado in D:\Meta-Recomendador\java-arquitectura-hexagonal\microservicio)
2021-11-29 11:12:26,833 INFO org.springframework.boot.SpringApplication [restartedMain] No active profile set, falling back to default profiles: default
2021-11-29 11:12:26,887 INFO org.springframework.boot.logging.DeferredLog [restartedMain] Devtools property defaults active! Set 'spring.devtools.add-properties' to 'false' to disable
2021-11-29 11:12:26,887 INFO org.springframework.boot.logging.DeferredLog [restartedMain] For additional web related logging consider setting the 'logging.level.web' property to 'DEBUG'
2021-11-29 11:12:28,211 INFO com.ulisesbocchio.jasyptspringboot.configuration.EnableEncryptablePropertiesBeanFactoryPostProcessor [restartedMain] Post-processing PropertySource instances
2021-11-29 11:12:28,271 INFO com.ulisesbocchio.jasyptspringboot.EncryptablePropertySourceConverter [restartedMain] Converting PropertySource configurationProperties [org.springframework.boot.context.properties.source.ConfigurationPropertySourcesPropertySource] to AOP Proxy
2021-11-29 11:12:28,272 INFO com.ulisesbocchio.jasyptspringboot.EncryptablePropertySourceConverter [restartedMain] Converting PropertySource servletConfigInitParams [org.springframework.core.env.PropertySource$StubPropertySource] to EncryptablePropertySourceWrapper
2021-11-29 11:12:28,272 INFO com.ulisesbocchio.jasyptspringboot.EncryptablePropertySourceConverter [restartedMain] Converting PropertySource servletContextInitParams [org.springframework.core.env.PropertySource$StubPropertySource] to EncryptablePropertySourceWrapper
2021-11-29 11:12:28,273 INFO com.ulisesbocchio.jasyptspringboot.EncryptablePropertySourceConverter [restartedMain] Converting PropertySource systemProperties [org.springframework.core.env.PropertiesPropertySource] to EncryptableMapPropertySourceWrapper
2021-11-29 11:12:28,273 INFO com.ulisesbocchio.jasyptspringboot.EncryptablePropertySourceConverter [restartedMain] Converting PropertySource systemEnvironment [org.springframework.boot.env.SystemEnvironmentPropertySourceEnvironmentPostProcessor$OriginAwareSystemEnvironmentPropertySource] to EncryptableMapPropertySourceWrapper
2021-11-29 11:12:28,273 INFO com.ulisesbocchio.jasyptspringboot.EncryptablePropertySourceConverter [restartedMain] Converting PropertySource random [org.springframework.boot.env.RandomValuePropertySource] to EncryptablePropertySourceWrapper
2021-11-29 11:12:28,273 INFO com.ulisesbocchio.jasyptspringboot.EncryptablePropertySourceConverter [restartedMain] Converting PropertySource Config resource 'class path resource [application.yaml]' via location 'optional:classpath:/' [org.springframework.boot.env.OriginTrackedMapPropertySource] to EncryptableMapPropertySourceWrapper
2021-11-29 11:12:28,273 INFO com.ulisesbocchio.jasyptspringboot.EncryptablePropertySourceConverter [restartedMain] Converting PropertySource devtools [org.springframework.core.env.MapPropertySource] to EncryptableMapPropertySourceWrapper
2021-11-29 11:12:28,292 INFO com.ulisesbocchio.jasyptspringboot.filter.DefaultLazyPropertyFilter [restartedMain] Property Filter custom Bean not found with name 'encryptablePropertyFilter'. Initializing Default Property Filter
2021-11-29 11:12:28,407 INFO com.ulisesbocchio.jasyptspringboot.resolver.DefaultLazyPropertyResolver [restartedMain] Property Resolver custom Bean not found with name 'encryptablePropertyResolver'. Initializing Default Property Resolver
2021-11-29 11:12:28,408 INFO com.ulisesbocchio.jasyptspringboot.detector.DefaultLazyPropertyDetector [restartedMain] Property Detector custom Bean not found with name 'encryptablePropertyDetector'. Initializing Default Property Detector
2021-11-29 11:12:28,977 INFO org.springframework.boot.web.embedded.tomcat.TomcatWebServer [restartedMain] Tomcat initialized with port(s): 8083 (http)
2021-11-29 11:12:28,977 INFO org.apache.juli.logging.DirectJDKLog [restartedMain] Initializing ProtocolHandler ["http-nio-8083"]
2021-11-29 11:12:28,977 INFO org.apache.juli.logging.DirectJDKLog [restartedMain] Starting service [Tomcat]
2021-11-29 11:12:28,977 INFO org.apache.juli.logging.DirectJDKLog [restartedMain] Starting Servlet engine: [Apache Tomcat/9.0.50]
2021-11-29 11:12:29,093 INFO org.apache.juli.logging.DirectJDKLog [restartedMain] Initializing Spring embedded WebApplicationContext
2021-11-29 11:12:29,093 INFO org.springframework.boot.web.servlet.context.ServletWebServerApplicationContext [restartedMain] Root WebApplicationContext: initialization completed in 2191 ms
2021-11-29 11:12:29,278 INFO com.zaxxer.hikari.HikariDataSource [restartedMain] pool - Starting...
2021-11-29 11:12:29,293 WARN com.zaxxer.hikari.util.DriverDataSource [restartedMain] Registered driver with driverClassName=com.mysql.jdbc.Driver was not found, trying direct instantiation.
2021-11-29 11:12:29,440 INFO com.zaxxer.hikari.HikariDataSource [restartedMain] pool - Start completed.
2021-11-29 11:12:29,463 INFO org.flywaydb.core.internal.logging.slf4j.Slf4jLog [restartedMain] Flyway Community Edition 5.2.1 by Boxfuse
2021-11-29 11:12:29,478 INFO org.flywaydb.core.internal.logging.slf4j.Slf4jLog [restartedMain] Database: jdbc:mysql://localhost:3306/meta-recomendador (MySQL 5.5)
2021-11-29 11:12:29,563 INFO org.flywaydb.core.internal.logging.slf4j.Slf4jLog [restartedMain] Successfully validated 1 migration (execution time 00:00.028s)
2021-11-29 11:12:29,578 INFO org.flywaydb.core.internal.logging.slf4j.Slf4jLog [restartedMain] Current version of schema `meta-recomendador`: 1.0
2021-11-29 11:12:29,578 INFO org.flywaydb.core.internal.logging.slf4j.Slf4jLog [restartedMain] Schema `meta-recomendador` is up to date. No migration necessary.
2021-11-29 11:12:29,926 INFO org.springframework.boot.actuate.endpoint.web.EndpointLinksResolver [restartedMain] Exposing 1 endpoint(s) beneath base path '/actuator'
2021-11-29 11:12:29,995 INFO springfox.documentation.spring.web.PropertySourcedRequestMappingHandlerMapping [restartedMain] Mapped URL path [/v2/api-docs] onto method [springfox.documentation.swagger2.web.Swagger2Controller#getDocumentation(String, HttpServletRequest)]
2021-11-29 11:12:30,042 INFO org.springframework.boot.devtools.autoconfigure.OptionalLiveReloadServer [restartedMain] LiveReload server is running on port 35729
2021-11-29 11:12:30,180 INFO org.apache.juli.logging.DirectJDKLog [restartedMain] Starting ProtocolHandler ["http-nio-8083"]
2021-11-29 11:12:30,196 INFO org.springframework.boot.web.embedded.tomcat.TomcatWebServer [restartedMain] Tomcat started on port(s): 8083 (http) with context path '/meta-recomendador'
2021-11-29 11:12:30,196 INFO springfox.documentation.spring.web.plugins.DocumentationPluginsBootstrapper [restartedMain] Context refreshed
2021-11-29 11:12:30,211 INFO springfox.documentation.spring.web.plugins.DocumentationPluginsBootstrapper [restartedMain] Found 1 custom documentation plugin(s)
2021-11-29 11:12:30,242 INFO springfox.documentation.spring.web.scanners.ApiListingReferenceScanner [restartedMain] Scanning for api listing references
2021-11-29 11:12:30,343 INFO springfox.documentation.spring.web.readers.operation.CachingOperationNameGenerator [restartedMain] Generating unique operation named: crearUsingPOST_1
2021-11-29 11:12:30,343 INFO springfox.documentation.spring.web.readers.operation.CachingOperationNameGenerator [restartedMain] Generating unique operation named: actualizarUsingPUT_1
2021-11-29 11:12:30,343 INFO springfox.documentation.spring.web.readers.operation.CachingOperationNameGenerator [restartedMain] Generating unique operation named: crearUsingPOST_2
2021-11-29 11:12:30,343 INFO springfox.documentation.spring.web.readers.operation.CachingOperationNameGenerator [restartedMain] Generating unique operation named: listarUsingGET_1
2021-11-29 11:12:30,358 INFO springfox.documentation.spring.web.readers.operation.CachingOperationNameGenerator [restartedMain] Generating unique operation named: listarUsingGET_2
2021-11-29 11:12:30,380 INFO org.springframework.boot.StartupInfoLogger [restartedMain] Started Application in 4.044 seconds (JVM running for 4.538)
2021-11-29 11:41:00,523 INFO org.apache.juli.logging.DirectJDKLog [http-nio-8083-exec-1] Initializing Spring DispatcherServlet 'dispatcherServlet'
2021-11-29 11:41:00,524 INFO org.springframework.web.servlet.FrameworkServlet [http-nio-8083-exec-1] Initializing Servlet 'dispatcherServlet'
2021-11-29 11:41:00,527 INFO org.springframework.web.servlet.FrameworkServlet [http-nio-8083-exec-1] Completed initialization in 2 ms
2021-11-29 13:13:42,213 WARN com.zaxxer.hikari.pool.HikariPool$HouseKeeper [pool housekeeper] pool - Thread starvation or clock leap detected (housekeeper delta=36m41s23ms351µs200ns).
2021-11-29 14:31:10,836 WARN com.zaxxer.hikari.pool.HikariPool$HouseKeeper [pool housekeeper] pool - Thread starvation or clock leap detected (housekeeper delta=46m28s47ms741µs500ns).
2021-11-29 14:37:26,695 INFO org.springframework.boot.StartupInfoLogger [restartedMain] Starting Application using Java 11.0.12 on JUAN-HURTADO with PID 26752 (D:\Meta-Recomendador\java-arquitectura-hexagonal\microservicio\build\classes\java\main started by juan.hurtado in D:\Meta-Recomendador\java-arquitectura-hexagonal\microservicio)
2021-11-29 14:37:26,710 INFO org.springframework.boot.SpringApplication [restartedMain] No active profile set, falling back to default profiles: default
2021-11-29 14:37:26,773 INFO org.springframework.boot.logging.DeferredLog [restartedMain] Devtools property defaults active! Set 'spring.devtools.add-properties' to 'false' to disable
2021-11-29 14:37:26,773 INFO org.springframework.boot.logging.DeferredLog [restartedMain] For additional web related logging consider setting the 'logging.level.web' property to 'DEBUG'
2021-11-29 14:37:28,378 INFO com.ulisesbocchio.jasyptspringboot.configuration.EnableEncryptablePropertiesBeanFactoryPostProcessor [restartedMain] Post-processing PropertySource instances
2021-11-29 14:37:28,447 INFO com.ulisesbocchio.jasyptspringboot.EncryptablePropertySourceConverter [restartedMain] Converting PropertySource configurationProperties [org.springframework.boot.context.properties.source.ConfigurationPropertySourcesPropertySource] to AOP Proxy
2021-11-29 14:37:28,447 INFO com.ulisesbocchio.jasyptspringboot.EncryptablePropertySourceConverter [restartedMain] Converting PropertySource servletConfigInitParams [org.springframework.core.env.PropertySource$StubPropertySource] to EncryptablePropertySourceWrapper
2021-11-29 14:37:28,447 INFO com.ulisesbocchio.jasyptspringboot.EncryptablePropertySourceConverter [restartedMain] Converting PropertySource servletContextInitParams [org.springframework.core.env.PropertySource$StubPropertySource] to EncryptablePropertySourceWrapper
2021-11-29 14:37:28,462 INFO com.ulisesbocchio.jasyptspringboot.EncryptablePropertySourceConverter [restartedMain] Converting PropertySource systemProperties [org.springframework.core.env.PropertiesPropertySource] to EncryptableMapPropertySourceWrapper
2021-11-29 14:37:28,462 INFO com.ulisesbocchio.jasyptspringboot.EncryptablePropertySourceConverter [restartedMain] Converting PropertySource systemEnvironment [org.springframework.boot.env.SystemEnvironmentPropertySourceEnvironmentPostProcessor$OriginAwareSystemEnvironmentPropertySource] to EncryptableMapPropertySourceWrapper
2021-11-29 14:37:28,462 INFO com.ulisesbocchio.jasyptspringboot.EncryptablePropertySourceConverter [restartedMain] Converting PropertySource random [org.springframework.boot.env.RandomValuePropertySource] to EncryptablePropertySourceWrapper
2021-11-29 14:37:28,462 INFO com.ulisesbocchio.jasyptspringboot.EncryptablePropertySourceConverter [restartedMain] Converting PropertySource Config resource 'class path resource [application.yaml]' via location 'optional:classpath:/' [org.springframework.boot.env.OriginTrackedMapPropertySource] to EncryptableMapPropertySourceWrapper
2021-11-29 14:37:28,462 INFO com.ulisesbocchio.jasyptspringboot.EncryptablePropertySourceConverter [restartedMain] Converting PropertySource devtools [org.springframework.core.env.MapPropertySource] to EncryptableMapPropertySourceWrapper
2021-11-29 14:37:28,478 INFO com.ulisesbocchio.jasyptspringboot.filter.DefaultLazyPropertyFilter [restartedMain] Property Filter custom Bean not found with name 'encryptablePropertyFilter'. Initializing Default Property Filter
2021-11-29 14:37:28,600 INFO com.ulisesbocchio.jasyptspringboot.resolver.DefaultLazyPropertyResolver [restartedMain] Property Resolver custom Bean not found with name 'encryptablePropertyResolver'. Initializing Default Property Resolver
2021-11-29 14:37:28,600 INFO com.ulisesbocchio.jasyptspringboot.detector.DefaultLazyPropertyDetector [restartedMain] Property Detector custom Bean not found with name 'encryptablePropertyDetector'. Initializing Default Property Detector
2021-11-29 14:37:29,195 INFO org.springframework.boot.web.embedded.tomcat.TomcatWebServer [restartedMain] Tomcat initialized with port(s): 8083 (http)
2021-11-29 14:37:29,202 INFO org.apache.juli.logging.DirectJDKLog [restartedMain] Initializing ProtocolHandler ["http-nio-8083"]
2021-11-29 14:37:29,202 INFO org.apache.juli.logging.DirectJDKLog [restartedMain] Starting service [Tomcat]
2021-11-29 14:37:29,202 INFO org.apache.juli.logging.DirectJDKLog [restartedMain] Starting Servlet engine: [Apache Tomcat/9.0.50]
2021-11-29 14:37:29,280 INFO org.apache.juli.logging.DirectJDKLog [restartedMain] Initializing Spring embedded WebApplicationContext
2021-11-29 14:37:29,280 INFO org.springframework.boot.web.servlet.context.ServletWebServerApplicationContext [restartedMain] Root WebApplicationContext: initialization completed in 2507 ms
2021-11-29 14:37:29,534 INFO com.zaxxer.hikari.HikariDataSource [restartedMain] pool - Starting...
2021-11-29 14:37:29,549 WARN com.zaxxer.hikari.util.DriverDataSource [restartedMain] Registered driver with driverClassName=com.mysql.jdbc.Driver was not found, trying direct instantiation.
2021-11-29 14:37:29,665 INFO com.zaxxer.hikari.HikariDataSource [restartedMain] pool - Start completed.
2021-11-29 14:37:29,697 INFO org.flywaydb.core.internal.logging.slf4j.Slf4jLog [restartedMain] Flyway Community Edition 5.2.1 by Boxfuse
2021-11-29 14:37:29,703 INFO org.flywaydb.core.internal.logging.slf4j.Slf4jLog [restartedMain] Database: jdbc:mysql://localhost:3306/meta-recomendador (MySQL 5.5)
2021-11-29 14:37:29,781 INFO org.flywaydb.core.internal.logging.slf4j.Slf4jLog [restartedMain] Successfully validated 1 migration (execution time 00:00.023s)
2021-11-29 14:37:29,797 INFO org.flywaydb.core.internal.logging.slf4j.Slf4jLog [restartedMain] Current version of schema `meta-recomendador`: 1.0
2021-11-29 14:37:29,797 INFO org.flywaydb.core.internal.logging.slf4j.Slf4jLog [restartedMain] Schema `meta-recomendador` is up to date. No migration necessary.
2021-11-29 14:37:30,236 INFO org.springframework.boot.actuate.endpoint.web.EndpointLinksResolver [restartedMain] Exposing 1 endpoint(s) beneath base path '/actuator'
2021-11-29 14:37:30,320 INFO springfox.documentation.spring.web.PropertySourcedRequestMappingHandlerMapping [restartedMain] Mapped URL path [/v2/api-docs] onto method [springfox.documentation.swagger2.web.Swagger2Controller#getDocumentation(String, HttpServletRequest)]
2021-11-29 14:37:30,383 INFO org.springframework.boot.devtools.autoconfigure.OptionalLiveReloadServer [restartedMain] LiveReload server is running on port 35729
2021-11-29 14:37:30,552 INFO org.apache.juli.logging.DirectJDKLog [restartedMain] Starting ProtocolHandler ["http-nio-8083"]
2021-11-29 14:37:30,568 INFO org.springframework.boot.web.embedded.tomcat.TomcatWebServer [restartedMain] Tomcat started on port(s): 8083 (http) with context path '/meta-recomendador'
2021-11-29 14:37:30,568 INFO springfox.documentation.spring.web.plugins.DocumentationPluginsBootstrapper [restartedMain] Context refreshed
2021-11-29 14:37:30,599 INFO springfox.documentation.spring.web.plugins.DocumentationPluginsBootstrapper [restartedMain] Found 1 custom documentation plugin(s)
2021-11-29 14:37:30,621 INFO springfox.documentation.spring.web.scanners.ApiListingReferenceScanner [restartedMain] Scanning for api listing references
2021-11-29 14:37:30,752 INFO springfox.documentation.spring.web.readers.operation.CachingOperationNameGenerator [restartedMain] Generating unique operation named: crearUsingPOST_1
2021-11-29 14:37:30,752 INFO springfox.documentation.spring.web.readers.operation.CachingOperationNameGenerator [restartedMain] Generating unique operation named: actualizarUsingPUT_1
2021-11-29 14:37:30,752 INFO springfox.documentation.spring.web.readers.operation.CachingOperationNameGenerator [restartedMain] Generating unique operation named: crearUsingPOST_2
2021-11-29 14:37:30,768 INFO springfox.documentation.spring.web.readers.operation.CachingOperationNameGenerator [restartedMain] Generating unique operation named: listarUsingGET_1
2021-11-29 14:37:30,768 INFO springfox.documentation.spring.web.readers.operation.CachingOperationNameGenerator [restartedMain] Generating unique operation named: listarUsingGET_2
2021-11-29 14:37:30,806 INFO org.springframework.boot.StartupInfoLogger [restartedMain] Started Application in 4.787 seconds (JVM running for 5.801)
2021-11-29 14:37:35,865 INFO org.apache.juli.logging.DirectJDKLog [http-nio-8083-exec-1] Initializing Spring DispatcherServlet 'dispatcherServlet'
2021-11-29 14:37:35,866 INFO org.springframework.web.servlet.FrameworkServlet [http-nio-8083-exec-1] Initializing Servlet 'dispatcherServlet'
2021-11-29 14:37:35,869 INFO org.springframework.web.servlet.FrameworkServlet [http-nio-8083-exec-1] Completed initialization in 3 ms
2021-11-29 14:41:50,493 INFO org.springframework.boot.StartupInfoLogger [restartedMain] Starting Application using Java 11.0.12 on JUAN-HURTADO with PID 24284 (D:\Meta-Recomendador\java-arquitectura-hexagonal\microservicio\build\classes\java\main started by juan.hurtado in D:\Meta-Recomendador\java-arquitectura-hexagonal\microservicio)
2021-11-29 14:41:50,498 INFO org.springframework.boot.SpringApplication [restartedMain] No active profile set, falling back to default profiles: default
2021-11-29 14:41:50,568 INFO org.springframework.boot.logging.DeferredLog [restartedMain] Devtools property defaults active! Set 'spring.devtools.add-properties' to 'false' to disable
2021-11-29 14:41:50,568 INFO org.springframework.boot.logging.DeferredLog [restartedMain] For additional web related logging consider setting the 'logging.level.web' property to 'DEBUG'
2021-11-29 14:41:52,524 INFO com.ulisesbocchio.jasyptspringboot.configuration.EnableEncryptablePropertiesBeanFactoryPostProcessor [restartedMain] Post-processing PropertySource instances
2021-11-29 14:41:52,622 INFO com.ulisesbocchio.jasyptspringboot.EncryptablePropertySourceConverter [restartedMain] Converting PropertySource configurationProperties [org.springframework.boot.context.properties.source.ConfigurationPropertySourcesPropertySource] to AOP Proxy
2021-11-29 14:41:52,625 INFO com.ulisesbocchio.jasyptspringboot.EncryptablePropertySourceConverter [restartedMain] Converting PropertySource servletConfigInitParams [org.springframework.core.env.PropertySource$StubPropertySource] to EncryptablePropertySourceWrapper
2021-11-29 14:41:52,625 INFO com.ulisesbocchio.jasyptspringboot.EncryptablePropertySourceConverter [restartedMain] Converting PropertySource servletContextInitParams [org.springframework.core.env.PropertySource$StubPropertySource] to EncryptablePropertySourceWrapper
2021-11-29 14:41:52,626 INFO com.ulisesbocchio.jasyptspringboot.EncryptablePropertySourceConverter [restartedMain] Converting PropertySource systemProperties [org.springframework.core.env.PropertiesPropertySource] to EncryptableMapPropertySourceWrapper
2021-11-29 14:41:52,627 INFO com.ulisesbocchio.jasyptspringboot.EncryptablePropertySourceConverter [restartedMain] Converting PropertySource systemEnvironment [org.springframework.boot.env.SystemEnvironmentPropertySourceEnvironmentPostProcessor$OriginAwareSystemEnvironmentPropertySource] to EncryptableMapPropertySourceWrapper
2021-11-29 14:41:52,627 INFO com.ulisesbocchio.jasyptspringboot.EncryptablePropertySourceConverter [restartedMain] Converting PropertySource random [org.springframework.boot.env.RandomValuePropertySource] to EncryptablePropertySourceWrapper
2021-11-29 14:41:52,627 INFO com.ulisesbocchio.jasyptspringboot.EncryptablePropertySourceConverter [restartedMain] Converting PropertySource Config resource 'class path resource [application.yaml]' via location 'optional:classpath:/' [org.springframework.boot.env.OriginTrackedMapPropertySource] to EncryptableMapPropertySourceWrapper
2021-11-29 14:41:52,628 INFO com.ulisesbocchio.jasyptspringboot.EncryptablePropertySourceConverter [restartedMain] Converting PropertySource devtools [org.springframework.core.env.MapPropertySource] to EncryptableMapPropertySourceWrapper
2021-11-29 14:41:52,657 INFO com.ulisesbocchio.jasyptspringboot.filter.DefaultLazyPropertyFilter [restartedMain] Property Filter custom Bean not found with name 'encryptablePropertyFilter'. Initializing Default Property Filter
2021-11-29 14:41:52,796 INFO com.ulisesbocchio.jasyptspringboot.resolver.DefaultLazyPropertyResolver [restartedMain] Property Resolver custom Bean not found with name 'encryptablePropertyResolver'. Initializing Default Property Resolver
2021-11-29 14:41:52,798 INFO com.ulisesbocchio.jasyptspringboot.detector.DefaultLazyPropertyDetector [restartedMain] Property Detector custom Bean not found with name 'encryptablePropertyDetector'. Initializing Default Property Detector
2021-11-29 14:41:53,428 INFO org.springframework.boot.web.embedded.tomcat.TomcatWebServer [restartedMain] Tomcat initialized with port(s): 8083 (http)
2021-11-29 14:41:53,438 INFO org.apache.juli.logging.DirectJDKLog [restartedMain] Initializing ProtocolHandler ["http-nio-8083"]
2021-11-29 14:41:53,438 INFO org.apache.juli.logging.DirectJDKLog [restartedMain] Starting service [Tomcat]
2021-11-29 14:41:53,439 INFO org.apache.juli.logging.DirectJDKLog [restartedMain] Starting Servlet engine: [Apache Tomcat/9.0.50]
2021-11-29 14:41:53,551 INFO org.apache.juli.logging.DirectJDKLog [restartedMain] Initializing Spring embedded WebApplicationContext
2021-11-29 14:41:53,552 INFO org.springframework.boot.web.servlet.context.ServletWebServerApplicationContext [restartedMain] Root WebApplicationContext: initialization completed in 2978 ms
2021-11-29 14:41:53,885 INFO com.zaxxer.hikari.HikariDataSource [restartedMain] pool - Starting...
2021-11-29 14:41:53,895 WARN com.zaxxer.hikari.util.DriverDataSource [restartedMain] Registered driver with driverClassName=com.mysql.jdbc.Driver was not found, trying direct instantiation.
2021-11-29 14:41:54,084 INFO com.zaxxer.hikari.HikariDataSource [restartedMain] pool - Start completed.
2021-11-29 14:41:54,119 INFO org.flywaydb.core.internal.logging.slf4j.Slf4jLog [restartedMain] Flyway Community Edition 5.2.1 by Boxfuse
2021-11-29 14:41:54,129 INFO org.flywaydb.core.internal.logging.slf4j.Slf4jLog [restartedMain] Database: jdbc:mysql://localhost:3306/meta-recomendador (MySQL 5.5)
2021-11-29 14:41:54,244 INFO org.flywaydb.core.internal.logging.slf4j.Slf4jLog [restartedMain] Successfully validated 1 migration (execution time 00:00.026s)
2021-11-29 14:41:54,255 INFO org.flywaydb.core.internal.logging.slf4j.Slf4jLog [restartedMain] Current version of schema `meta-recomendador`: 1.0
2021-11-29 14:41:54,257 INFO org.flywaydb.core.internal.logging.slf4j.Slf4jLog [restartedMain] Schema `meta-recomendador` is up to date. No migration necessary.
2021-11-29 14:41:54,782 INFO org.springframework.boot.actuate.endpoint.web.EndpointLinksResolver [restartedMain] Exposing 1 endpoint(s) beneath base path '/actuator'
2021-11-29 14:41:54,867 INFO springfox.documentation.spring.web.PropertySourcedRequestMappingHandlerMapping [restartedMain] Mapped URL path [/v2/api-docs] onto method [springfox.documentation.swagger2.web.Swagger2Controller#getDocumentation(String, HttpServletRequest)]
2021-11-29 14:41:54,935 INFO org.springframework.boot.devtools.autoconfigure.OptionalLiveReloadServer [restartedMain] LiveReload server is running on port 35729
2021-11-29 14:41:55,108 INFO org.apache.juli.logging.DirectJDKLog [restartedMain] Starting ProtocolHandler ["http-nio-8083"]
2021-11-29 14:41:55,125 INFO org.springframework.boot.web.embedded.tomcat.TomcatWebServer [restartedMain] Tomcat started on port(s): 8083 (http) with context path '/meta-recomendador'
2021-11-29 14:41:55,127 INFO springfox.documentation.spring.web.plugins.DocumentationPluginsBootstrapper [restartedMain] Context refreshed
2021-11-29 14:41:55,143 INFO springfox.documentation.spring.web.plugins.DocumentationPluginsBootstrapper [restartedMain] Found 1 custom documentation plugin(s)
2021-11-29 14:41:55,192 INFO springfox.documentation.spring.web.scanners.ApiListingReferenceScanner [restartedMain] Scanning for api listing references
2021-11-29 14:41:55,197 INFO org.apache.juli.logging.DirectJDKLog [http-nio-8083-exec-1] Initializing Spring DispatcherServlet 'dispatcherServlet'
2021-11-29 14:41:55,199 INFO org.springframework.web.servlet.FrameworkServlet [http-nio-8083-exec-1] Initializing Servlet 'dispatcherServlet'
2021-11-29 14:41:55,204 INFO org.springframework.web.servlet.FrameworkServlet [http-nio-8083-exec-1] Completed initialization in 4 ms
2021-11-29 14:41:55,418 INFO springfox.documentation.spring.web.readers.operation.CachingOperationNameGenerator [restartedMain] Generating unique operation named: crearUsingPOST_1
2021-11-29 14:41:55,428 INFO springfox.documentation.spring.web.readers.operation.CachingOperationNameGenerator [restartedMain] Generating unique operation named: actualizarUsingPUT_1
2021-11-29 14:41:55,436 INFO springfox.documentation.spring.web.readers.operation.CachingOperationNameGenerator [restartedMain] Generating unique operation named: crearUsingPOST_2
2021-11-29 14:41:55,453 INFO springfox.documentation.spring.web.readers.operation.CachingOperationNameGenerator [restartedMain] Generating unique operation named: listarUsingGET_1
2021-11-29 14:41:55,461 INFO springfox.documentation.spring.web.readers.operation.CachingOperationNameGenerator [restartedMain] Generating unique operation named: listarUsingGET_2
2021-11-29 14:41:55,510 INFO org.springframework.boot.StartupInfoLogger [restartedMain] Started Application in 5.698 seconds (JVM running for 6.471)
